Log file open, 05/03/20 00:46:38
LogWindows: Failed to load 'aqProf.dll' (GetLastError=126)
LogWindows: File 'aqProf.dll' does not exist
LogWindows: Failed to load 'VtuneApi.dll' (GetLastError=126)
LogWindows: File 'VtuneApi.dll' does not exist
LogWindows: Failed to load 'VtuneApi32e.dll' (GetLastError=126)
LogWindows: File 'VtuneApi32e.dll' does not exist
LogConsoleResponse: Display: Failed to find resolution value strings in scalability ini. Falling back to default.
LogInit: Display: Running engine for game: RDW
LogPlatformFile: Not using cached read wrapper
LogTaskGraph: Started task graph with 5 named threads and 35 total threads with 3 sets of task threads.
LogStats: Stats thread started at 0.061353
LogD3D11RHI: Loaded GFSDK_Aftermath_Lib.x64.dll
LogICUInternationalization: ICU TimeZone Detection - Raw Offset: -5:00, Platform Override: ''
LogPluginManager: Mounting plugin Paper2D
LogPluginManager: Mounting plugin AISupport
LogPluginManager: Mounting plugin LightPropagationVolume
LogPluginManager: Mounting plugin ActorLayerUtilities
LogPluginManager: Mounting plugin AnimationSharing
LogPluginManager: Mounting plugin CLionSourceCodeAccess
LogPluginManager: Mounting plugin CodeLiteSourceCodeAccess
LogPluginManager: Mounting plugin GitSourceControl
LogPluginManager: Mounting plugin KDevelopSourceCodeAccess
LogPluginManager: Mounting plugin NullSourceCodeAccess
LogPluginManager: Mounting plugin PerforceSourceControl
LogPluginManager: Mounting plugin PlasticSourceControl
LogPluginManager: Mounting plugin SubversionSourceControl
LogPluginManager: Mounting plugin UObjectPlugin
LogPluginManager: Mounting plugin VisualStudioCodeSourceCodeAccess
LogPluginManager: Mounting plugin VisualStudioSourceCodeAccess
LogPluginManager: Mounting plugin XCodeSourceCodeAccess
LogPluginManager: Mounting plugin AssetManagerEditor
LogPluginManager: Mounting plugin CryptoKeys
LogPluginManager: Mounting plugin CurveEditorTools
LogPluginManager: Mounting plugin DataValidation
LogPluginManager: Mounting plugin FacialAnimation
LogPluginManager: Mounting plugin GameplayTagsEditor
LogPluginManager: Mounting plugin MacGraphicsSwitching
LogPluginManager: Mounting plugin MaterialAnalyzer
LogPluginManager: Mounting plugin MobileLauncherProfileWizard
LogPluginManager: Mounting plugin PluginBrowser
LogPluginManager: Mounting plugin SpeedTreeImporter
LogPluginManager: Mounting plugin DatasmithContent
LogPluginManager: Mounting plugin VariantManagerContent
LogPluginManager: Mounting plugin AlembicImporter
LogPluginManager: Mounting plugin AutomationUtils
LogPluginManager: Mounting plugin BackChannel
LogPluginManager: Mounting plugin CharacterAI
LogPluginManager: Mounting plugin GeometryCache
LogPluginManager: Mounting plugin PlatformCrypto
LogPluginManager: Mounting plugin ProxyLODPlugin
LogPluginManager: Mounting plugin SkeletalReduction
LogPluginManager: Mounting plugin MagicLeap
LogPluginManager: Mounting plugin MagicLeapMedia
LogPluginManager: Mounting plugin MLSDK
LogPluginManager: Mounting plugin AndroidMedia
LogPluginManager: Mounting plugin AvfMedia
LogPluginManager: Mounting plugin ImgMedia
LogPluginManager: Mounting plugin MediaCompositing
LogPluginManager: Mounting plugin MediaPlayerEditor
LogPluginManager: Mounting plugin WebMMedia
LogPluginManager: Mounting plugin WmfMedia
LogPluginManager: Mounting plugin TcpMessaging
LogPluginManager: Mounting plugin UdpMessaging
LogPluginManager: Mounting plugin ActorSequence
LogPluginManager: Mounting plugin LevelSequenceEditor
LogPluginManager: Mounting plugin MatineeToLevelSequence
LogPluginManager: Mounting plugin NetcodeUnitTest
LogPluginManager: Mounting plugin NUTUnrealEngine4
LogPluginManager: Mounting plugin OnlineSubsystemGooglePlay
LogPluginManager: Mounting plugin OnlineSubsystemIOS
LogPluginManager: Mounting plugin OnlineSubsystem
LogPluginManager: Mounting plugin OnlineSubsystemNull
LogPluginManager: Mounting plugin OnlineSubsystemSteam
LogPluginManager: Mounting plugin OnlineSubsystemUtils
LogPluginManager: Mounting plugin LauncherChunkInstaller
LogPluginManager: Mounting plugin AndroidDeviceProfileSelector
LogPluginManager: Mounting plugin AndroidMoviePlayer
LogPluginManager: Mounting plugin AndroidPermission
LogPluginManager: Mounting plugin AppleImageUtils
LogPluginManager: Mounting plugin AppleMoviePlayer
LogPluginManager: Mounting plugin ArchVisCharacter
LogPluginManager: Mounting plugin AssetTags
LogPluginManager: Mounting plugin AudioCapture
LogPluginManager: Mounting plugin CableComponent
LogPluginManager: Mounting plugin CustomMeshComponent
LogPluginManager: Mounting plugin EditableMesh
LogPluginManager: Mounting plugin ExampleDeviceProfileSelector
LogPluginManager: Mounting plugin GoogleCloudMessaging
LogPluginManager: Mounting plugin IOSDeviceProfileSelector
LogPluginManager: Mounting plugin LinuxDeviceProfileSelector
LogPluginManager: Mounting plugin LocationServicesBPLibrary
LogPluginManager: Mounting plugin MobilePatchingUtils
LogPluginManager: Mounting plugin OculusVR
LogPluginManager: Mounting plugin PhysXVehicles
LogPluginManager: Mounting plugin PostSplashScreen
LogPluginManager: Mounting plugin ProceduralMeshComponent
LogPluginManager: Mounting plugin RuntimePhysXCooking
LogPluginManager: Mounting plugin SignificanceManager
LogPluginManager: Mounting plugin SteamShared
LogPluginManager: Mounting plugin SteamVR
LogPluginManager: Mounting plugin WebMMoviePlayer
LogPluginManager: Mounting plugin WindowsMoviePlayer
LogPluginManager: Mounting plugin ScreenshotTools
LogPluginManager: Mounting plugin AdvancedSessions
LogPluginManager: Mounting plugin AdvancedSteamSessions
LogInit: Using libcurl 7.55.1-DEV
LogInit:  - built for x86_64-pc-win32
LogInit:  - supports SSL with OpenSSL/1.1.1
LogInit:  - supports HTTP deflate (compression) using libz 1.2.8
LogInit:  - other features:
LogInit:      CURL_VERSION_SSL
LogInit:      CURL_VERSION_LIBZ
LogInit:      CURL_VERSION_IPV6
LogInit:      CURL_VERSION_ASYNCHDNS
LogInit:      CURL_VERSION_LARGEFILE
LogInit:      CURL_VERSION_IDN
LogInit:  CurlRequestOptions (configurable via config and command line):
LogInit:  - bVerifyPeer = true  - Libcurl will verify peer certificate
LogInit:  - bUseHttpProxy = false  - Libcurl will NOT use HTTP proxy
LogInit:  - bDontReuseConnections = false  - Libcurl will reuse connections
LogInit:  - MaxHostConnections = 16  - Libcurl will limit the number of connections to a host
LogInit:  - LocalHostAddr = Default
LogInit:  - BufferSize = 65536
LogSteamShared: Display: Loading Steam SDK 1.46
LogSteamShared: Steam SDK Loaded!
LogOnline: OSS: Creating online subsystem instance for: Steam
LogOnline: Display: STEAM: OnlineSubsystemSteam::Shutdown()
LogOnline: OSS: Unable to create OnlineSubsystem module Steam
LogOnline: OSS: Creating online subsystem instance for: NULL
LogInit: WinSock: version 1.1 (2.2), MaxSocks=32767, MaxUdp=65467
LogOnline: OSS: TryLoadSubsystemAndSetDefault: Loaded subsystem for module [NULL]
LogHMD: Failed initializing OVRPlugin 1.40.0
LogInit: Build: ++UE4+Release-4.24-CL-11590370
LogInit: Engine Version: 4.24.3-11590370+++UE4+Release-4.24
LogInit: Compatible Engine Version: 4.24.0-10570792+++UE4+Release-4.24
LogInit: Net CL: 10570792
LogInit: OS: Windows 10 (Release 1903) (), CPU: Intel(R) Core(TM) i7-9750H CPU @ 2.60GHz, GPU: Intel(R) UHD Graphics 630
LogInit: Compiled (64-bit): Feb 24 2020 15:39:18
LogInit: Compiled with Visual C++: 19.16.27032.01
LogInit: Build Configuration: Development
LogInit: Branch Name: ++UE4+Release-4.24
LogInit: Command Line: 
LogInit: Base Directory: C:/Program Files/Epic Games/UE_4.24/Engine/Binaries/Win64/
LogInit: Installed Engine Build: 1
LogDevObjectVersion: Number of dev versions registered: 25
LogDevObjectVersion:   Dev-Blueprints (B0D832E4-1F89-4F0D-ACCF-7EB736FD4AA2): 10
LogDevObjectVersion:   Dev-Build (E1C64328-A22C-4D53-A36C-8E866417BD8C): 0
LogDevObjectVersion:   Dev-Core (375EC13C-06E4-48FB-B500-84F0262A717E): 3
LogDevObjectVersion:   Dev-Editor (E4B068ED-F494-42E9-A231-DA0B2E46BB41): 37
LogDevObjectVersion:   Dev-Framework (CFFC743F-43B0-4480-9391-14DF171D2073): 36
LogDevObjectVersion:   Dev-Mobile (B02B49B5-BB20-44E9-A304-32B752E40360): 2
LogDevObjectVersion:   Dev-Networking (A4E4105C-59A1-49B5-A7C5-40C4547EDFEE): 0
LogDevObjectVersion:   Dev-Online (39C831C9-5AE6-47DC-9A44-9C173E1C8E7C): 0
LogDevObjectVersion:   Dev-Physics (78F01B33-EBEA-4F98-B9B4-84EACCB95AA2): 2
LogDevObjectVersion:   Dev-Platform (6631380F-2D4D-43E0-8009-CF276956A95A): 0
LogDevObjectVersion:   Dev-Rendering (12F88B9F-8875-4AFC-A67C-D90C383ABD29): 36
LogDevObjectVersion:   Dev-Sequencer (7B5AE74C-D270-4C10-A958-57980B212A5A): 11
LogDevObjectVersion:   Dev-VR (D7296918-1DD6-4BDD-9DE2-64A83CC13884): 2
LogDevObjectVersion:   Dev-LoadTimes (C2A15278-BFE7-4AFE-6C17-90FF531DF755): 1
LogDevObjectVersion:   Private-Geometry (6EACA3D4-40EC-4CC1-B786-8BED09428FC5): 3
LogDevObjectVersion:   Dev-AnimPhys (29E575DD-E0A3-4627-9D10-D276232CDCEA): 17
LogDevObjectVersion:   Dev-Anim (AF43A65D-7FD3-4947-9873-3E8ED9C1BB05): 2
LogDevObjectVersion:   Dev-ReflectionCapture (6B266CEC-1EC7-4B8F-A30B-E4D90942FC07): 1
LogDevObjectVersion:   Dev-Automation (0DF73D61-A23F-47EA-B727-89E90C41499A): 1
LogDevObjectVersion:   FortniteMain (601D1886-AC64-4F84-AA16-D3DE0DEAC7D6): 31
LogDevObjectVersion:   Dev-Enterprise (9DFFBCD6-494F-0158-E221-12823C92A888): 8
LogDevObjectVersion:   Dev-Niagara (F2AED0AC-9AFE-416F-8664-AA7FFA26D6FC): 1
LogDevObjectVersion:   Dev-Destruction (174F1F0B-B4C6-45A5-B13F-2EE8D0FB917D): 9
LogDevObjectVersion:   Dev-Physics-Ext (35F94A83-E258-406C-A318-09F59610247C): 8
LogDevObjectVersion:   Dev-CineCamera (B2E18506-4273-CFC2-A54E-F4BB758BBA07): 1
LogInit: Presizing for max 25165824 objects, including 0 objects not considered by GC, pre-allocating 0 bytes for permanent pool.
LogInit: Object subsystem initialized
LogConfig: Setting CVar [[con.DebugEarlyDefault:1]]
LogConfig: Setting CVar [[r.setres:1280x720]]
[2020.05.03-04.46.39:412][  0]LogConfig: Setting CVar [[r.VSync:0]]
[2020.05.03-04.46.39:412][  0]LogConfig: Setting CVar [[r.RHICmdBypass:0]]
[2020.05.03-04.46.39:412][  0]LogConfig: Applying CVar settings from Section [/Script/Engine.RendererSettings] File [C:/Users/halea/Documents/Unreal Projects/590-Final-Project/590FinalProject/Saved/Config/Windows/Engine.ini]
[2020.05.03-04.46.39:412][  0]LogConfig: Setting CVar [[r.GPUCrashDebugging:0]]
[2020.05.03-04.46.39:412][  0]LogConfig: Applying CVar settings from Section [/Script/Engine.RendererOverrideSettings] File [C:/Users/halea/Documents/Unreal Projects/590-Final-Project/590FinalProject/Saved/Config/Windows/Engine.ini]
[2020.05.03-04.46.39:412][  0]LogConfig: Applying CVar settings from Section [/Script/Engine.StreamingSettings] File [C:/Users/halea/Documents/Unreal Projects/590-Final-Project/590FinalProject/Saved/Config/Windows/Engine.ini]
[2020.05.03-04.46.39:412][  0]LogConfig: Setting CVar [[s.MinBulkDataSizeForAsyncLoading:131072]]
[2020.05.03-04.46.39:412][  0]LogConfig: Setting CVar [[s.AsyncLoadingThreadEnabled:0]]
[2020.05.03-04.46.39:412][  0]LogConfig: Setting CVar [[s.EventDrivenLoaderEnabled:1]]
[2020.05.03-04.46.39:412][  0]LogConfig: Setting CVar [[s.WarnIfTimeLimitExceeded:0]]
[2020.05.03-04.46.39:412][  0]LogConfig: Setting CVar [[s.TimeLimitExceededMultiplier:1.5]]
[2020.05.03-04.46.39:412][  0]LogConfig: Setting CVar [[s.TimeLimitExceededMinTime:0.005]]
[2020.05.03-04.46.39:412][  0]LogConfig: Setting CVar [[s.UseBackgroundLevelStreaming:1]]
[2020.05.03-04.46.39:412][  0]LogConfig: Setting CVar [[s.PriorityAsyncLoadingExtraTime:15.0]]
[2020.05.03-04.46.39:412][  0]LogConfig: Setting CVar [[s.LevelStreamingActorsUpdateTimeLimit:5.0]]
[2020.05.03-04.46.39:412][  0]LogConfig: Setting CVar [[s.PriorityLevelStreamingActorsUpdateExtraTime:5.0]]
[2020.05.03-04.46.39:412][  0]LogConfig: Setting CVar [[s.LevelStreamingComponentsRegistrationGranularity:10]]
[2020.05.03-04.46.39:412][  0]LogConfig: Setting CVar [[s.UnregisterComponentsTimeLimit:1.0]]
[2020.05.03-04.46.39:412][  0]LogConfig: Setting CVar [[s.LevelStreamingComponentsUnregistrationGranularity:5]]
[2020.05.03-04.46.39:412][  0]LogConfig: Setting CVar [[s.FlushStreamingOnExit:1]]
[2020.05.03-04.46.39:412][  0]LogConfig: Applying CVar settings from Section [/Script/Engine.GarbageCollectionSettings] File [C:/Users/halea/Documents/Unreal Projects/590-Final-Project/590FinalProject/Saved/Config/Windows/Engine.ini]
[2020.05.03-04.46.39:412][  0]LogConfig: Setting CVar [[gc.MaxObjectsNotConsideredByGC:1]]
[2020.05.03-04.46.39:412][  0]LogConfig: Setting CVar [[gc.SizeOfPermanentObjectPool:0]]
[2020.05.03-04.46.39:412][  0]LogConfig: Setting CVar [[gc.FlushStreamingOnGC:0]]
[2020.05.03-04.46.39:412][  0]LogConfig: Setting CVar [[gc.NumRetriesBeforeForcingGC:10]]
[2020.05.03-04.46.39:412][  0]LogConfig: Setting CVar [[gc.AllowParallelGC:1]]
[2020.05.03-04.46.39:412][  0]LogConfig: Setting CVar [[gc.TimeBetweenPurgingPendingKillObjects:61.1]]
[2020.05.03-04.46.39:412][  0]LogConfig: Setting CVar [[gc.MaxObjectsInEditor:25165824]]
[2020.05.03-04.46.39:412][  0]LogConfig: Setting CVar [[gc.IncrementalBeginDestroyEnabled:1]]
[2020.05.03-04.46.39:412][  0]LogConfig: Setting CVar [[gc.CreateGCClusters:1]]
[2020.05.03-04.46.39:412][  0]LogConfig: Setting CVar [[gc.MinGCClusterSize:5]]
[2020.05.03-04.46.39:412][  0]LogConfig: Setting CVar [[gc.ActorClusteringEnabled:0]]
[2020.05.03-04.46.39:412][  0]LogConfig: Setting CVar [[gc.BlueprintClusteringEnabled:0]]
[2020.05.03-04.46.39:412][  0]LogConfig: Setting CVar [[gc.UseDisregardForGCOnDedicatedServers:0]]
[2020.05.03-04.46.39:412][  0]LogConfig: Applying CVar settings from Section [/Script/Engine.NetworkSettings] File [C:/Users/halea/Documents/Unreal Projects/590-Final-Project/590FinalProject/Saved/Config/Windows/Engine.ini]
[2020.05.03-04.46.39:412][  0]LogConfig: Applying CVar settings from Section [/Script/UnrealEd.CookerSettings] File [C:/Users/halea/Documents/Unreal Projects/590-Final-Project/590FinalProject/Saved/Config/Windows/Engine.ini]
[2020.05.03-04.46.39:415][  0]LogConfig: Applying CVar settings from Section [ViewDistanceQuality@3] File [C:/Users/halea/Documents/Unreal Projects/590-Final-Project/590FinalProject/Saved/Config/Windows/Scalability.ini]
[2020.05.03-04.46.39:415][  0]LogConfig: Setting CVar [[r.SkeletalMeshLODBias:0]]
[2020.05.03-04.46.39:415][  0]LogConfig: Setting CVar [[r.ViewDistanceScale:1.0]]
[2020.05.03-04.46.39:415][  0]LogConfig: Applying CVar settings from Section [AntiAliasingQuality@3] File [C:/Users/halea/Documents/Unreal Projects/590-Final-Project/590FinalProject/Saved/Config/Windows/Scalability.ini]
[2020.05.03-04.46.39:415][  0]LogConfig: Setting CVar [[r.PostProcessAAQuality:4]]
[2020.05.03-04.46.39:415][  0]LogConfig: Applying CVar settings from Section [ShadowQuality@3] File [C:/Users/halea/Documents/Unreal Projects/590-Final-Project/590FinalProject/Saved/Config/Windows/Scalability.ini]
[2020.05.03-04.46.39:415][  0]LogConfig: Setting CVar [[r.LightFunctionQuality:1]]
[2020.05.03-04.46.39:415][  0]LogConfig: Setting CVar [[r.ShadowQuality:5]]
[2020.05.03-04.46.39:415][  0]LogConfig: Setting CVar [[r.Shadow.CSM.MaxCascades:10]]
[2020.05.03-04.46.39:415][  0]LogConfig: Setting CVar [[r.Shadow.MaxResolution:2048]]
[2020.05.03-04.46.39:415][  0]LogConfig: Setting CVar [[r.Shadow.MaxCSMResolution:2048]]
[2020.05.03-04.46.39:415][  0]LogConfig: Setting CVar [[r.Shadow.RadiusThreshold:0.01]]
[2020.05.03-04.46.39:415][  0]LogConfig: Setting CVar [[r.Shadow.DistanceScale:1.0]]
[2020.05.03-04.46.39:415][  0]LogConfig: Setting CVar [[r.Shadow.CSM.TransitionScale:1.0]]
[2020.05.03-04.46.39:415][  0]LogConfig: Setting CVar [[r.Shadow.PreShadowResolutionFactor:1.0]]
[2020.05.03-04.46.39:415][  0]LogConfig: Setting CVar [[r.DistanceFieldShadowing:1]]
[2020.05.03-04.46.39:415][  0]LogConfig: Setting CVar [[r.DistanceFieldAO:1]]
[2020.05.03-04.46.39:415][  0]LogConfig: Setting CVar [[r.AOQuality:2]]
[2020.05.03-04.46.39:415][  0]LogConfig: Setting CVar [[r.VolumetricFog:1]]
[2020.05.03-04.46.39:415][  0]LogConfig: Setting CVar [[r.VolumetricFog.GridPixelSize:8]]
[2020.05.03-04.46.39:415][  0]LogConfig: Setting CVar [[r.VolumetricFog.GridSizeZ:128]]
[2020.05.03-04.46.39:415][  0]LogConfig: Setting CVar [[r.VolumetricFog.HistoryMissSupersampleCount:4]]
[2020.05.03-04.46.39:415][  0]LogConfig: Setting CVar [[r.LightMaxDrawDistanceScale:1]]
[2020.05.03-04.46.39:415][  0]LogConfig: Setting CVar [[r.CapsuleShadows:1]]
[2020.05.03-04.46.39:415][  0]LogConfig: Applying CVar settings from Section [PostProcessQuality@3] File [C:/Users/halea/Documents/Unreal Projects/590-Final-Project/590FinalProject/Saved/Config/Windows/Scalability.ini]
[2020.05.03-04.46.39:415][  0]LogConfig: Setting CVar [[r.MotionBlurQuality:4]]
[2020.05.03-04.46.39:415][  0]LogConfig: Setting CVar [[r.AmbientOcclusionMipLevelFactor:0.4]]
[2020.05.03-04.46.39:415][  0]LogConfig: Setting CVar [[r.AmbientOcclusionMaxQuality:100]]
[2020.05.03-04.46.39:415][  0]LogConfig: Setting CVar [[r.AmbientOcclusionLevels:-1]]
[2020.05.03-04.46.39:415][  0]LogConfig: Setting CVar [[r.AmbientOcclusionRadiusScale:1.0]]
[2020.05.03-04.46.39:415][  0]LogConfig: Setting CVar [[r.DepthOfFieldQuality:2]]
[2020.05.03-04.46.39:416][  0]LogConfig: Setting CVar [[r.RenderTargetPoolMin:400]]
[2020.05.03-04.46.39:416][  0]LogConfig: Setting CVar [[r.LensFlareQuality:2]]
[2020.05.03-04.46.39:416][  0]LogConfig: Setting CVar [[r.SceneColorFringeQuality:1]]
[2020.05.03-04.46.39:416][  0]LogConfig: Setting CVar [[r.EyeAdaptationQuality:2]]
[2020.05.03-04.46.39:416][  0]LogConfig: Setting CVar [[r.BloomQuality:5]]
[2020.05.03-04.46.39:416][  0]LogConfig: Setting CVar [[r.FastBlurThreshold:100]]
[2020.05.03-04.46.39:416][  0]LogConfig: Setting CVar [[r.Upscale.Quality:3]]
[2020.05.03-04.46.39:416][  0]LogConfig: Setting CVar [[r.Tonemapper.GrainQuantization:1]]
[2020.05.03-04.46.39:416][  0]LogConfig: Setting CVar [[r.LightShaftQuality:1]]
[2020.05.03-04.46.39:416][  0]LogConfig: Setting CVar [[r.Filter.SizeScale:1]]
[2020.05.03-04.46.39:416][  0]LogConfig: Setting CVar [[r.Tonemapper.Quality:5]]
[2020.05.03-04.46.39:416][  0]LogConfig: Setting CVar [[r.DOF.Gather.AccumulatorQuality:1        ; higher gathering accumulator quality]]
[2020.05.03-04.46.39:416][  0]LogConfig: Setting CVar [[r.DOF.Gather.PostfilterMethod:1          ; Median3x3 postfilering method]]
[2020.05.03-04.46.39:416][  0]LogConfig: Setting CVar [[r.DOF.Gather.EnableBokehSettings:0       ; no bokeh simulation when gathering]]
[2020.05.03-04.46.39:416][  0]LogConfig: Setting CVar [[r.DOF.Gather.RingCount:4                 ; medium number of samples when gathering]]
[2020.05.03-04.46.39:416][  0]LogConfig: Setting CVar [[r.DOF.Scatter.ForegroundCompositing:1    ; additive foreground scattering]]
[2020.05.03-04.46.39:416][  0]LogConfig: Setting CVar [[r.DOF.Scatter.BackgroundCompositing:2    ; additive background scattering]]
[2020.05.03-04.46.39:416][  0]LogConfig: Setting CVar [[r.DOF.Scatter.EnableBokehSettings:1      ; bokeh simulation when scattering]]
[2020.05.03-04.46.39:416][  0]LogConfig: Setting CVar [[r.DOF.Scatter.MaxSpriteRatio:0.1         ; only a maximum of 10% of scattered bokeh]]
[2020.05.03-04.46.39:416][  0]LogConfig: Setting CVar [[r.DOF.Recombine.Quality:1                ; cheap slight out of focus]]
[2020.05.03-04.46.39:416][  0]LogConfig: Setting CVar [[r.DOF.Recombine.EnableBokehSettings:0    ; no bokeh simulation on slight out of focus]]
[2020.05.03-04.46.39:416][  0]LogConfig: Setting CVar [[r.DOF.TemporalAAQuality:1                ; more stable temporal accumulation]]
[2020.05.03-04.46.39:416][  0]LogConfig: Setting CVar [[r.DOF.Kernel.MaxForegroundRadius:0.025]]
[2020.05.03-04.46.39:416][  0]LogConfig: Setting CVar [[r.DOF.Kernel.MaxBackgroundRadius:0.025]]
[2020.05.03-04.46.39:416][  0]LogConfig: Applying CVar settings from Section [TextureQuality@3] File [C:/Users/halea/Documents/Unreal Projects/590-Final-Project/590FinalProject/Saved/Config/Windows/Scalability.ini]
[2020.05.03-04.46.39:416][  0]LogConfig: Setting CVar [[r.Streaming.MipBias:0]]
[2020.05.03-04.46.39:416][  0]LogConfig: Setting CVar [[r.Streaming.AmortizeCPUToGPUCopy:0]]
[2020.05.03-04.46.39:416][  0]LogConfig: Setting CVar [[r.Streaming.MaxNumTexturesToStreamPerFrame:0]]
[2020.05.03-04.46.39:416][  0]LogConfig: Setting CVar [[r.Streaming.Boost:1]]
[2020.05.03-04.46.39:416][  0]LogConfig: Setting CVar [[r.MaxAnisotropy:8]]
[2020.05.03-04.46.39:416][  0]LogConfig: Setting CVar [[r.VT.MaxAnisotropy:8]]
[2020.05.03-04.46.39:416][  0]LogConfig: Setting CVar [[r.Streaming.LimitPoolSizeToVRAM:0]]
[2020.05.03-04.46.39:416][  0]LogConfig: Setting CVar [[r.Streaming.PoolSize:1000]]
[2020.05.03-04.46.39:416][  0]LogConfig: Setting CVar [[r.Streaming.MaxEffectiveScreenSize:0]]
[2020.05.03-04.46.39:416][  0]LogConfig: Applying CVar settings from Section [EffectsQuality@3] File [C:/Users/halea/Documents/Unreal Projects/590-Final-Project/590FinalProject/Saved/Config/Windows/Scalability.ini]
[2020.05.03-04.46.39:416][  0]LogConfig: Setting CVar [[r.TranslucencyLightingVolumeDim:64]]
[2020.05.03-04.46.39:416][  0]LogConfig: Setting CVar [[r.RefractionQuality:2]]
[2020.05.03-04.46.39:416][  0]LogConfig: Setting CVar [[r.SSR.Quality:3]]
[2020.05.03-04.46.39:416][  0]LogConfig: Setting CVar [[r.SSR.HalfResSceneColor:0]]
[2020.05.03-04.46.39:416][  0]LogConfig: Setting CVar [[r.SceneColorFormat:4]]
[2020.05.03-04.46.39:416][  0]LogConfig: Setting CVar [[r.DetailMode:2]]
[2020.05.03-04.46.39:416][  0]LogConfig: Setting CVar [[r.TranslucencyVolumeBlur:1]]
[2020.05.03-04.46.39:416][  0]LogConfig: Setting CVar [[r.MaterialQualityLevel:1 ; High quality]]
[2020.05.03-04.46.39:416][  0]LogConfig: Setting CVar [[r.SSS.Scale:1]]
[2020.05.03-04.46.39:416][  0]LogConfig: Setting CVar [[r.SSS.SampleSet:2]]
[2020.05.03-04.46.39:416][  0]LogConfig: Setting CVar [[r.SSS.Quality:1]]
[2020.05.03-04.46.39:416][  0]LogConfig: Setting CVar [[r.SSS.HalfRes:1]]
[2020.05.03-04.46.39:416][  0]LogConfig: Setting CVar [[r.SSGI.Quality:3]]
[2020.05.03-04.46.39:416][  0]LogConfig: Setting CVar [[r.EmitterSpawnRateScale:1.0]]
[2020.05.03-04.46.39:416][  0]LogConfig: Setting CVar [[r.ParticleLightQuality:2]]
[2020.05.03-04.46.39:416][  0]LogConfig: Setting CVar [[r.SkyAtmosphere.AerialPerspectiveLUT.FastApplyOnOpaque:1 ; Always have FastSkyLUT 1 in this case to avoid wrong sky]]
[2020.05.03-04.46.39:416][  0]LogConfig: Setting CVar [[r.SkyAtmosphere.AerialPerspectiveLUT.SampleCountPerSlice:1]]
[2020.05.03-04.46.39:416][  0]LogConfig: Setting CVar [[r.SkyAtmosphere.AerialPerspectiveLUT.DepthResolution:16.0]]
[2020.05.03-04.46.39:416][  0]LogConfig: Setting CVar [[r.SkyAtmosphere.FastSkyLUT:1]]
[2020.05.03-04.46.39:416][  0]LogConfig: Setting CVar [[r.SkyAtmosphere.FastSkyLUT.SampleCountMin:4.0]]
[2020.05.03-04.46.39:416][  0]LogConfig: Setting CVar [[r.SkyAtmosphere.FastSkyLUT.SampleCountMax:32.0]]
[2020.05.03-04.46.39:416][  0]LogConfig: Setting CVar [[r.SkyAtmosphere.SampleCountMin:4.0]]
[2020.05.03-04.46.39:416][  0]LogConfig: Setting CVar [[r.SkyAtmosphere.SampleCountMax:32.0]]
[2020.05.03-04.46.39:416][  0]LogConfig: Setting CVar [[r.SkyAtmosphere.TransmittanceLUT.UseSmallFormat:0]]
[2020.05.03-04.46.39:416][  0]LogConfig: Setting CVar [[r.SkyAtmosphere.TransmittanceLUT.SampleCount:10.0]]
[2020.05.03-04.46.39:416][  0]LogConfig: Setting CVar [[r.SkyAtmosphere.MultiScatteringLUT.SampleCount:15.0]]
[2020.05.03-04.46.39:416][  0]LogConfig: Applying CVar settings from Section [FoliageQuality@3] File [C:/Users/halea/Documents/Unreal Projects/590-Final-Project/590FinalProject/Saved/Config/Windows/Scalability.ini]
[2020.05.03-04.46.39:416][  0]LogConfig: Setting CVar [[foliage.DensityScale:1.0]]
[2020.05.03-04.46.39:416][  0]LogConfig: Setting CVar [[grass.DensityScale:1.0]]
[2020.05.03-04.46.39:416][  0]LogConfig: Applying CVar settings from Section [ShadingQuality@3] File [C:/Users/halea/Documents/Unreal Projects/590-Final-Project/590FinalProject/Saved/Config/Windows/Scalability.ini]
[2020.05.03-04.46.39:416][  0]LogConfig: Setting CVar [[r.HairStrands.SkyLighting.SampleCount:16]]
[2020.05.03-04.46.39:416][  0]LogConfig: Setting CVar [[r.HairStrands.SkyLighting.JitterIntegration:0]]
[2020.05.03-04.46.39:416][  0]LogConfig: Setting CVar [[r.HairStrands.SkyAO.SampleCount:16]]
[2020.05.03-04.46.39:416][  0]LogInit: Selected Device Profile: [Windows]
[2020.05.03-04.46.39:416][  0]LogInit: Applying CVar settings loaded from the selected device profile: [Windows]
[2020.05.03-04.46.39:419][  0]LogHAL: Display: Platform has ~ 16 GB [17073303552 / 17179869184 / 16], which maps to Larger [LargestMinGB=32, LargerMinGB=12, DefaultMinGB=8, SmallerMinGB=6, SmallestMinGB=0)
[2020.05.03-04.46.39:419][  0]LogInit: Going up to parent DeviceProfile []
[2020.05.03-04.46.39:419][  0]LogConfig: Applying CVar settings from Section [ViewDistanceQuality@3] File [C:/Users/halea/Documents/Unreal Projects/590-Final-Project/590FinalProject/Saved/Config/Windows/Scalability.ini]
[2020.05.03-04.46.39:419][  0]LogConfig: Setting CVar [[r.SkeletalMeshLODBias:0]]
[2020.05.03-04.46.39:419][  0]LogConfig: Setting CVar [[r.ViewDistanceScale:1.0]]
[2020.05.03-04.46.39:419][  0]LogConfig: Applying CVar settings from Section [AntiAliasingQuality@3] File [C:/Users/halea/Documents/Unreal Projects/590-Final-Project/590FinalProject/Saved/Config/Windows/Scalability.ini]
[2020.05.03-04.46.39:419][  0]LogConfig: Setting CVar [[r.PostProcessAAQuality:4]]
[2020.05.03-04.46.39:419][  0]LogConfig: Applying CVar settings from Section [ShadowQuality@3] File [C:/Users/halea/Documents/Unreal Projects/590-Final-Project/590FinalProject/Saved/Config/Windows/Scalability.ini]
[2020.05.03-04.46.39:419][  0]LogConfig: Setting CVar [[r.LightFunctionQuality:1]]
[2020.05.03-04.46.39:419][  0]LogConfig: Setting CVar [[r.ShadowQuality:5]]
[2020.05.03-04.46.39:419][  0]LogConfig: Setting CVar [[r.Shadow.CSM.MaxCascades:10]]
[2020.05.03-04.46.39:419][  0]LogConfig: Setting CVar [[r.Shadow.MaxResolution:2048]]
[2020.05.03-04.46.39:419][  0]LogConfig: Setting CVar [[r.Shadow.MaxCSMResolution:2048]]
[2020.05.03-04.46.39:419][  0]LogConfig: Setting CVar [[r.Shadow.RadiusThreshold:0.01]]
[2020.05.03-04.46.39:419][  0]LogConfig: Setting CVar [[r.Shadow.DistanceScale:1.0]]
[2020.05.03-04.46.39:419][  0]LogConfig: Setting CVar [[r.Shadow.CSM.TransitionScale:1.0]]
[2020.05.03-04.46.39:419][  0]LogConfig: Setting CVar [[r.Shadow.PreShadowResolutionFactor:1.0]]
[2020.05.03-04.46.39:419][  0]LogConfig: Setting CVar [[r.DistanceFieldShadowing:1]]
[2020.05.03-04.46.39:419][  0]LogConfig: Setting CVar [[r.DistanceFieldAO:1]]
[2020.05.03-04.46.39:419][  0]LogConfig: Setting CVar [[r.AOQuality:2]]
[2020.05.03-04.46.39:419][  0]LogConfig: Setting CVar [[r.VolumetricFog:1]]
[2020.05.03-04.46.39:419][  0]LogConfig: Setting CVar [[r.VolumetricFog.GridPixelSize:8]]
[2020.05.03-04.46.39:419][  0]LogConfig: Setting CVar [[r.VolumetricFog.GridSizeZ:128]]
[2020.05.03-04.46.39:419][  0]LogConfig: Setting CVar [[r.VolumetricFog.HistoryMissSupersampleCount:4]]
[2020.05.03-04.46.39:419][  0]LogConfig: Setting CVar [[r.LightMaxDrawDistanceScale:1]]
[2020.05.03-04.46.39:419][  0]LogConfig: Setting CVar [[r.CapsuleShadows:1]]
[2020.05.03-04.46.39:419][  0]LogConfig: Applying CVar settings from Section [PostProcessQuality@3] File [C:/Users/halea/Documents/Unreal Projects/590-Final-Project/590FinalProject/Saved/Config/Windows/Scalability.ini]
[2020.05.03-04.46.39:419][  0]LogConfig: Setting CVar [[r.MotionBlurQuality:4]]
[2020.05.03-04.46.39:419][  0]LogConfig: Setting CVar [[r.AmbientOcclusionMipLevelFactor:0.4]]
[2020.05.03-04.46.39:419][  0]LogConfig: Setting CVar [[r.AmbientOcclusionMaxQuality:100]]
[2020.05.03-04.46.39:419][  0]LogConfig: Setting CVar [[r.AmbientOcclusionLevels:-1]]
[2020.05.03-04.46.39:419][  0]LogConfig: Setting CVar [[r.AmbientOcclusionRadiusScale:1.0]]
[2020.05.03-04.46.39:419][  0]LogConfig: Setting CVar [[r.DepthOfFieldQuality:2]]
[2020.05.03-04.46.39:419][  0]LogConfig: Setting CVar [[r.RenderTargetPoolMin:400]]
[2020.05.03-04.46.39:419][  0]LogConfig: Setting CVar [[r.LensFlareQuality:2]]
[2020.05.03-04.46.39:419][  0]LogConfig: Setting CVar [[r.SceneColorFringeQuality:1]]
[2020.05.03-04.46.39:419][  0]LogConfig: Setting CVar [[r.EyeAdaptationQuality:2]]
[2020.05.03-04.46.39:419][  0]LogConfig: Setting CVar [[r.BloomQuality:5]]
[2020.05.03-04.46.39:419][  0]LogConfig: Setting CVar [[r.FastBlurThreshold:100]]
[2020.05.03-04.46.39:419][  0]LogConfig: Setting CVar [[r.Upscale.Quality:3]]
[2020.05.03-04.46.39:419][  0]LogConfig: Setting CVar [[r.Tonemapper.GrainQuantization:1]]
[2020.05.03-04.46.39:419][  0]LogConfig: Setting CVar [[r.LightShaftQuality:1]]
[2020.05.03-04.46.39:419][  0]LogConfig: Setting CVar [[r.Filter.SizeScale:1]]
[2020.05.03-04.46.39:419][  0]LogConfig: Setting CVar [[r.Tonemapper.Quality:5]]
[2020.05.03-04.46.39:419][  0]LogConfig: Setting CVar [[r.DOF.Gather.AccumulatorQuality:1        ; higher gathering accumulator quality]]
[2020.05.03-04.46.39:419][  0]LogConfig: Setting CVar [[r.DOF.Gather.PostfilterMethod:1          ; Median3x3 postfilering method]]
[2020.05.03-04.46.39:419][  0]LogConfig: Setting CVar [[r.DOF.Gather.EnableBokehSettings:0       ; no bokeh simulation when gathering]]
[2020.05.03-04.46.39:419][  0]LogConfig: Setting CVar [[r.DOF.Gather.RingCount:4                 ; medium number of samples when gathering]]
[2020.05.03-04.46.39:419][  0]LogConfig: Setting CVar [[r.DOF.Scatter.ForegroundCompositing:1    ; additive foreground scattering]]
[2020.05.03-04.46.39:419][  0]LogConfig: Setting CVar [[r.DOF.Scatter.BackgroundCompositing:2    ; additive background scattering]]
[2020.05.03-04.46.39:419][  0]LogConfig: Setting CVar [[r.DOF.Scatter.EnableBokehSettings:1      ; bokeh simulation when scattering]]
[2020.05.03-04.46.39:419][  0]LogConfig: Setting CVar [[r.DOF.Scatter.MaxSpriteRatio:0.1         ; only a maximum of 10% of scattered bokeh]]
[2020.05.03-04.46.39:419][  0]LogConfig: Setting CVar [[r.DOF.Recombine.Quality:1                ; cheap slight out of focus]]
[2020.05.03-04.46.39:419][  0]LogConfig: Setting CVar [[r.DOF.Recombine.EnableBokehSettings:0    ; no bokeh simulation on slight out of focus]]
[2020.05.03-04.46.39:419][  0]LogConfig: Setting CVar [[r.DOF.TemporalAAQuality:1                ; more stable temporal accumulation]]
[2020.05.03-04.46.39:419][  0]LogConfig: Setting CVar [[r.DOF.Kernel.MaxForegroundRadius:0.025]]
[2020.05.03-04.46.39:419][  0]LogConfig: Setting CVar [[r.DOF.Kernel.MaxBackgroundRadius:0.025]]
[2020.05.03-04.46.39:419][  0]LogConfig: Applying CVar settings from Section [TextureQuality@3] File [C:/Users/halea/Documents/Unreal Projects/590-Final-Project/590FinalProject/Saved/Config/Windows/Scalability.ini]
[2020.05.03-04.46.39:419][  0]LogConfig: Setting CVar [[r.Streaming.MipBias:0]]
[2020.05.03-04.46.39:419][  0]LogConfig: Setting CVar [[r.Streaming.AmortizeCPUToGPUCopy:0]]
[2020.05.03-04.46.39:419][  0]LogConfig: Setting CVar [[r.Streaming.MaxNumTexturesToStreamPerFrame:0]]
[2020.05.03-04.46.39:419][  0]LogConfig: Setting CVar [[r.Streaming.Boost:1]]
[2020.05.03-04.46.39:419][  0]LogConfig: Setting CVar [[r.MaxAnisotropy:8]]
[2020.05.03-04.46.39:419][  0]LogConfig: Setting CVar [[r.VT.MaxAnisotropy:8]]
[2020.05.03-04.46.39:419][  0]LogConfig: Setting CVar [[r.Streaming.LimitPoolSizeToVRAM:0]]
[2020.05.03-04.46.39:420][  0]LogConfig: Setting CVar [[r.Streaming.PoolSize:1000]]
[2020.05.03-04.46.39:420][  0]LogConfig: Setting CVar [[r.Streaming.MaxEffectiveScreenSize:0]]
[2020.05.03-04.46.39:420][  0]LogConfig: Applying CVar settings from Section [EffectsQuality@3] File [C:/Users/halea/Documents/Unreal Projects/590-Final-Project/590FinalProject/Saved/Config/Windows/Scalability.ini]
[2020.05.03-04.46.39:420][  0]LogConfig: Setting CVar [[r.TranslucencyLightingVolumeDim:64]]
[2020.05.03-04.46.39:420][  0]LogConfig: Setting CVar [[r.RefractionQuality:2]]
[2020.05.03-04.46.39:420][  0]LogConfig: Setting CVar [[r.SSR.Quality:3]]
[2020.05.03-04.46.39:420][  0]LogConfig: Setting CVar [[r.SSR.HalfResSceneColor:0]]
[2020.05.03-04.46.39:420][  0]LogConfig: Setting CVar [[r.SceneColorFormat:4]]
[2020.05.03-04.46.39:420][  0]LogConfig: Setting CVar [[r.DetailMode:2]]
[2020.05.03-04.46.39:420][  0]LogConfig: Setting CVar [[r.TranslucencyVolumeBlur:1]]
[2020.05.03-04.46.39:420][  0]LogConfig: Setting CVar [[r.MaterialQualityLevel:1 ; High quality]]
[2020.05.03-04.46.39:420][  0]LogConfig: Setting CVar [[r.SSS.Scale:1]]
[2020.05.03-04.46.39:420][  0]LogConfig: Setting CVar [[r.SSS.SampleSet:2]]
[2020.05.03-04.46.39:420][  0]LogConfig: Setting CVar [[r.SSS.Quality:1]]
[2020.05.03-04.46.39:420][  0]LogConfig: Setting CVar [[r.SSS.HalfRes:1]]
[2020.05.03-04.46.39:420][  0]LogConfig: Setting CVar [[r.SSGI.Quality:3]]
[2020.05.03-04.46.39:420][  0]LogConfig: Setting CVar [[r.EmitterSpawnRateScale:1.0]]
[2020.05.03-04.46.39:420][  0]LogConfig: Setting CVar [[r.ParticleLightQuality:2]]
[2020.05.03-04.46.39:420][  0]LogConfig: Setting CVar [[r.SkyAtmosphere.AerialPerspectiveLUT.FastApplyOnOpaque:1 ; Always have FastSkyLUT 1 in this case to avoid wrong sky]]
[2020.05.03-04.46.39:420][  0]LogConfig: Setting CVar [[r.SkyAtmosphere.AerialPerspectiveLUT.SampleCountPerSlice:1]]
[2020.05.03-04.46.39:420][  0]LogConfig: Setting CVar [[r.SkyAtmosphere.AerialPerspectiveLUT.DepthResolution:16.0]]
[2020.05.03-04.46.39:420][  0]LogConfig: Setting CVar [[r.SkyAtmosphere.FastSkyLUT:1]]
[2020.05.03-04.46.39:420][  0]LogConfig: Setting CVar [[r.SkyAtmosphere.FastSkyLUT.SampleCountMin:4.0]]
[2020.05.03-04.46.39:420][  0]LogConfig: Setting CVar [[r.SkyAtmosphere.FastSkyLUT.SampleCountMax:32.0]]
[2020.05.03-04.46.39:420][  0]LogConfig: Setting CVar [[r.SkyAtmosphere.SampleCountMin:4.0]]
[2020.05.03-04.46.39:420][  0]LogConfig: Setting CVar [[r.SkyAtmosphere.SampleCountMax:32.0]]
[2020.05.03-04.46.39:420][  0]LogConfig: Setting CVar [[r.SkyAtmosphere.TransmittanceLUT.UseSmallFormat:0]]
[2020.05.03-04.46.39:420][  0]LogConfig: Setting CVar [[r.SkyAtmosphere.TransmittanceLUT.SampleCount:10.0]]
[2020.05.03-04.46.39:420][  0]LogConfig: Setting CVar [[r.SkyAtmosphere.MultiScatteringLUT.SampleCount:15.0]]
[2020.05.03-04.46.39:420][  0]LogConfig: Applying CVar settings from Section [FoliageQuality@3] File [C:/Users/halea/Documents/Unreal Projects/590-Final-Project/590FinalProject/Saved/Config/Windows/Scalability.ini]
[2020.05.03-04.46.39:420][  0]LogConfig: Setting CVar [[foliage.DensityScale:1.0]]
[2020.05.03-04.46.39:420][  0]LogConfig: Setting CVar [[grass.DensityScale:1.0]]
[2020.05.03-04.46.39:420][  0]LogConfig: Applying CVar settings from Section [ShadingQuality@3] File [C:/Users/halea/Documents/Unreal Projects/590-Final-Project/590FinalProject/Saved/Config/Windows/Scalability.ini]
[2020.05.03-04.46.39:420][  0]LogConfig: Setting CVar [[r.HairStrands.SkyLighting.SampleCount:16]]
[2020.05.03-04.46.39:420][  0]LogConfig: Setting CVar [[r.HairStrands.SkyLighting.JitterIntegration:0]]
[2020.05.03-04.46.39:420][  0]LogConfig: Setting CVar [[r.HairStrands.SkyAO.SampleCount:16]]
[2020.05.03-04.46.39:420][  0]LogConfig: Applying CVar settings from Section [Startup] File [../../../Engine/Config/ConsoleVariables.ini]
[2020.05.03-04.46.39:420][  0]LogConfig: Setting CVar [[net.UseAdaptiveNetUpdateFrequency:0]]
[2020.05.03-04.46.39:420][  0]LogConfig: Setting CVar [[p.chaos.AllowCreatePhysxBodies:1]]
[2020.05.03-04.46.39:420][  0]LogConfig: Applying CVar settings from Section [ConsoleVariables] File [C:/Users/halea/Documents/Unreal Projects/590-Final-Project/590FinalProject/Saved/Config/Windows/Engine.ini]
[2020.05.03-04.46.39:420][  0]LogInit: Computer: LAPTOP-VLANIQ9Q
[2020.05.03-04.46.39:420][  0]LogInit: User: halea
[2020.05.03-04.46.39:420][  0]LogInit: CPU Page size=4096, Cores=6
[2020.05.03-04.46.39:420][  0]LogInit: High frequency timer resolution =10.000000 MHz
[2020.05.03-04.46.39:420][  0]LogMemory: Memory total: Physical=15.9GB (16GB approx)
[2020.05.03-04.46.39:420][  0]LogMemory: Platform Memory Stats for Windows
[2020.05.03-04.46.39:420][  0]LogMemory: Process Physical Memory: 110.23 MB used, 110.23 MB peak
[2020.05.03-04.46.39:420][  0]LogMemory: Process Virtual Memory: 105.43 MB used, 105.43 MB peak
[2020.05.03-04.46.39:420][  0]LogMemory: Physical Memory: 6038.61 MB used,  10243.76 MB free, 16282.37 MB total
[2020.05.03-04.46.39:421][  0]LogMemory: Virtual Memory: 5202.17 MB used,  134212528.00 MB free, 134217728.00 MB total
[2020.05.03-04.46.39:424][  0]LogWindows: WindowsPlatformFeatures enabled
[2020.05.03-04.46.39:445][  0]LogInit: Using OS detected language (en-US).
[2020.05.03-04.46.39:445][  0]LogInit: Using OS detected locale (en-US).
[2020.05.03-04.46.39:445][  0]LogTextLocalizationManager: No specific localization for 'en-US' exists, so the 'en' localization will be used.
[2020.05.03-04.46.39:584][  0]LogInit: Setting process to per monitor DPI aware
[2020.05.03-04.46.39:615][  0]LogSlate: New Slate User Created.  User Index 0, Is Virtual User: 0
[2020.05.03-04.46.39:615][  0]LogSlate: Slate User Registered.  User Index 0, Is Virtual User: 0
[2020.05.03-04.46.39:756][  0]LogHMD: Failed to initialize OpenVR with code 110
[2020.05.03-04.46.39:756][  0]LogD3D11RHI: D3D11 min allowed feature level: 11_0
[2020.05.03-04.46.39:756][  0]LogD3D11RHI: D3D11 max allowed feature level: 11_0
[2020.05.03-04.46.39:756][  0]LogD3D11RHI: D3D11 adapters:
[2020.05.03-04.46.39:818][  0]LogD3D11RHI:    0. 'NVIDIA GeForce GTX 1660 Ti' (Feature Level 11_0)
[2020.05.03-04.46.39:818][  0]LogD3D11RHI:       5991/0/8141 MB DedicatedVideo/DedicatedSystem/SharedSystem, Outputs:1, VendorId:0x10de
[2020.05.03-04.46.39:841][  0]LogD3D11RHI:    1. 'Intel(R) UHD Graphics 630' (Feature Level 11_0)
[2020.05.03-04.46.39:841][  0]LogD3D11RHI:       128/0/8141 MB DedicatedVideo/DedicatedSystem/SharedSystem, Outputs:0, VendorId:0x8086
[2020.05.03-04.46.39:843][  0]LogD3D11RHI:    2. 'Microsoft Basic Render Driver' (Feature Level 11_0)
[2020.05.03-04.46.39:843][  0]LogD3D11RHI:       0/0/8141 MB DedicatedVideo/DedicatedSystem/SharedSystem, Outputs:0, VendorId:0x1414
[2020.05.03-04.46.39:844][  0]LogD3D11RHI:    3. 'Microsoft Basic Render Driver' (Feature Level 11_0)
[2020.05.03-04.46.39:844][  0]LogD3D11RHI:       0/0/8141 MB DedicatedVideo/DedicatedSystem/SharedSystem, Outputs:0, VendorId:0x1414
[2020.05.03-04.46.39:844][  0]LogD3D11RHI: Chosen D3D11 Adapter: 0
[2020.05.03-04.46.39:881][  0]LogD3D11RHI: Creating new Direct3DDevice
[2020.05.03-04.46.39:881][  0]LogD3D11RHI:     GPU DeviceId: 0x2191 (for the marketing name, search the web for "GPU Device Id")
[2020.05.03-04.46.39:881][  0]LogWindows: EnumDisplayDevices:
[2020.05.03-04.46.39:881][  0]LogWindows:    0. 'Intel(R) UHD Graphics 630' (P:1 D:1)
[2020.05.03-04.46.39:881][  0]LogWindows:    1. 'Intel(R) UHD Graphics 630' (P:0 D:0)
[2020.05.03-04.46.39:881][  0]LogWindows:    2. 'Intel(R) UHD Graphics 630' (P:0 D:0)
[2020.05.03-04.46.39:882][  0]LogWindows:    3. 'NVIDIA GeForce GTX 1660 Ti' (P:0 D:0)
[2020.05.03-04.46.39:882][  0]LogWindows:    4. 'NVIDIA GeForce GTX 1660 Ti' (P:0 D:0)
[2020.05.03-04.46.39:882][  0]LogWindows:    5. 'NVIDIA GeForce GTX 1660 Ti' (P:0 D:0)
[2020.05.03-04.46.39:882][  0]LogWindows:    6. 'NVIDIA GeForce GTX 1660 Ti' (P:0 D:0)
[2020.05.03-04.46.39:882][  0]LogWindows:    7. 'Citrix Indirect Display Adapter' (P:0 D:0)
[2020.05.03-04.46.39:883][  0]LogWindows:    8. 'Citrix Indirect Display Adapter' (P:0 D:0)
[2020.05.03-04.46.39:883][  0]LogWindows:    9. 'Citrix Indirect Display Adapter' (P:0 D:0)
[2020.05.03-04.46.39:883][  0]LogWindows:    10. 'Citrix Indirect Display Adapter' (P:0 D:0)
[2020.05.03-04.46.39:883][  0]LogWindows:    11. 'Citrix Indirect Display Adapter' (P:0 D:0)
[2020.05.03-04.46.39:883][  0]LogWindows:    12. 'Citrix Indirect Display Adapter' (P:0 D:0)
[2020.05.03-04.46.39:883][  0]LogWindows:    13. 'Citrix Indirect Display Adapter' (P:0 D:0)
[2020.05.03-04.46.39:884][  0]LogWindows:    14. 'Citrix Indirect Display Adapter' (P:0 D:0)
[2020.05.03-04.46.39:884][  0]LogWindows: DebugString: PrimaryIsNotTheChoosenAdapter PrimaryIsNotTheChoosenAdapter PrimaryIsNotTheChoosenAdapter GetVideoDriverDetailsInvalid PrimaryIsNotTheChoosenAdapter GetVideoDriverDetailsInvalid PrimaryIsNotTheChoosenAdapter GetVideoDriverDetailsInvalid PrimaryIsNotTheChoosenAdapter GetVideoDriverDetailsInvalid PrimaryIsNotTheChoosenAdapter GetVideoDriverDetailsInvalid PrimaryIsNotTheChoosenAdapter GetVideoDriverDetailsInvalid PrimaryIsNotTheChoosenAdapter GetVideoDriverDetailsInvalid PrimaryIsNotTheChoosenAdapter GetVideoDriverDetailsInvalid PrimaryIsNotTheChoosenAdapter FoundDriverCount:4 
[2020.05.03-04.46.39:884][  0]LogD3D11RHI:     Adapter Name: NVIDIA GeForce GTX 1660 Ti
[2020.05.03-04.46.39:884][  0]LogD3D11RHI:   Driver Version: 425.45 (internal:25.21.14.2545, unified:425.45)
[2020.05.03-04.46.39:884][  0]LogD3D11RHI:      Driver Date: 4-23-2019
[2020.05.03-04.46.39:884][  0]LogRHI: Texture pool is 4193 MB (70% of 5991 MB)
[2020.05.03-04.46.39:920][  0]LogD3D11RHI: RHI has support for 64 bit atomics
[2020.05.03-04.46.39:920][  0]LogD3D11RHI: Async texture creation enabled
[2020.05.03-04.46.39:930][  0]LogD3D11RHI: GPU Timing Frequency: 1000.000000 (Debug: 2 1)
[2020.05.03-04.46.40:168][  0]LogTargetPlatformManager: Display: Loaded TargetPlatform 'AllDesktop'
[2020.05.03-04.46.40:194][  0]LogTargetPlatformManager: Display: Loaded TargetPlatform 'Android'
[2020.05.03-04.46.40:194][  0]LogTargetPlatformManager: Display: Loaded TargetPlatform 'Android_ASTC'
[2020.05.03-04.46.40:194][  0]LogTargetPlatformManager: Display: Loaded TargetPlatform 'Android_ATC'
[2020.05.03-04.46.40:195][  0]LogTargetPlatformManager: Display: Loaded TargetPlatform 'Android_DXT'
[2020.05.03-04.46.40:195][  0]LogTargetPlatformManager: Display: Loaded TargetPlatform 'Android_ETC1'
[2020.05.03-04.46.40:195][  0]LogTargetPlatformManager: Display: Loaded TargetPlatform 'Android_ETC1a'
[2020.05.03-04.46.40:195][  0]LogTargetPlatformManager: Display: Loaded TargetPlatform 'Android_ETC2'
[2020.05.03-04.46.40:195][  0]LogTargetPlatformManager: Display: Loaded TargetPlatform 'Android_PVRTC'
[2020.05.03-04.46.40:195][  0]LogTargetPlatformManager: Display: Loaded TargetPlatform 'AndroidClient'
[2020.05.03-04.46.40:195][  0]LogTargetPlatformManager: Display: Loaded TargetPlatform 'Android_ASTCClient'
[2020.05.03-04.46.40:195][  0]LogTargetPlatformManager: Display: Loaded TargetPlatform 'Android_ATCClient'
[2020.05.03-04.46.40:195][  0]LogTargetPlatformManager: Display: Loaded TargetPlatform 'Android_DXTClient'
[2020.05.03-04.46.40:195][  0]LogTargetPlatformManager: Display: Loaded TargetPlatform 'Android_ETC1Client'
[2020.05.03-04.46.40:195][  0]LogTargetPlatformManager: Display: Loaded TargetPlatform 'Android_ETC1aClient'
[2020.05.03-04.46.40:195][  0]LogTargetPlatformManager: Display: Loaded TargetPlatform 'Android_ETC2Client'
[2020.05.03-04.46.40:195][  0]LogTargetPlatformManager: Display: Loaded TargetPlatform 'Android_PVRTCClient'
[2020.05.03-04.46.40:195][  0]LogTargetPlatformManager: Display: Loaded TargetPlatform 'Android_Multi'
[2020.05.03-04.46.40:195][  0]LogTargetPlatformManager: Display: Loaded TargetPlatform 'Android_MultiClient'
[2020.05.03-04.46.40:209][  0]LogTargetPlatformManager: Display: Loaded TargetPlatform 'IOSClient'
[2020.05.03-04.46.40:209][  0]LogTargetPlatformManager: Display: Loaded TargetPlatform 'IOS'
[2020.05.03-04.46.40:215][  0]LogTargetPlatformManager: Display: Loaded TargetPlatform 'LinuxNoEditor'
[2020.05.03-04.46.40:221][  0]LogTargetPlatformManager: Display: Loaded TargetPlatform 'LinuxClient'
[2020.05.03-04.46.40:227][  0]LogTargetPlatformManager: Display: Loaded TargetPlatform 'LinuxServer'
[2020.05.03-04.46.40:233][  0]LogTargetPlatformManager: Display: Loaded TargetPlatform 'LinuxAArch64NoEditor'
[2020.05.03-04.46.40:239][  0]LogTargetPlatformManager: Display: Loaded TargetPlatform 'LinuxAArch64Client'
[2020.05.03-04.46.40:244][  0]LogTargetPlatformManager: Display: Loaded TargetPlatform 'LinuxAArch64Server'
[2020.05.03-04.46.40:264][  0]LogTargetPlatformManager: Display: Loaded TargetPlatform 'Lumin'
[2020.05.03-04.46.40:264][  0]LogTargetPlatformManager: Display: Loaded TargetPlatform 'LuminClient'
[2020.05.03-04.46.40:275][  0]LogTargetPlatformManager: Display: Loaded TargetPlatform 'TVOSClient'
[2020.05.03-04.46.40:275][  0]LogTargetPlatformManager: Display: Loaded TargetPlatform 'TVOS'
[2020.05.03-04.46.40:282][  0]LogTargetPlatformManager: Display: Loaded TargetPlatform 'WindowsNoEditor'
[2020.05.03-04.46.40:288][  0]LogTargetPlatformManager: Display: Loaded TargetPlatform 'Windows'
[2020.05.03-04.46.40:294][  0]LogTargetPlatformManager: Display: Loaded TargetPlatform 'WindowsClient'
[2020.05.03-04.46.40:300][  0]LogTargetPlatformManager: Display: Loaded TargetPlatform 'WindowsServer'
[2020.05.03-04.46.40:300][  0]LogTargetPlatformManager: Display: Building Assets For Windows
[2020.05.03-04.46.40:302][  0]LogAudioDebug: Display: Lib vorbis DLL was dynamically loaded.
[2020.05.03-04.46.40:321][  0]LogShaderCompilers: Guid format shader working directory is -44 characters bigger than the processId version (../../../../../../Users/halea/Documents/Unreal Projects/590-Final-Project/590FinalProject/Intermediate/Shaders/WorkingDirectory/17496/).
[2020.05.03-04.46.40:321][  0]LogShaderCompilers: Cleaned the shader compiler working directory 'C:/Users/halea/AppData/Local/Temp/UnrealShaderWorkingDir/BE6FE69B45A79FEDF6B6AB808BCA2248/'.
[2020.05.03-04.46.40:321][  0]LogXGEController: Cleaning working directory: C:/Users/halea/AppData/Local/Temp/UnrealXGEWorkingDir/
[2020.05.03-04.46.40:322][  0]LogXGEController: Cannot use XGE Controller as Incredibuild is not installed on this machine.
[2020.05.03-04.46.40:322][  0]LogShaderCompilers: Cannot use XGE Shader Compiler as Incredibuild is not installed on this machine.
[2020.05.03-04.46.40:322][  0]LogShaderCompilers: Display: Using Local Shader Compiler.
[2020.05.03-04.46.40:913][  0]LogDerivedDataCache: Display: Max Cache Size: 512 MB
[2020.05.03-04.46.40:960][  0]LogDerivedDataCache: Loaded boot cache 0.05s 81MB C:/Users/halea/AppData/Local/UnrealEngine/4.24/DerivedDataCache/Boot.ddc.
[2020.05.03-04.46.40:960][  0]LogDerivedDataCache: Display: Loaded Boot cache: C:/Users/halea/AppData/Local/UnrealEngine/4.24/DerivedDataCache/Boot.ddc
[2020.05.03-04.46.40:960][  0]LogDerivedDataCache: FDerivedDataBackendGraph:  Pak pak cache file ../../../../../../Users/halea/Documents/Unreal Projects/590-Final-Project/590FinalProject/DerivedDataCache/DDC.ddp not found, will not use a pak cache.
[2020.05.03-04.46.40:960][  0]LogDerivedDataCache: Unable to find inner node Pak for hierarchical cache Hierarchy.
[2020.05.03-04.46.40:960][  0]LogDerivedDataCache: FDerivedDataBackendGraph:  CompressedPak pak cache file ../../../../../../Users/halea/Documents/Unreal Projects/590-Final-Project/590FinalProject/DerivedDataCache/Compressed.ddp not found, will not use a pak cache.
[2020.05.03-04.46.40:960][  0]LogDerivedDataCache: Unable to find inner node CompressedPak for hierarchical cache Hierarchy.
[2020.05.03-04.46.40:969][  0]LogDerivedDataCache: Display: Pak cache opened for reading ../../../Engine/DerivedDataCache/Compressed.ddp.
[2020.05.03-04.46.40:969][  0]LogDerivedDataCache: FDerivedDataBackendGraph:  EnterprisePak pak cache file ../../../Enterprise/DerivedDataCache/Compressed.ddp not found, will not use a pak cache.
[2020.05.03-04.46.40:969][  0]LogDerivedDataCache: Unable to find inner node EnterprisePak for hierarchical cache Hierarchy.
[2020.05.03-04.46.40:970][  0]LogDerivedDataCache: Using Local data cache path C:/Users/halea/AppData/Local/UnrealEngine/Common/DerivedDataCache: Writable
[2020.05.03-04.46.40:970][  0]LogDerivedDataCache: Shared data cache path not found in *engine.ini, will not use an Shared cache.
[2020.05.03-04.46.40:970][  0]LogDerivedDataCache: Unable to find inner node Shared for hierarchical cache Hierarchy.
[2020.05.03-04.46.40:992][  0]LogMaterial: Verifying Global Shaders for PCD3D_SM5
[2020.05.03-04.46.40:994][  0]LogSlate: Using FreeType 2.10.0
[2020.05.03-04.46.40:995][  0]LogSlate: SlateFontServices - WITH_FREETYPE: 1, WITH_HARFBUZZ: 1
[2020.05.03-04.46.41:035][  0]LogAssetRegistry: FAssetRegistry took 0.0020 seconds to start up
[2020.05.03-04.46.41:264][  0]LogInit: Selected Device Profile: [Windows]
[2020.05.03-04.46.41:389][  0]LogMeshReduction: Using QuadricMeshReduction for automatic static mesh reduction
[2020.05.03-04.46.41:389][  0]LogMeshReduction: Using SimplygonMeshReduction for automatic skeletal mesh reduction
[2020.05.03-04.46.41:389][  0]LogMeshReduction: Using ProxyLODMeshReduction for automatic mesh merging
[2020.05.03-04.46.41:390][  0]LogMeshReduction: No distributed automatic mesh merging module available
[2020.05.03-04.46.41:390][  0]LogMeshMerging: No distributed automatic mesh merging module available
[2020.05.03-04.46.41:399][  0]LogNetVersion: RDW 1.0.0, NetCL: 10570792, EngineNetVer: 13, GameNetVer: 0 (Checksum: 778530166)
[2020.05.03-04.46.42:222][  0]LogPackageLocalizationCache: Processed 10 localized package path(s) for 1 prioritized culture(s) in 0.036006 seconds
[2020.05.03-04.46.42:228][  0]LogUObjectArray: 46759 objects as part of root set at end of initial load.
[2020.05.03-04.46.42:228][  0]LogUObjectAllocator: 8148360 out of 0 bytes used by permanent object pool.
[2020.05.03-04.46.42:228][  0]LogUObjectArray: CloseDisregardForGC: 0/0 objects in disregard for GC pool
[2020.05.03-04.46.42:536][  0]LogTcpMessaging: Initializing TcpMessaging bridge
[2020.05.03-04.46.42:538][  0]LogUdpMessaging: Initializing bridge on interface 0.0.0.0:0 to multicast group 230.0.0.1:6666.
[2020.05.03-04.46.42:584][  0]SourceControl: Source control is disabled
[2020.05.03-04.46.42:584][  0]SourceControl: Source control is disabled
[2020.05.03-04.46.42:585][  0]SourceControl: Source control is disabled
[2020.05.03-04.46.42:586][  0]SourceControl: Source control is disabled
[2020.05.03-04.46.42:586][  0]SourceControl: Source control is disabled
[2020.05.03-04.46.42:647][  0]LogAndroidPermission: UAndroidPermissionCallbackProxy::GetInstance
[2020.05.03-04.46.42:654][  0]LogAudioCaptureCore: Display: No Audio Capture implementations found. Audio input will be silent.
[2020.05.03-04.46.42:654][  0]LogAudioCaptureCore: Display: No Audio Capture implementations found. Audio input will be silent.
[2020.05.03-04.46.42:719][  0]LogOcInput: OculusInput pre-init called
[2020.05.03-04.46.43:228][  0]LogEngine: Initializing Engine...
[2020.05.03-04.46.43:229][  0]LogHMD: Failed to initialize OpenVR with code 110
[2020.05.03-04.46.43:230][  0]LogStats: UGameplayTagsManager::InitializeManager -  0.000 s
[2020.05.03-04.46.43:489][  0]LogInit: Initializing FReadOnlyCVARCache
[2020.05.03-04.46.43:494][  0]LogAIModule: Creating AISystem for world Untitled
[2020.05.03-04.46.43:555][  0]LogAudioMixer: Display: Audio Mixer Platform Settings:
[2020.05.03-04.46.43:555][  0]LogAudioMixer: Display: 	Sample Rate:						  48000
[2020.05.03-04.46.43:555][  0]LogAudioMixer: Display: 	Callback Buffer Frame Size Requested: 1024
[2020.05.03-04.46.43:555][  0]LogAudioMixer: Display: 	Callback Buffer Frame Size To Use:	  1024
[2020.05.03-04.46.43:555][  0]LogAudioMixer: Display: 	Number of buffers to queue:			  2
[2020.05.03-04.46.43:555][  0]LogAudioMixer: Display: 	Max Channels (voices):				  32
[2020.05.03-04.46.43:555][  0]LogAudioMixer: Display: 	Number of Async Source Workers:		  0
[2020.05.03-04.46.43:555][  0]LogAudio: Display: AudioDevice MaxSources: 32
[2020.05.03-04.46.43:555][  0]LogAudio: Display: Using built-in audio occlusion.
[2020.05.03-04.46.43:555][  0]LogAudioMixer: Display: Initializing audio mixer.
[2020.05.03-04.46.43:574][  0]LogAudioMixer: Display: Audio Device Output Speaker Info:
[2020.05.03-04.46.43:574][  0]LogAudioMixer: Display: Name: Speakers (Realtek(R) Audio)
[2020.05.03-04.46.43:574][  0]LogAudioMixer: Display: Is Default: Yes
[2020.05.03-04.46.43:574][  0]LogAudioMixer: Display: Sample Rate: 48000
[2020.05.03-04.46.43:574][  0]LogAudioMixer: Display: Channel Count Used: 2
[2020.05.03-04.46.43:574][  0]LogAudioMixer: Display: Device Channel Count: 2
[2020.05.03-04.46.43:574][  0]LogAudioMixer: Display: Channel Order:
[2020.05.03-04.46.43:574][  0]LogAudioMixer: Display: 0: FrontLeft
[2020.05.03-04.46.43:574][  0]LogAudioMixer: Display: 1: FrontRight
[2020.05.03-04.46.44:625][  0]LogAudioMixer: Display: Using Audio Device Speakers (Realtek(R) Audio)
[2020.05.03-04.46.44:629][  0]LogInit: FAudioDevice initialized.
[2020.05.03-04.46.44:630][  0]LogNetVersion: Set ProjectVersion to 1.0.0.0. Version Checksum will be recalculated on next use.
[2020.05.03-04.46.44:672][  0]LogDerivedDataCache: Saved boot cache 0.04s 81MB C:/Users/halea/AppData/Local/UnrealEngine/4.24/DerivedDataCache/Boot.ddc.
[2020.05.03-04.46.44:677][  0]LogInit: Texture streaming: Enabled
[2020.05.03-04.46.44:684][  0]LogEngineSessionManager: EngineSessionManager initialized
[2020.05.03-04.46.44:684][  0]LogEditorSessionSummary: Verbose: Initializing EditorSessionSummaryWriter for editor session tracking
[2020.05.03-04.46.44:685][  0]LogEditorSessionSummary: EditorSessionSummaryWriter initialized
[2020.05.03-04.46.44:724][  0]LogInit: Transaction tracking system initialized
[2020.05.03-04.46.44:732][  0]BlueprintLog: New page: Editor Load
[2020.05.03-04.46.44:754][  0]LocalizationService: Localization service is disabled
[2020.05.03-04.46.44:960][  0]LogFileCache: Scanning file cache for directory 'C:/Users/halea/Documents/Unreal Projects/590-Final-Project/590FinalProject/Content/' took 0.00s
[2020.05.03-04.46.44:960][  0]LogCook: Display: Max memory allowance for cook 16384mb min free memory 0mb
[2020.05.03-04.46.44:960][  0]LogCook: Display: Mobile HDR setting 1
[2020.05.03-04.46.45:464][  0]SourceControl: Source control is disabled
[2020.05.03-04.46.45:464][  0]Cmd: MAP LOAD FILE="../../../../../../Users/halea/Documents/Unreal Projects/590-Final-Project/590FinalProject/Content/Steam/MainMenuLevel.umap" TEMPLATE=0 SHOWPROGRESS=1 FEATURELEVEL=3
[2020.05.03-04.46.45:464][  0]LightingResults: New page: Lighting Build
[2020.05.03-04.46.45:464][  0]LogWorld: UWorld::CleanupWorld for Untitled, bSessionEnded=true, bCleanupResources=true
[2020.05.03-04.46.45:465][  0]LogSlate: InvalidateAllWidgets triggered.  All widgets were invalidated
[2020.05.03-04.46.45:465][  0]MapCheck: New page: Map Check
[2020.05.03-04.46.45:465][  0]LightingResults: New page: Lighting Build
[2020.05.03-04.46.45:493][  0]LogUObjectHash: Compacting FUObjectHashTables data took   1.41ms
[2020.05.03-04.46.45:496][  0]LogAIModule: Creating AISystem for world MainMenuLevel
[2020.05.03-04.46.45:496][  0]LogEditorServer: Finished looking for orphan Actors (0.000 secs)
[2020.05.03-04.46.45:525][  0]LogUObjectHash: Compacting FUObjectHashTables data took   0.54ms
[2020.05.03-04.46.45:525][  0]Cmd: MAP CHECKDEP NOCLEARLOG
[2020.05.03-04.46.45:526][  0]MapCheck: Map check complete: 0 Error(s), 0 Warning(s), took 0.135ms to complete.
[2020.05.03-04.46.45:526][  0]LogFileHelpers: Loading map 'MainMenuLevel' took 0.062
[2020.05.03-04.46.45:642][  0]LogSlate: Updating window title bar state: overlay mode, drag disabled, window buttons hidden, title bar hidden
[2020.05.03-04.46.45:649][  0]LogSlate: Updating window title bar state: overlay mode, drag disabled, window buttons hidden, title bar hidden
[2020.05.03-04.46.45:655][  0]LogSlate: Updating window title bar state: overlay mode, drag disabled, window buttons hidden, title bar hidden
[2020.05.03-04.46.45:660][  0]LogSlate: Updating window title bar state: overlay mode, drag disabled, window buttons hidden, title bar hidden
[2020.05.03-04.46.45:664][  0]LogCollectionManager: Loaded 0 collections in 0.001499 seconds
[2020.05.03-04.46.45:674][  0]LogFileCache: Scanning file cache for directory 'C:/Users/halea/Documents/Unreal Projects/590-Final-Project/590FinalProject/Saved/Collections/' took 0.00s
[2020.05.03-04.46.45:674][  0]LogFileCache: Scanning file cache for directory 'C:/Users/halea/Documents/Unreal Projects/590-Final-Project/590FinalProject/Content/Developers/halea/Collections/' took 0.00s
[2020.05.03-04.46.45:674][  0]LogFileCache: Scanning file cache for directory 'C:/Users/halea/Documents/Unreal Projects/590-Final-Project/590FinalProject/Content/Collections/' took 0.00s
[2020.05.03-04.46.45:674][  0]LogContentBrowser: Native class hierarchy populated in 0.0072 seconds. Added 3041 classes and 727 folders.
[2020.05.03-04.46.45:676][  0]LogContentBrowser: Native class hierarchy updated for 'WidgetCarousel' in 0.0003 seconds. Added 0 classes and 0 folders.
[2020.05.03-04.46.45:717][  0]LogContentBrowser: Native class hierarchy updated for 'AddContentDialog' in 0.0003 seconds. Added 0 classes and 0 folders.
[2020.05.03-04.46.45:722][  0]LogContentBrowser: Native class hierarchy updated for 'SceneOutliner' in 0.0003 seconds. Added 2 classes and 3 folders.
[2020.05.03-04.46.45:802][  0]LogSlate: Took 0.000170 seconds to synchronously load lazily loaded font '../../../Engine/Content/Slate/Fonts/Roboto-Regular.ttf' (155K)
[2020.05.03-04.46.45:804][  0]LogSlate: Took 0.000277 seconds to synchronously load lazily loaded font '../../../Engine/Content/Slate/Fonts/Roboto-Bold.ttf' (160K)
[2020.05.03-04.46.45:809][  0]LogSlate: Took 0.000389 seconds to synchronously load lazily loaded font '../../../Engine/Content/Editor/Slate/Fonts/FontAwesome.ttf' (139K)
[2020.05.03-04.46.45:810][  0]LogSlate: Took 0.000409 seconds to synchronously load lazily loaded font '../../../Engine/Content/Slate/Fonts/DroidSansMono.ttf' (77K)
[2020.05.03-04.46.45:903][  0]LogRenderer: Reallocating scene render targets to support 880x572 Format 10 NumSamples 1 (Frame:1).
[2020.05.03-04.46.45:962][  0]LogContentBrowser: Native class hierarchy updated for 'HierarchicalLODOutliner' in 0.0003 seconds. Added 0 classes and 0 folders.
[2020.05.03-04.46.45:962][  0]LogLoad: (Engine Initialization) Total time: 8.30 seconds
[2020.05.03-04.46.45:962][  0]LogLoad: (Engine Initialization) Total Blueprint compile time: 0.00 seconds
[2020.05.03-04.46.46:019][  0]LogAssetRegistry: Asset discovery search completed in 4.9846 seconds
[2020.05.03-04.46.46:021][  0]LogCollectionManager: Fixed up redirectors for 0 collections in 0.000007 seconds (updated 0 objects)
[2020.05.03-04.46.46:022][  0]LogContentStreaming: Texture pool size now 1000 MB
[2020.05.03-04.49.35:393][673]LogUObjectHash: Compacting FUObjectHashTables data took   0.68ms
[2020.05.03-04.49.35:445][673]LogSlate: Window 'RDW - Unreal Editor' being destroyed
[2020.05.03-04.49.35:446][673]LogWindowsTextInputMethodSystem: Display: IME system now deactivated.
[2020.05.03-04.49.35:540][674]Cmd: QUIT_EDITOR
[2020.05.03-04.49.35:540][674]LogCore: Engine exit requested (reason: UUnrealEdEngine::CloseEditor())
[2020.05.03-04.49.35:547][674]LogCore: Engine exit requested (reason: EngineExit() was called; note: exit was already requested)
[2020.05.03-04.49.35:548][674]LogAudioMixer: Display: No commands were queued while flushing the source manager.
[2020.05.03-04.49.35:570][674]LogExit: Preparing to exit.
[2020.05.03-04.49.35:768][674]LogWorld: UWorld::CleanupWorld for None, bSessionEnded=true, bCleanupResources=true
[2020.05.03-04.49.35:768][674]LogExit: Editor shut down
[2020.05.03-04.49.35:768][674]LogExit: Transaction tracking system shut down
[2020.05.03-04.49.35:769][674]LogDemo: Cleaned up 0 splitscreen connections with owner deletion
[2020.05.03-04.49.36:012][674]LogExit: Object subsystem successfully closed.
[2020.05.03-04.49.36:039][674]LogShaderCompilers: Display: Shaders left to compile 0
[2020.05.03-04.49.36:061][674]LogModuleManager: Shutting down and abandoning module HierarchicalLODOutliner (706)
[2020.05.03-04.49.36:062][674]LogModuleManager: Shutting down and abandoning module SceneOutliner (704)
[2020.05.03-04.49.36:062][674]LogModuleManager: Shutting down and abandoning module AddContentDialog (702)
[2020.05.03-04.49.36:062][674]LogModuleManager: Shutting down and abandoning module WidgetCarousel (701)
[2020.05.03-04.49.36:062][674]LogModuleManager: Shutting down and abandoning module EditorWidgets (698)
[2020.05.03-04.49.36:062][674]LogModuleManager: Shutting down and abandoning module CollectionManager (696)
[2020.05.03-04.49.36:062][674]LogModuleManager: Shutting down and abandoning module StatsViewer (694)
[2020.05.03-04.49.36:062][674]LogModuleManager: Shutting down and abandoning module VirtualTexturingEditor (692)
[2020.05.03-04.49.36:062][674]LogModuleManager: Shutting down and abandoning module FoliageEdit (690)
[2020.05.03-04.49.36:062][674]LogModuleManager: Shutting down and abandoning module LandscapeEditor (688)
[2020.05.03-04.49.36:062][674]LogModuleManager: Shutting down and abandoning module MeshPaintMode (686)
[2020.05.03-04.49.36:062][674]LogModuleManager: Shutting down and abandoning module SceneDepthPickerMode (684)
[2020.05.03-04.49.36:062][674]LogModuleManager: Shutting down and abandoning module ActorPickerMode (682)
[2020.05.03-04.49.36:062][674]LogModuleManager: Shutting down and abandoning module GeometryMode (680)
[2020.05.03-04.49.36:062][674]LogModuleManager: Shutting down and abandoning module TextureAlignMode (678)
[2020.05.03-04.49.36:062][674]LogModuleManager: Shutting down and abandoning module BspMode (676)
[2020.05.03-04.49.36:062][674]LogModuleManager: Shutting down and abandoning module PIEPreviewDeviceProfileSelector (674)
[2020.05.03-04.49.36:062][674]LogModuleManager: Shutting down and abandoning module SequenceRecorderSections (672)
[2020.05.03-04.49.36:062][674]LogModuleManager: Shutting down and abandoning module AutomationWorker (670)
[2020.05.03-04.49.36:062][674]LogModuleManager: Shutting down and abandoning module SteamVREditor (668)
[2020.05.03-04.49.36:062][674]LogModuleManager: Shutting down and abandoning module OculusMR (666)
[2020.05.03-04.49.36:062][674]LogModuleManager: Shutting down and abandoning module AudioCaptureEditor (664)
[2020.05.03-04.49.36:062][674]LogModuleManager: Shutting down and abandoning module MatineeToLevelSequence (662)
[2020.05.03-04.49.36:062][674]LogModuleManager: Shutting down and abandoning module LevelSequenceEditor (660)
[2020.05.03-04.49.36:062][674]LogModuleManager: Shutting down and abandoning module PlacementMode (659)
[2020.05.03-04.49.36:062][674]LogModuleManager: Shutting down and abandoning module MaterialEditor (658)
[2020.05.03-04.49.36:062][674]LogModuleManager: Shutting down and abandoning module ActorSequenceEditor (654)
[2020.05.03-04.49.36:062][674]LogModuleManager: Shutting down and abandoning module WmfMediaFactory (652)
[2020.05.03-04.49.36:062][674]LogModuleManager: Shutting down and abandoning module WmfMediaEditor (650)
[2020.05.03-04.49.36:063][674]LogModuleManager: Shutting down and abandoning module WebMMediaFactory (648)
[2020.05.03-04.49.36:063][674]LogModuleManager: Shutting down and abandoning module WebMMediaEditor (646)
[2020.05.03-04.49.36:063][674]LogModuleManager: Shutting down and abandoning module WebMMedia (644)
[2020.05.03-04.49.36:063][674]LogModuleManager: Shutting down and abandoning module MediaPlayerEditor (642)
[2020.05.03-04.49.36:063][674]LogModuleManager: Shutting down and abandoning module MediaCompositingEditor (640)
[2020.05.03-04.49.36:063][674]LogModuleManager: Shutting down and abandoning module SequenceRecorder (639)
[2020.05.03-04.49.36:063][674]LogModuleManager: Shutting down and abandoning module OpenExrWrapper (636)
[2020.05.03-04.49.36:063][674]LogModuleManager: Shutting down and abandoning module ImgMediaFactory (634)
[2020.05.03-04.49.36:063][674]LogModuleManager: Shutting down and abandoning module ImgMediaEditor (632)
[2020.05.03-04.49.36:063][674]LogModuleManager: Shutting down and abandoning module AvfMediaFactory (630)
[2020.05.03-04.49.36:063][674]LogModuleManager: Shutting down and abandoning module AvfMediaEditor (628)
[2020.05.03-04.49.36:063][674]LogModuleManager: Shutting down and abandoning module AndroidMediaFactory (626)
[2020.05.03-04.49.36:063][674]LogModuleManager: Shutting down and abandoning module AndroidMediaEditor (624)
[2020.05.03-04.49.36:063][674]LogModuleManager: Shutting down and abandoning module MagicLeapMediaCodecFactory (622)
[2020.05.03-04.49.36:063][674]LogModuleManager: Shutting down and abandoning module MagicLeapMediaFactory (620)
[2020.05.03-04.49.36:063][674]LogModuleManager: Shutting down and abandoning module MagicLeapMediaEditor (618)
[2020.05.03-04.49.36:063][674]LogModuleManager: Shutting down and abandoning module CharacterAI (616)
[2020.05.03-04.49.36:063][674]LogModuleManager: Shutting down and abandoning module SmartSnapping (614)
[2020.05.03-04.49.36:063][674]LogModuleManager: Shutting down and abandoning module SessionServices (612)
[2020.05.03-04.49.36:063][674]LogModuleManager: Shutting down and abandoning module MeshPaint (610)
[2020.05.03-04.49.36:063][674]LogModuleManager: Shutting down and abandoning module ViewportSnapping (608)
[2020.05.03-04.49.36:063][674]LogModuleManager: Shutting down and abandoning module ViewportInteraction (606)
[2020.05.03-04.49.36:063][674]LogModuleManager: Shutting down and abandoning module ClothPainter (604)
[2020.05.03-04.49.36:063][674]LogModuleManager: Shutting down and abandoning module SkeletalMeshEditor (603)
[2020.05.03-04.49.36:063][674]LogModuleManager: Shutting down and abandoning module LogVisualizer (600)
[2020.05.03-04.49.36:063][674]LogModuleManager: Shutting down and abandoning module IntroTutorials (598)
[2020.05.03-04.49.36:063][674]LogModuleManager: Shutting down and abandoning module GameProjectGeneration (597)
[2020.05.03-04.49.36:063][674]LogModuleManager: Shutting down and abandoning module LuminPlatformEditor (594)
[2020.05.03-04.49.36:063][674]LogModuleManager: Shutting down and abandoning module IOSPlatformEditor (592)
[2020.05.03-04.49.36:063][674]LogModuleManager: Shutting down and abandoning module AndroidPlatformEditor (590)
[2020.05.03-04.49.36:063][674]LogModuleManager: Shutting down and abandoning module AndroidDeviceDetection (589)
[2020.05.03-04.49.36:879][674]LogModuleManager: Shutting down and abandoning module WindowsPlatformEditor (586)
[2020.05.03-04.49.36:880][674]LogModuleManager: Shutting down and abandoning module LuminRuntimeSettings (584)
[2020.05.03-04.49.36:880][674]LogModuleManager: Shutting down and abandoning module IOSRuntimeSettings (582)
[2020.05.03-04.49.36:880][674]LogModuleManager: Shutting down and abandoning module AndroidRuntimeSettings (580)
[2020.05.03-04.49.36:880][674]LogModuleManager: Shutting down and abandoning module EditorInteractiveToolsFramework (578)
[2020.05.03-04.49.36:880][674]LogModuleManager: Shutting down and abandoning module TimeManagementEditor (576)
[2020.05.03-04.49.36:880][674]LogModuleManager: Shutting down and abandoning module InputBindingEditor (574)
[2020.05.03-04.49.36:880][674]LogModuleManager: Shutting down and abandoning module MergeActors (572)
[2020.05.03-04.49.36:880][674]LogModuleManager: Shutting down and abandoning module LocalizationDashboard (570)
[2020.05.03-04.49.36:880][674]LogModuleManager: Shutting down and abandoning module LocalizationService (569)
[2020.05.03-04.49.36:880][674]LogModuleManager: Shutting down and abandoning module HardwareTargeting (566)
[2020.05.03-04.49.36:880][674]LogModuleManager: Shutting down and abandoning module DeviceProfileEditor (564)
[2020.05.03-04.49.36:880][674]LogModuleManager: Shutting down and abandoning module UndoHistory (562)
[2020.05.03-04.49.36:880][674]LogModuleManager: Shutting down and abandoning module XmlParser (560)
[2020.05.03-04.49.36:880][674]LogModuleManager: Shutting down and abandoning module Blutility (558)
[2020.05.03-04.49.36:880][674]LogModuleManager: Shutting down and abandoning module ProjectSettingsViewer (556)
[2020.05.03-04.49.36:880][674]LogModuleManager: Shutting down and abandoning module ProjectTargetPlatformEditor (555)
[2020.05.03-04.49.36:880][674]LogModuleManager: Shutting down and abandoning module EditorSettingsViewer (552)
[2020.05.03-04.49.36:880][674]LogModuleManager: Shutting down and abandoning module SettingsEditor (550)
[2020.05.03-04.49.36:880][674]LogModuleManager: Shutting down and abandoning module ProjectLauncher (548)
[2020.05.03-04.49.36:880][674]LogModuleManager: Shutting down and abandoning module SessionFrontend (546)
[2020.05.03-04.49.36:880][674]LogModuleManager: Shutting down and abandoning module ProfilerClient (544)
[2020.05.03-04.49.36:881][674]LogModuleManager: Shutting down and abandoning module DeviceManager (542)
[2020.05.03-04.49.36:881][674]LogModuleManager: Shutting down and abandoning module TargetDeviceServices (541)
[2020.05.03-04.49.36:914][674]LogModuleManager: Shutting down and abandoning module AutomationController (538)
[2020.05.03-04.49.36:914][674]LogModuleManager: Shutting down and abandoning module AutomationWindow (536)
[2020.05.03-04.49.36:914][674]LogModuleManager: Shutting down and abandoning module Layers (534)
[2020.05.03-04.49.36:914][674]LogModuleManager: Shutting down and abandoning module ComponentVisualizers (532)
[2020.05.03-04.49.36:914][674]LogModuleManager: Shutting down and abandoning module DetailCustomizations (530)
[2020.05.03-04.49.36:914][674]LogModuleManager: Shutting down and abandoning module PackagesDialog (528)
[2020.05.03-04.49.36:914][674]LogModuleManager: Shutting down and abandoning module AnimationBlueprintEditor (526)
[2020.05.03-04.49.36:914][674]LogModuleManager: Shutting down and abandoning module Persona (524)
[2020.05.03-04.49.36:914][674]LogModuleManager: Shutting down and abandoning module AdvancedPreviewScene (523)
[2020.05.03-04.49.36:914][674]LogModuleManager: Shutting down and abandoning module AnimGraph (521)
[2020.05.03-04.49.36:914][674]LogModuleManager: Shutting down and abandoning module Kismet (518)
[2020.05.03-04.49.36:914][674]LogModuleManager: Shutting down and abandoning module KismetWidgets (517)
[2020.05.03-04.49.36:914][674]LogModuleManager: Shutting down and abandoning module GraphEditor (514)
[2020.05.03-04.49.36:914][674]LogModuleManager: Shutting down and abandoning module StructViewer (512)
[2020.05.03-04.49.36:914][674]LogModuleManager: Shutting down and abandoning module ClassViewer (510)
[2020.05.03-04.49.36:914][674]LogModuleManager: Shutting down and abandoning module Toolbox (508)
[2020.05.03-04.49.36:914][674]LogModuleManager: Shutting down and abandoning module ModuleUI (506)
[2020.05.03-04.49.36:914][674]LogModuleManager: Shutting down and abandoning module OutputLog (504)
[2020.05.03-04.49.36:914][674]LogModuleManager: Shutting down and abandoning module GammaUI (502)
[2020.05.03-04.49.36:914][674]LogModuleManager: Shutting down and abandoning module Documentation (500)
[2020.05.03-04.49.36:914][674]LogModuleManager: Shutting down and abandoning module ToolMenus (498)
[2020.05.03-04.49.36:914][674]LogModuleManager: Shutting down and abandoning module LiveCoding (496)
[2020.05.03-04.49.36:914][674]LogModuleManager: Shutting down and abandoning module LevelSequence (494)
[2020.05.03-04.49.36:914][674]LogModuleManager: Shutting down and abandoning module MovieSceneTracks (492)
[2020.05.03-04.49.36:914][674]LogModuleManager: Shutting down and abandoning module MovieScene (490)
[2020.05.03-04.49.36:914][674]LogModuleManager: Shutting down and abandoning module StreamingPauseRendering (488)
[2020.05.03-04.49.36:914][674]LogModuleManager: Shutting down and abandoning module LauncherPlatform (486)
[2020.05.03-04.49.36:915][674]LogModuleManager: Shutting down and abandoning module AnalyticsET (484)
[2020.05.03-04.49.36:915][674]LogModuleManager: Shutting down and abandoning module PortalServices (482)
[2020.05.03-04.49.36:915][674]LogModuleManager: Shutting down and abandoning module PortalRpc (480)
[2020.05.03-04.49.36:915][674]LogModuleManager: Shutting down and abandoning module MessagingRpc (478)
[2020.05.03-04.49.36:915][674]LogModuleManager: Shutting down and abandoning module AudioMixerXAudio2 (476)
[2020.05.03-04.49.36:915][674]LogModuleManager: Shutting down and abandoning module AIModule (474)
[2020.05.03-04.49.36:915][674]LogModuleManager: Shutting down and abandoning module GameplayDebugger (473)
[2020.05.03-04.49.36:915][674]LogModuleManager: Shutting down and abandoning module AITestSuite (471)
[2020.05.03-04.49.36:915][674]LogModuleManager: Shutting down and abandoning module NavigationSystem (469)
[2020.05.03-04.49.36:915][674]LogModuleManager: Shutting down and abandoning module ImageWriteQueue (466)
[2020.05.03-04.49.36:918][674]LogModuleManager: Shutting down and abandoning module ProfilerService (464)
[2020.05.03-04.49.37:081][674]LogModuleManager: Shutting down and abandoning module TaskGraph (462)
[2020.05.03-04.49.37:081][674]LogModuleManager: Shutting down and abandoning module ScreenshotTools (460)
[2020.05.03-04.49.37:081][674]LogModuleManager: Shutting down and abandoning module ProceduralMeshComponentEditor (458)
[2020.05.03-04.49.37:081][674]LogModuleManager: Shutting down and abandoning module ProceduralMeshComponent (456)
[2020.05.03-04.49.37:081][674]LogModuleManager: Shutting down and abandoning module OculusEditor (454)
[2020.05.03-04.49.37:081][674]LogModuleManager: Shutting down and abandoning module OculusInput (452)
[2020.05.03-04.49.37:081][674]LogModuleManager: Shutting down and abandoning module MobilePatchingUtils (450)
[2020.05.03-04.49.37:081][674]LogModuleManager: Shutting down and abandoning module EditableMesh (448)
[2020.05.03-04.49.37:081][674]LogModuleManager: Shutting down and abandoning module CustomMeshComponent (446)
[2020.05.03-04.49.37:081][674]LogModuleManager: Shutting down and abandoning module CableComponent (444)
[2020.05.03-04.49.37:081][674]LogModuleManager: Shutting down and abandoning module AudioCapture (442)
[2020.05.03-04.49.37:081][674]LogModuleManager: Shutting down and abandoning module AudioCaptureRtAudio (441)
[2020.05.03-04.49.37:081][674]LogModuleManager: Shutting down and abandoning module AssetTags (438)
[2020.05.03-04.49.37:081][674]LogModuleManager: Shutting down and abandoning module ArchVisCharacter (436)
[2020.05.03-04.49.37:081][674]LogModuleManager: Shutting down and abandoning module AppleImageUtilsBlueprintSupport (434)
[2020.05.03-04.49.37:082][674]LogModuleManager: Shutting down and abandoning module AppleImageUtils (432)
[2020.05.03-04.49.37:082][674]LogModuleManager: Shutting down and abandoning module AndroidPermission (430)
[2020.05.03-04.49.37:082][674]LogModuleManager: Shutting down and abandoning module NUTUnrealEngine4 (428)
[2020.05.03-04.49.37:082][674]LogModuleManager: Shutting down and abandoning module NetcodeUnitTest (426)
[2020.05.03-04.49.37:082][674]LogModuleManager: Shutting down and abandoning module MediaCompositing (424)
[2020.05.03-04.49.37:082][674]LogModuleManager: Shutting down and abandoning module ImgMedia (422)
[2020.05.03-04.49.37:082][674]LogModuleManager: Shutting down and abandoning module MagicLeapHelperVulkan (420)
[2020.05.03-04.49.37:082][674]LogModuleManager: Shutting down and abandoning module MagicLeapHelperOpenGL (418)
[2020.05.03-04.49.37:082][674]LogModuleManager: Shutting down and abandoning module MagicLeapAudio (416)
[2020.05.03-04.49.37:082][674]LogModuleManager: Shutting down and abandoning module GeometryCacheTracks (414)
[2020.05.03-04.49.37:082][674]LogModuleManager: Shutting down and abandoning module GeometryCacheSequencer (412)
[2020.05.03-04.49.37:082][674]LogModuleManager: Shutting down and abandoning module BackChannel (410)
[2020.05.03-04.49.37:082][674]LogModuleManager: Shutting down and abandoning module AutomationUtilsEditor (408)
[2020.05.03-04.49.37:082][674]LogModuleManager: Shutting down and abandoning module AutomationUtils (406)
[2020.05.03-04.49.37:082][674]LogModuleManager: Shutting down and abandoning module AlembicImporter (404)
[2020.05.03-04.49.37:082][674]LogModuleManager: Shutting down and abandoning module AlembicLibrary (403)
[2020.05.03-04.49.37:082][674]LogModuleManager: Shutting down and abandoning module GeometryCache (402)
[2020.05.03-04.49.37:082][674]LogModuleManager: Shutting down and abandoning module GeometryCacheEd (401)
[2020.05.03-04.49.37:082][674]LogModuleManager: Shutting down and abandoning module VariantManagerContentEditor (396)
[2020.05.03-04.49.37:082][674]LogModuleManager: Shutting down and abandoning module DatasmithContentEditor (394)
[2020.05.03-04.49.37:082][674]LogModuleManager: Shutting down and abandoning module SpeedTreeImporter (392)
[2020.05.03-04.49.37:082][674]LogModuleManager: Shutting down and abandoning module PluginBrowser (390)
[2020.05.03-04.49.37:082][674]LogModuleManager: Shutting down and abandoning module MobileLauncherProfileWizard (388)
[2020.05.03-04.49.37:082][674]LogModuleManager: Shutting down and abandoning module MaterialAnalyzer (386)
[2020.05.03-04.49.37:082][674]LogModuleManager: Shutting down and abandoning module CurveEditorTools (384)
[2020.05.03-04.49.37:082][674]LogModuleManager: Shutting down and abandoning module CryptoKeysOpenSSL (382)
[2020.05.03-04.49.37:082][674]LogModuleManager: Shutting down and abandoning module CryptoKeys (380)
[2020.05.03-04.49.37:082][674]LogModuleManager: Shutting down and abandoning module VisualStudioSourceCodeAccess (378)
[2020.05.03-04.49.37:082][674]LogModuleManager: Shutting down and abandoning module VisualStudioCodeSourceCodeAccess (376)
[2020.05.03-04.49.37:082][674]LogModuleManager: Shutting down and abandoning module UObjectPlugin (374)
[2020.05.03-04.49.37:082][674]LogModuleManager: Shutting down and abandoning module SubversionSourceControl (372)
[2020.05.03-04.49.37:082][674]LogModuleManager: Shutting down and abandoning module PlasticSourceControl (370)
[2020.05.03-04.49.37:082][674]LogModuleManager: Shutting down and abandoning module PerforceSourceControl (368)
[2020.05.03-04.49.37:082][674]LogModuleManager: Shutting down and abandoning module GitSourceControl (366)
[2020.05.03-04.49.37:082][674]LogModuleManager: Shutting down and abandoning module SourceControl (365)
[2020.05.03-04.49.37:082][674]LogModuleManager: Shutting down and abandoning module CLionSourceCodeAccess (362)
[2020.05.03-04.49.37:082][674]LogModuleManager: Shutting down and abandoning module AnimationSharingEd (360)
[2020.05.03-04.49.37:082][674]LogModuleManager: Shutting down and abandoning module ActorLayerUtilitiesEditor (358)
[2020.05.03-04.49.37:082][674]LogModuleManager: Shutting down and abandoning module ActorLayerUtilities (356)
[2020.05.03-04.49.37:082][674]LogModuleManager: Shutting down and abandoning module LightPropagationVolumeEditor (354)
[2020.05.03-04.49.37:082][674]LogModuleManager: Shutting down and abandoning module PaperTiledImporter (352)
[2020.05.03-04.49.37:082][674]LogModuleManager: Shutting down and abandoning module PaperSpriteSheetImporter (350)
[2020.05.03-04.49.37:082][674]LogModuleManager: Shutting down and abandoning module Paper2DEditor (348)
[2020.05.03-04.49.37:082][674]LogModuleManager: Shutting down and abandoning module RDW (346)
[2020.05.03-04.49.37:082][674]LogModuleManager: Shutting down and abandoning module AdvancedSteamSessions (344)
[2020.05.03-04.49.37:082][674]LogModuleManager: Shutting down and abandoning module AdvancedSessions (342)
[2020.05.03-04.49.37:082][674]LogModuleManager: Shutting down and abandoning module SignificanceManager (340)
[2020.05.03-04.49.37:082][674]LogModuleManager: Shutting down and abandoning module RuntimePhysXCooking (338)
[2020.05.03-04.49.37:083][674]LogModuleManager: Shutting down and abandoning module PhysXVehiclesEditor (336)
[2020.05.03-04.49.37:083][674]LogModuleManager: Shutting down and abandoning module LocationServicesBPLibrary (332)
[2020.05.03-04.49.37:083][674]LogModuleManager: Shutting down and abandoning module ActorSequence (330)
[2020.05.03-04.49.37:083][674]LogModuleManager: Shutting down and abandoning module UdpMessaging (328)
[2020.05.03-04.49.37:184][674]LogModuleManager: Shutting down and abandoning module TcpMessaging (326)
[2020.05.03-04.49.37:285][674]LogModuleManager: Shutting down and abandoning module MagicLeapPrivileges (324)
[2020.05.03-04.49.37:285][674]LogModuleManager: Shutting down and abandoning module MagicLeapPlanes (322)
[2020.05.03-04.49.37:285][674]LogMagicLeapPlanes: Planes tracker already destroyed.
[2020.05.03-04.49.37:285][674]LogModuleManager: Shutting down and abandoning module MagicLeapIdentity (320)
[2020.05.03-04.49.37:285][674]LogModuleManager: Shutting down and abandoning module MagicLeapSecureStorage (318)
[2020.05.03-04.49.37:285][674]LogModuleManager: Shutting down and abandoning module MagicLeapImageTracker (316)
[2020.05.03-04.49.37:285][674]LogModuleManager: Shutting down and abandoning module MagicLeapHandTracking (314)
[2020.05.03-04.49.37:285][674]LogModuleManager: Shutting down and abandoning module MagicLeapHandMeshing (312)
[2020.05.03-04.49.37:285][674]LogModuleManager: Shutting down and abandoning module MagicLeapEyeTracker (310)
[2020.05.03-04.49.37:285][674]LogModuleManager: Shutting down and abandoning module MagicLeapController (308)
[2020.05.03-04.49.37:285][674]LogSlate: Slate User Destroyed.  User Index 0, Is Virtual User: 0
[2020.05.03-04.49.37:285][674]LogModuleManager: Shutting down and abandoning module MagicLeapARPin (306)
[2020.05.03-04.49.37:285][674]LogModuleManager: Shutting down and abandoning module MagicLeapAR (304)
[2020.05.03-04.49.37:285][674]LogModuleManager: Shutting down and abandoning module AugmentedReality (303)
[2020.05.03-04.49.37:285][674]LogModuleManager: Shutting down and abandoning module GameplayTagsEditor (300)
[2020.05.03-04.49.37:285][674]LogModuleManager: Shutting down and abandoning module FacialAnimationEditor (298)
[2020.05.03-04.49.37:285][674]LogModuleManager: Shutting down and abandoning module FacialAnimation (296)
[2020.05.03-04.49.37:285][674]LogModuleManager: Shutting down and abandoning module DataValidation (294)
[2020.05.03-04.49.37:285][674]LogModuleManager: Shutting down and abandoning module AssetManagerEditor (292)
[2020.05.03-04.49.37:285][674]LogModuleManager: Shutting down and abandoning module LevelEditor (291)
[2020.05.03-04.49.37:286][674]LogModuleManager: Shutting down and abandoning module PixelInspectorModule (290)
[2020.05.03-04.49.37:286][674]LogModuleManager: Shutting down and abandoning module CommonMenuExtensions (288)
[2020.05.03-04.49.37:286][674]LogModuleManager: Shutting down and abandoning module MainFrame (286)
[2020.05.03-04.49.37:286][674]LogModuleManager: Shutting down and abandoning module HotReload (285)
[2020.05.03-04.49.37:286][674]LogModuleManager: Shutting down and abandoning module ContentBrowser (281)
[2020.05.03-04.49.37:287][674]LogModuleManager: Shutting down and abandoning module TreeMap (279)
[2020.05.03-04.49.37:287][674]LogModuleManager: Shutting down and abandoning module AnimationSharing (276)
[2020.05.03-04.49.37:287][674]LogModuleManager: Shutting down and abandoning module LightPropagationVolumeRuntime (274)
[2020.05.03-04.49.37:287][674]LogModuleManager: Shutting down and abandoning module Paper2D (272)
[2020.05.03-04.49.37:287][674]LogModuleManager: Shutting down and abandoning module WindowsMoviePlayer (270)
[2020.05.03-04.49.37:289][674]LogModuleManager: Shutting down and abandoning module WebMMoviePlayer (268)
[2020.05.03-04.49.37:289][674]LogModuleManager: Shutting down and abandoning module NetworkReplayStreaming (266)
[2020.05.03-04.49.37:289][674]LogModuleManager: Shutting down and abandoning module PacketHandler (264)
[2020.05.03-04.49.37:289][674]LogModuleManager: Shutting down and abandoning module ClothingSystemEditor (262)
[2020.05.03-04.49.37:289][674]LogModuleManager: Shutting down and abandoning module ClothingSystemRuntimeNv (260)
[2020.05.03-04.49.37:289][674]LogModuleManager: Shutting down and abandoning module MediaAssets (258)
[2020.05.03-04.49.37:289][674]LogModuleManager: Shutting down and abandoning module Overlay (256)
[2020.05.03-04.49.37:289][674]LogModuleManager: Shutting down and abandoning module OverlayEditor (255)
[2020.05.03-04.49.37:289][674]LogModuleManager: Shutting down and abandoning module VREditor (252)
[2020.05.03-04.49.37:289][674]LogModuleManager: Shutting down and abandoning module StringTableEditor (250)
[2020.05.03-04.49.37:289][674]LogModuleManager: Shutting down and abandoning module GameplayTasksEditor (248)
[2020.05.03-04.49.37:289][674]LogModuleManager: Shutting down and abandoning module BehaviorTreeEditor (246)
[2020.05.03-04.49.37:289][674]LogModuleManager: Shutting down and abandoning module FunctionalTesting (244)
[2020.05.03-04.49.37:289][674]LogModuleManager: Shutting down and abandoning module CollisionAnalyzer (242)
[2020.05.03-04.49.37:289][674]LogModuleManager: Shutting down and abandoning module WorkspaceMenuStructure (241)
[2020.05.03-04.49.37:289][674]LogModuleManager: Shutting down and abandoning module UMG (238)
[2020.05.03-04.49.37:289][674]LogModuleManager: Shutting down and abandoning module UMGEditor (237)
[2020.05.03-04.49.37:289][674]LogModuleManager: Shutting down and abandoning module MessageLog (235)
[2020.05.03-04.49.37:289][674]LogModuleManager: Shutting down and abandoning module SlateReflector (230)
[2020.05.03-04.49.37:289][674]LogModuleManager: Shutting down and abandoning module Slate (228)
[2020.05.03-04.49.37:289][674]LogModuleManager: Shutting down and abandoning module SlateCore (226)
[2020.05.03-04.49.37:289][674]LogModuleManager: Shutting down and abandoning module LandscapeEditorUtilities (224)
[2020.05.03-04.49.37:289][674]LogModuleManager: Shutting down and abandoning module UnrealEd (222)
[2020.05.03-04.49.37:289][674]LogModuleManager: Shutting down and abandoning module MRMesh (220)
[2020.05.03-04.49.37:289][674]LogModuleManager: Shutting down and abandoning module SourceCodeAccess (218)
[2020.05.03-04.49.37:290][674]LogModuleManager: Shutting down and abandoning module HeadMountedDisplay (216)
[2020.05.03-04.49.37:290][674]LogModuleManager: Shutting down and abandoning module XAudio2 (214)
[2020.05.03-04.49.37:290][674]LogModuleManager: Shutting down and abandoning module Networking (212)
[2020.05.03-04.49.37:290][674]LogModuleManager: Shutting down and abandoning module Core (210)
[2020.05.03-04.49.37:290][674]LogModuleManager: Shutting down and abandoning module MovieSceneTools (208)
[2020.05.03-04.49.37:290][674]LogModuleManager: Shutting down and abandoning module CurveEditor (207)
[2020.05.03-04.49.37:290][674]LogModuleManager: Shutting down and abandoning module Sequencer (205)
[2020.05.03-04.49.37:290][674]LogModuleManager: Shutting down and abandoning module EditorStyle (204)
[2020.05.03-04.49.37:291][674]LogModuleManager: Shutting down and abandoning module KismetCompiler (200)
[2020.05.03-04.49.37:291][674]LogModuleManager: Shutting down and abandoning module MeshUtilities (198)
[2020.05.03-04.49.37:291][674]LogModuleManager: Shutting down and abandoning module MeshMergeUtilities (197)
[2020.05.03-04.49.37:291][674]LogModuleManager: Shutting down and abandoning module MeshReductionInterface (196)
[2020.05.03-04.49.37:291][674]LogModuleManager: Shutting down and abandoning module MeshBoneReduction (195)
[2020.05.03-04.49.37:291][674]LogModuleManager: Shutting down and abandoning module SkeletalMeshReduction (193)
[2020.05.03-04.49.37:291][674]LogModuleManager: Shutting down and abandoning module ProxyLODMeshReduction (191)
[2020.05.03-04.49.37:291][674]LogModuleManager: Shutting down and abandoning module QuadricMeshReduction (189)
[2020.05.03-04.49.37:291][674]LogModuleManager: Shutting down and abandoning module MaterialBaking (185)
[2020.05.03-04.49.37:291][674]LogModuleManager: Shutting down and abandoning module NullInstallBundleManager (180)
[2020.05.03-04.49.37:291][674]LogModuleManager: Shutting down and abandoning module DerivedDataCache (178)
[2020.05.03-04.49.37:291][674]LogDerivedDataCache: Shutdown
[2020.05.03-04.49.37:291][674]LogModuleManager: Shutting down and abandoning module XGEController (176)
[2020.05.03-04.49.37:291][674]LogXGEController: Cleaning working directory: C:/Users/halea/AppData/Local/Temp/UnrealXGEWorkingDir/
[2020.05.03-04.49.37:291][674]LogModuleManager: Shutting down and abandoning module TargetPlatform (174)
[2020.05.03-04.49.37:291][674]LogModuleManager: Shutting down and abandoning module VulkanShaderFormat (173)
[2020.05.03-04.49.37:291][674]LogModuleManager: Shutting down and abandoning module ShaderFormatVectorVM (171)
[2020.05.03-04.49.37:291][674]LogModuleManager: Shutting down and abandoning module ShaderFormatOpenGL (169)
[2020.05.03-04.49.37:291][674]LogModuleManager: Shutting down and abandoning module ShaderFormatD3D (167)
[2020.05.03-04.49.37:291][674]LogModuleManager: Shutting down and abandoning module MetalShaderFormat (165)
[2020.05.03-04.49.37:291][674]LogModuleManager: Shutting down and abandoning module TextureFormatUncompressed (163)
[2020.05.03-04.49.37:291][674]LogModuleManager: Shutting down and abandoning module TextureFormatPVR (161)
[2020.05.03-04.49.37:291][674]LogModuleManager: Shutting down and abandoning module TextureFormatDXT (159)
[2020.05.03-04.49.37:291][674]LogModuleManager: Shutting down and abandoning module TextureFormatIntelISPCTexComp (157)
[2020.05.03-04.49.37:291][674]LogModuleManager: Shutting down and abandoning module TextureFormatASTC (155)
[2020.05.03-04.49.37:291][674]LogModuleManager: Shutting down and abandoning module ImageWrapper (154)
[2020.05.03-04.49.37:291][674]LogModuleManager: Shutting down and abandoning module TextureFormatAndroid (151)
[2020.05.03-04.49.37:291][674]LogModuleManager: Shutting down and abandoning module AudioFormatOpus (149)
[2020.05.03-04.49.37:291][674]LogModuleManager: Shutting down and abandoning module AudioFormatOgg (147)
[2020.05.03-04.49.37:291][674]LogModuleManager: Shutting down and abandoning module AudioFormatADPCM (145)
[2020.05.03-04.49.37:291][674]LogModuleManager: Shutting down and abandoning module WindowsServerTargetPlatform (143)
[2020.05.03-04.49.37:291][674]LogModuleManager: Shutting down and abandoning module WindowsClientTargetPlatform (141)
[2020.05.03-04.49.37:292][674]LogModuleManager: Shutting down and abandoning module WindowsTargetPlatform (139)
[2020.05.03-04.49.37:292][674]LogModuleManager: Shutting down and abandoning module WindowsNoEditorTargetPlatform (137)
[2020.05.03-04.49.37:292][674]LogModuleManager: Shutting down and abandoning module TVOSTargetPlatform (135)
[2020.05.03-04.49.37:292][674]LogModuleManager: Shutting down and abandoning module LuminTargetPlatform (133)
[2020.05.03-04.49.37:293][674]LogModuleManager: Shutting down and abandoning module LinuxAArch64ServerTargetPlatform (131)
[2020.05.03-04.49.37:293][674]LogModuleManager: Shutting down and abandoning module LinuxAArch64ClientTargetPlatform (129)
[2020.05.03-04.49.37:293][674]LogModuleManager: Shutting down and abandoning module LinuxAArch64NoEditorTargetPlatform (127)
[2020.05.03-04.49.37:293][674]LogModuleManager: Shutting down and abandoning module LinuxServerTargetPlatform (125)
[2020.05.03-04.49.37:293][674]LogModuleManager: Shutting down and abandoning module LinuxClientTargetPlatform (123)
[2020.05.03-04.49.37:293][674]LogModuleManager: Shutting down and abandoning module LinuxNoEditorTargetPlatform (121)
[2020.05.03-04.49.37:293][674]LogModuleManager: Shutting down and abandoning module Messaging (119)
[2020.05.03-04.49.37:293][674]LogModuleManager: Shutting down and abandoning module IOSTargetPlatform (117)
[2020.05.03-04.49.37:294][674]LogModuleManager: Shutting down and abandoning module AndroidTargetPlatform (115)
[2020.05.03-04.49.37:299][674]LogModuleManager: Shutting down and abandoning module AllDesktopTargetPlatform (113)
[2020.05.03-04.49.37:299][674]LogModuleManager: Shutting down and abandoning module InputCore (110)
[2020.05.03-04.49.37:299][674]LogModuleManager: Shutting down and abandoning module Settings (108)
[2020.05.03-04.49.37:299][674]LogModuleManager: Shutting down and abandoning module DirectoryWatcher (106)
[2020.05.03-04.49.37:299][674]LogModuleManager: Shutting down and abandoning module PhysXCooking (104)
[2020.05.03-04.49.37:299][674]LogModuleManager: Shutting down and abandoning module ChaosSolvers (102)
[2020.05.03-04.49.37:299][674]LogModuleManager: Shutting down and abandoning module FieldSystemEngine (101)
[2020.05.03-04.49.37:299][674]LogModuleManager: Shutting down and abandoning module Chaos (98)
[2020.05.03-04.49.37:299][674]LogModuleManager: Shutting down and abandoning module WindowsPlatformFeatures (96)
[2020.05.03-04.49.37:299][674]LogModuleManager: Shutting down and abandoning module GameplayMediaEncoder (95)
[2020.05.03-04.49.37:299][674]LogModuleManager: Shutting down and abandoning module SteamVRInputDevice (92)
[2020.05.03-04.49.37:299][674]LogModuleManager: Shutting down and abandoning module SteamVRInput (90)
[2020.05.03-04.49.37:299][674]LogModuleManager: Shutting down and abandoning module SteamVR (88)
[2020.05.03-04.49.37:299][674]LogHMD: Freeing OpenVRDLLHandle.
[2020.05.03-04.49.37:299][674]LogModuleManager: Shutting down and abandoning module OculusHMD (86)
[2020.05.03-04.49.37:299][674]LogModuleManager: Shutting down and abandoning module ExampleDeviceProfileSelector (84)
[2020.05.03-04.49.37:299][674]LogModuleManager: Shutting down and abandoning module LauncherChunkInstaller (82)
[2020.05.03-04.49.37:299][674]LogModuleManager: Shutting down and abandoning module OnlineBlueprintSupport (80)
[2020.05.03-04.49.37:299][674]LogModuleManager: Shutting down and abandoning module OnlineSubsystem (76)
[2020.05.03-04.49.37:300][674]LogModuleManager: Shutting down and abandoning module SteamShared (70)
[2020.05.03-04.49.37:300][674]LogSteamShared: Freeing the Steam Loaded Modules...
[2020.05.03-04.49.37:300][674]LogModuleManager: Shutting down and abandoning module XMPP (67)
[2020.05.03-04.49.37:300][674]LogModuleManager: Shutting down and abandoning module WebSockets (66)
[2020.05.03-04.49.37:315][674]LogModuleManager: Shutting down and abandoning module HTTP (63)
[2020.05.03-04.49.37:315][674]LogHttp: Display: Http module shutting down, but needs to wait on 1 outstanding Http requests:
[2020.05.03-04.49.37:315][674]LogHttp: Display: 	verb=[POST] url=[https://datarouter.ol.epicgames.com/datarouter/api/v1/public/data?SessionID=%7B216D8D80-4ECF-87D8-C23B-4A86AEBD6E4E%7D&AppID=UEEditor.Rocket.Release&AppVersion=4.24.3-11590370%2B%2B%2BUE4%2BRelease-4.24&UserID=002dcf1e42a87836d445c8add350ec75%7C824a2207c45345b59bb31f9d17505ad9%7C9b6400d3-54d8-4c2d-b94d-2c2529d296b2&AppEnvironment=datacollector-binary&UploadType=eteventstream] refs=[1] status=Processing
[2020.05.03-04.49.37:338][674]LogModuleManager: Shutting down and abandoning module SSL (62)
[2020.05.03-04.49.37:339][674]LogModuleManager: Shutting down and abandoning module WmfMedia (58)
[2020.05.03-04.49.37:340][674]LogModuleManager: Shutting down and abandoning module Media (57)
[2020.05.03-04.49.37:341][674]LogModuleManager: Shutting down and abandoning module MagicLeap (54)
[2020.05.03-04.49.37:341][674]LogModuleManager: Shutting down and abandoning module VariantManagerContent (52)
[2020.05.03-04.49.37:341][674]LogModuleManager: Shutting down and abandoning module DatasmithContent (50)
[2020.05.03-04.49.37:341][674]LogModuleManager: Shutting down and abandoning module AISupportModule (48)
[2020.05.03-04.49.37:341][674]LogModuleManager: Shutting down and abandoning module DesktopPlatform (46)
[2020.05.03-04.49.37:341][674]LogModuleManager: Shutting down and abandoning module PlatformCryptoOpenSSL (44)
[2020.05.03-04.49.37:341][674]LogModuleManager: Shutting down and abandoning module PlatformCryptoTypes (42)
[2020.05.03-04.49.37:341][674]LogModuleManager: Shutting down and abandoning module PlatformCrypto (40)
[2020.05.03-04.49.37:341][674]LogModuleManager: Shutting down and abandoning module AnimationModifiers (38)
[2020.05.03-04.49.37:341][674]LogModuleManager: Shutting down and abandoning module PropertyEditor (37)
[2020.05.03-04.49.37:341][674]LogModuleManager: Shutting down and abandoning module AudioEditor (34)
[2020.05.03-04.49.37:341][674]LogModuleManager: Shutting down and abandoning module TextureCompressor (32)
[2020.05.03-04.49.37:341][674]LogModuleManager: Shutting down and abandoning module RenderCore (30)
[2020.05.03-04.49.37:341][674]LogModuleManager: Shutting down and abandoning module Landscape (28)
[2020.05.03-04.49.37:341][674]LogModuleManager: Shutting down and abandoning module SlateRHIRenderer (26)
[2020.05.03-04.49.37:343][674]LogModuleManager: Shutting down and abandoning module OpenGLDrv (24)
[2020.05.03-04.49.37:343][674]LogModuleManager: Shutting down and abandoning module D3D11RHI (22)
[2020.05.03-04.49.37:343][674]LogModuleManager: Shutting down and abandoning module AnimGraphRuntime (20)
[2020.05.03-04.49.37:343][674]LogModuleManager: Shutting down and abandoning module Renderer (18)
[2020.05.03-04.49.37:343][674]LogModuleManager: Shutting down and abandoning module Engine (16)
[2020.05.03-04.49.37:343][674]LogModuleManager: Shutting down and abandoning module CoreUObject (14)
[2020.05.03-04.49.37:343][674]LogModuleManager: Shutting down and abandoning module NetworkFile (12)
[2020.05.03-04.49.37:343][674]LogModuleManager: Shutting down and abandoning module CookedIterativeFile (10)
[2020.05.03-04.49.37:343][674]LogModuleManager: Shutting down and abandoning module StreamingFile (8)
[2020.05.03-04.49.37:343][674]LogModuleManager: Shutting down and abandoning module SandboxFile (6)
[2020.05.03-04.49.37:343][674]LogModuleManager: Shutting down and abandoning module PakFile (4)
[2020.05.03-04.49.37:343][674]LogModuleManager: Shutting down and abandoning module RSA (3)
[2020.05.03-04.49.37:343][674]LogD3D11RHI: Shutdown
[2020.05.03-04.49.37:343][674]LogD3D11RHI: CleanupD3DDevice
[2020.05.03-04.49.37:356][674]LogExit: Exiting.
[2020.05.03-04.49.37:366][674]Log file closed, 05/03/20 00:49:37
