Log file open, 05/05/20 22:29:37
LogWindows: Failed to load 'aqProf.dll' (GetLastError=126)
LogWindows: File 'aqProf.dll' does not exist
LogWindows: Failed to load 'VtuneApi.dll' (GetLastError=126)
LogWindows: File 'VtuneApi.dll' does not exist
LogWindows: Failed to load 'VtuneApi32e.dll' (GetLastError=126)
LogWindows: File 'VtuneApi32e.dll' does not exist
LogConsoleResponse: Display: Failed to find resolution value strings in scalability ini. Falling back to default.
LogInit: Display: Running engine for game: RDW
LogPlatformFile: Not using cached read wrapper
LogTaskGraph: Started task graph with 5 named threads and 47 total threads with 3 sets of task threads.
LogStats: Stats thread started at 0.150933
LogD3D11RHI: Loaded GFSDK_Aftermath_Lib.x64.dll
LogICUInternationalization: ICU TimeZone Detection - Raw Offset: -5:00, Platform Override: ''
LogPluginManager: Mounting plugin Paper2D
LogPluginManager: Mounting plugin AISupport
LogPluginManager: Mounting plugin LightPropagationVolume
LogPluginManager: Mounting plugin ActorLayerUtilities
LogPluginManager: Mounting plugin AnimationSharing
LogPluginManager: Mounting plugin CLionSourceCodeAccess
LogPluginManager: Mounting plugin CodeLiteSourceCodeAccess
LogPluginManager: Mounting plugin GitSourceControl
LogPluginManager: Mounting plugin KDevelopSourceCodeAccess
LogPluginManager: Mounting plugin NullSourceCodeAccess
LogPluginManager: Mounting plugin PerforceSourceControl
LogPluginManager: Mounting plugin PlasticSourceControl
LogPluginManager: Mounting plugin SubversionSourceControl
LogPluginManager: Mounting plugin UObjectPlugin
LogPluginManager: Mounting plugin VisualStudioCodeSourceCodeAccess
LogPluginManager: Mounting plugin VisualStudioSourceCodeAccess
LogPluginManager: Mounting plugin XCodeSourceCodeAccess
LogPluginManager: Mounting plugin AssetManagerEditor
LogPluginManager: Mounting plugin CryptoKeys
LogPluginManager: Mounting plugin CurveEditorTools
LogPluginManager: Mounting plugin DataValidation
LogPluginManager: Mounting plugin FacialAnimation
LogPluginManager: Mounting plugin GameplayTagsEditor
LogPluginManager: Mounting plugin MacGraphicsSwitching
LogPluginManager: Mounting plugin MaterialAnalyzer
LogPluginManager: Mounting plugin MobileLauncherProfileWizard
LogPluginManager: Mounting plugin PluginBrowser
LogPluginManager: Mounting plugin SpeedTreeImporter
LogPluginManager: Mounting plugin DatasmithContent
LogPluginManager: Mounting plugin VariantManagerContent
LogPluginManager: Mounting plugin AlembicImporter
LogPluginManager: Mounting plugin AutomationUtils
LogPluginManager: Mounting plugin BackChannel
LogPluginManager: Mounting plugin CharacterAI
LogPluginManager: Mounting plugin GeometryCache
LogPluginManager: Mounting plugin PlatformCrypto
LogPluginManager: Mounting plugin ProxyLODPlugin
LogPluginManager: Mounting plugin SkeletalReduction
LogPluginManager: Mounting plugin MagicLeap
LogPluginManager: Mounting plugin MagicLeapMedia
LogPluginManager: Mounting plugin MLSDK
LogPluginManager: Mounting plugin AndroidMedia
LogPluginManager: Mounting plugin AvfMedia
LogPluginManager: Mounting plugin ImgMedia
LogPluginManager: Mounting plugin MediaCompositing
LogPluginManager: Mounting plugin MediaPlayerEditor
LogPluginManager: Mounting plugin WebMMedia
LogPluginManager: Mounting plugin WmfMedia
LogPluginManager: Mounting plugin TcpMessaging
LogPluginManager: Mounting plugin UdpMessaging
LogPluginManager: Mounting plugin ActorSequence
LogPluginManager: Mounting plugin LevelSequenceEditor
LogPluginManager: Mounting plugin MatineeToLevelSequence
LogPluginManager: Mounting plugin NetcodeUnitTest
LogPluginManager: Mounting plugin NUTUnrealEngine4
LogPluginManager: Mounting plugin OnlineSubsystemGooglePlay
LogPluginManager: Mounting plugin OnlineSubsystemIOS
LogPluginManager: Mounting plugin OnlineSubsystem
LogPluginManager: Mounting plugin OnlineSubsystemNull
LogPluginManager: Mounting plugin OnlineSubsystemSteam
LogPluginManager: Mounting plugin OnlineSubsystemUtils
LogPluginManager: Mounting plugin LauncherChunkInstaller
LogPluginManager: Mounting plugin AndroidDeviceProfileSelector
LogPluginManager: Mounting plugin AndroidMoviePlayer
LogPluginManager: Mounting plugin AndroidPermission
LogPluginManager: Mounting plugin AppleImageUtils
LogPluginManager: Mounting plugin AppleMoviePlayer
LogPluginManager: Mounting plugin ArchVisCharacter
LogPluginManager: Mounting plugin AssetTags
LogPluginManager: Mounting plugin AudioCapture
LogPluginManager: Mounting plugin CableComponent
LogPluginManager: Mounting plugin CustomMeshComponent
LogPluginManager: Mounting plugin EditableMesh
LogPluginManager: Mounting plugin ExampleDeviceProfileSelector
LogPluginManager: Mounting plugin GoogleCloudMessaging
LogPluginManager: Mounting plugin IOSDeviceProfileSelector
LogPluginManager: Mounting plugin LinuxDeviceProfileSelector
LogPluginManager: Mounting plugin LocationServicesBPLibrary
LogPluginManager: Mounting plugin MobilePatchingUtils
LogPluginManager: Mounting plugin OculusAudio
LogPluginManager: Mounting plugin OculusVR
LogPluginManager: Mounting plugin PhysXVehicles
LogPluginManager: Mounting plugin PostSplashScreen
LogPluginManager: Mounting plugin ProceduralMeshComponent
LogPluginManager: Mounting plugin ResonanceAudio
LogPluginManager: Mounting plugin RuntimePhysXCooking
LogPluginManager: Mounting plugin SignificanceManager
LogPluginManager: Mounting plugin SteamAudio
LogPluginManager: Mounting plugin SteamShared
LogPluginManager: Mounting plugin SteamVR
LogPluginManager: Mounting plugin WebMMoviePlayer
LogPluginManager: Mounting plugin WindowsMoviePlayer
LogPluginManager: Mounting plugin ScreenshotTools
LogPluginManager: Mounting plugin AdvancedSessions
LogPluginManager: Mounting plugin AdvancedSteamSessions
Launching UnrealBuildTool... [C:/Program Files/Epic Games/UE_4.24/Engine/Binaries/DotNET/UnrealBuildTool.exe -Mode=QueryTargets -Project="C:/Users/Surya/Desktop/Surya/Unreal/590-Final-Project/590FinalProject/RDW.uproject" -Output="C:/Users/Surya/Desktop/Surya/Unreal/590-Final-Project/590FinalProject/Intermediate/TargetInfo.json"]
LogInit: Using libcurl 7.55.1-DEV
LogInit:  - built for x86_64-pc-win32
LogInit:  - supports SSL with OpenSSL/1.1.1
LogInit:  - supports HTTP deflate (compression) using libz 1.2.8
LogInit:  - other features:
LogInit:      CURL_VERSION_SSL
LogInit:      CURL_VERSION_LIBZ
LogInit:      CURL_VERSION_IPV6
LogInit:      CURL_VERSION_ASYNCHDNS
LogInit:      CURL_VERSION_LARGEFILE
LogInit:      CURL_VERSION_IDN
LogInit:  CurlRequestOptions (configurable via config and command line):
LogInit:  - bVerifyPeer = true  - Libcurl will verify peer certificate
LogInit:  - bUseHttpProxy = false  - Libcurl will NOT use HTTP proxy
LogInit:  - bDontReuseConnections = false  - Libcurl will reuse connections
LogInit:  - MaxHostConnections = 16  - Libcurl will limit the number of connections to a host
LogInit:  - LocalHostAddr = Default
LogInit:  - BufferSize = 65536
LogSteamShared: Display: Loading Steam SDK 1.46
LogSteamShared: Steam SDK Loaded!
LogOnline: OSS: Creating online subsystem instance for: Steam
LogOnline: Display: STEAM: OnlineSubsystemSteam::Shutdown()
LogOnline: OSS: Unable to create OnlineSubsystem module Steam
LogOnline: OSS: Creating online subsystem instance for: NULL
LogInit: WinSock: version 1.1 (2.2), MaxSocks=32767, MaxUdp=65467
LogOnline: OSS: TryLoadSubsystemAndSetDefault: Loaded subsystem for module [NULL]
LogAudio: Display: Middleware plugins not found, assuming native UE4 AudioMixer
LogAudio: Display: Attempting to load Oculus Spatializer DLL: ../../../Engine/Binaries/ThirdParty/Oculus/Audio/Win64/ (from ovraudio64)
LogInit: Build: ++UE4+Release-4.24-CL-11590370
LogInit: Engine Version: 4.24.3-11590370+++UE4+Release-4.24
LogInit: Compatible Engine Version: 4.24.0-10570792+++UE4+Release-4.24
LogInit: Net CL: 10570792
LogInit: OS: Windows 10 (Release 1903) (), CPU: AMD Ryzen 7 3700X 8-Core Processor             , GPU: NVIDIA GeForce RTX 2070 SUPER
LogInit: Compiled (64-bit): Feb 24 2020 15:39:18
LogInit: Compiled with Visual C++: 19.16.27032.01
LogInit: Build Configuration: Development
LogInit: Branch Name: ++UE4+Release-4.24
LogInit: Command Line: 
LogInit: Base Directory: C:/Program Files/Epic Games/UE_4.24/Engine/Binaries/Win64/
LogInit: Installed Engine Build: 1
LogDevObjectVersion: Number of dev versions registered: 25
LogDevObjectVersion:   Dev-Blueprints (B0D832E4-1F89-4F0D-ACCF-7EB736FD4AA2): 10
LogDevObjectVersion:   Dev-Build (E1C64328-A22C-4D53-A36C-8E866417BD8C): 0
LogDevObjectVersion:   Dev-Core (375EC13C-06E4-48FB-B500-84F0262A717E): 3
LogDevObjectVersion:   Dev-Editor (E4B068ED-F494-42E9-A231-DA0B2E46BB41): 37
LogDevObjectVersion:   Dev-Framework (CFFC743F-43B0-4480-9391-14DF171D2073): 36
LogDevObjectVersion:   Dev-Mobile (B02B49B5-BB20-44E9-A304-32B752E40360): 2
LogDevObjectVersion:   Dev-Networking (A4E4105C-59A1-49B5-A7C5-40C4547EDFEE): 0
LogDevObjectVersion:   Dev-Online (39C831C9-5AE6-47DC-9A44-9C173E1C8E7C): 0
LogDevObjectVersion:   Dev-Physics (78F01B33-EBEA-4F98-B9B4-84EACCB95AA2): 2
LogDevObjectVersion:   Dev-Platform (6631380F-2D4D-43E0-8009-CF276956A95A): 0
LogDevObjectVersion:   Dev-Rendering (12F88B9F-8875-4AFC-A67C-D90C383ABD29): 36
LogDevObjectVersion:   Dev-Sequencer (7B5AE74C-D270-4C10-A958-57980B212A5A): 11
LogDevObjectVersion:   Dev-VR (D7296918-1DD6-4BDD-9DE2-64A83CC13884): 2
LogDevObjectVersion:   Dev-LoadTimes (C2A15278-BFE7-4AFE-6C17-90FF531DF755): 1
LogDevObjectVersion:   Private-Geometry (6EACA3D4-40EC-4CC1-B786-8BED09428FC5): 3
LogDevObjectVersion:   Dev-AnimPhys (29E575DD-E0A3-4627-9D10-D276232CDCEA): 17
LogDevObjectVersion:   Dev-Anim (AF43A65D-7FD3-4947-9873-3E8ED9C1BB05): 2
LogDevObjectVersion:   Dev-ReflectionCapture (6B266CEC-1EC7-4B8F-A30B-E4D90942FC07): 1
LogDevObjectVersion:   Dev-Automation (0DF73D61-A23F-47EA-B727-89E90C41499A): 1
LogDevObjectVersion:   FortniteMain (601D1886-AC64-4F84-AA16-D3DE0DEAC7D6): 31
LogDevObjectVersion:   Dev-Enterprise (9DFFBCD6-494F-0158-E221-12823C92A888): 8
LogDevObjectVersion:   Dev-Niagara (F2AED0AC-9AFE-416F-8664-AA7FFA26D6FC): 1
LogDevObjectVersion:   Dev-Destruction (174F1F0B-B4C6-45A5-B13F-2EE8D0FB917D): 9
LogDevObjectVersion:   Dev-Physics-Ext (35F94A83-E258-406C-A318-09F59610247C): 8
LogDevObjectVersion:   Dev-CineCamera (B2E18506-4273-CFC2-A54E-F4BB758BBA07): 1
LogInit: Presizing for max 25165824 objects, including 0 objects not considered by GC, pre-allocating 0 bytes for permanent pool.
LogInit: Object subsystem initialized
LogConfig: Setting CVar [[con.DebugEarlyDefault:1]]
LogConfig: Setting CVar [[r.setres:1280x720]]
[2020.05.06-02.29.38:620][  0]LogConfig: Setting CVar [[r.VSync:0]]
[2020.05.06-02.29.38:620][  0]LogConfig: Setting CVar [[r.RHICmdBypass:0]]
[2020.05.06-02.29.38:621][  0]LogConfig: Applying CVar settings from Section [/Script/Engine.RendererSettings] File [C:/Users/Surya/Desktop/Surya/Unreal/590-Final-Project/590FinalProject/Saved/Config/Windows/Engine.ini]
[2020.05.06-02.29.38:621][  0]LogConfig: Setting CVar [[r.GPUCrashDebugging:0]]
[2020.05.06-02.29.38:621][  0]LogConfig: Applying CVar settings from Section [/Script/Engine.RendererOverrideSettings] File [C:/Users/Surya/Desktop/Surya/Unreal/590-Final-Project/590FinalProject/Saved/Config/Windows/Engine.ini]
[2020.05.06-02.29.38:621][  0]LogConfig: Applying CVar settings from Section [/Script/Engine.StreamingSettings] File [C:/Users/Surya/Desktop/Surya/Unreal/590-Final-Project/590FinalProject/Saved/Config/Windows/Engine.ini]
[2020.05.06-02.29.38:621][  0]LogConfig: Setting CVar [[s.MinBulkDataSizeForAsyncLoading:131072]]
[2020.05.06-02.29.38:621][  0]LogConfig: Setting CVar [[s.AsyncLoadingThreadEnabled:0]]
[2020.05.06-02.29.38:621][  0]LogConfig: Setting CVar [[s.EventDrivenLoaderEnabled:1]]
[2020.05.06-02.29.38:621][  0]LogConfig: Setting CVar [[s.WarnIfTimeLimitExceeded:0]]
[2020.05.06-02.29.38:621][  0]LogConfig: Setting CVar [[s.TimeLimitExceededMultiplier:1.5]]
[2020.05.06-02.29.38:621][  0]LogConfig: Setting CVar [[s.TimeLimitExceededMinTime:0.005]]
[2020.05.06-02.29.38:621][  0]LogConfig: Setting CVar [[s.UseBackgroundLevelStreaming:1]]
[2020.05.06-02.29.38:621][  0]LogConfig: Setting CVar [[s.PriorityAsyncLoadingExtraTime:15.0]]
[2020.05.06-02.29.38:621][  0]LogConfig: Setting CVar [[s.LevelStreamingActorsUpdateTimeLimit:5.0]]
[2020.05.06-02.29.38:621][  0]LogConfig: Setting CVar [[s.PriorityLevelStreamingActorsUpdateExtraTime:5.0]]
[2020.05.06-02.29.38:621][  0]LogConfig: Setting CVar [[s.LevelStreamingComponentsRegistrationGranularity:10]]
[2020.05.06-02.29.38:621][  0]LogConfig: Setting CVar [[s.UnregisterComponentsTimeLimit:1.0]]
[2020.05.06-02.29.38:621][  0]LogConfig: Setting CVar [[s.LevelStreamingComponentsUnregistrationGranularity:5]]
[2020.05.06-02.29.38:621][  0]LogConfig: Setting CVar [[s.FlushStreamingOnExit:1]]
[2020.05.06-02.29.38:621][  0]LogConfig: Applying CVar settings from Section [/Script/Engine.GarbageCollectionSettings] File [C:/Users/Surya/Desktop/Surya/Unreal/590-Final-Project/590FinalProject/Saved/Config/Windows/Engine.ini]
[2020.05.06-02.29.38:621][  0]LogConfig: Setting CVar [[gc.MaxObjectsNotConsideredByGC:1]]
[2020.05.06-02.29.38:621][  0]LogConfig: Setting CVar [[gc.SizeOfPermanentObjectPool:0]]
[2020.05.06-02.29.38:621][  0]LogConfig: Setting CVar [[gc.FlushStreamingOnGC:0]]
[2020.05.06-02.29.38:621][  0]LogConfig: Setting CVar [[gc.NumRetriesBeforeForcingGC:10]]
[2020.05.06-02.29.38:621][  0]LogConfig: Setting CVar [[gc.AllowParallelGC:1]]
[2020.05.06-02.29.38:621][  0]LogConfig: Setting CVar [[gc.TimeBetweenPurgingPendingKillObjects:61.1]]
[2020.05.06-02.29.38:621][  0]LogConfig: Setting CVar [[gc.MaxObjectsInEditor:25165824]]
[2020.05.06-02.29.38:621][  0]LogConfig: Setting CVar [[gc.IncrementalBeginDestroyEnabled:1]]
[2020.05.06-02.29.38:621][  0]LogConfig: Setting CVar [[gc.CreateGCClusters:1]]
[2020.05.06-02.29.38:621][  0]LogConfig: Setting CVar [[gc.MinGCClusterSize:5]]
[2020.05.06-02.29.38:621][  0]LogConfig: Setting CVar [[gc.ActorClusteringEnabled:0]]
[2020.05.06-02.29.38:621][  0]LogConfig: Setting CVar [[gc.BlueprintClusteringEnabled:0]]
[2020.05.06-02.29.38:621][  0]LogConfig: Setting CVar [[gc.UseDisregardForGCOnDedicatedServers:0]]
[2020.05.06-02.29.38:621][  0]LogConfig: Applying CVar settings from Section [/Script/Engine.NetworkSettings] File [C:/Users/Surya/Desktop/Surya/Unreal/590-Final-Project/590FinalProject/Saved/Config/Windows/Engine.ini]
[2020.05.06-02.29.38:621][  0]LogConfig: Applying CVar settings from Section [/Script/UnrealEd.CookerSettings] File [C:/Users/Surya/Desktop/Surya/Unreal/590-Final-Project/590FinalProject/Saved/Config/Windows/Engine.ini]
[2020.05.06-02.29.38:628][  0]LogConfig: Applying CVar settings from Section [ViewDistanceQuality@3] File [C:/Users/Surya/Desktop/Surya/Unreal/590-Final-Project/590FinalProject/Saved/Config/Windows/Scalability.ini]
[2020.05.06-02.29.38:628][  0]LogConfig: Setting CVar [[r.SkeletalMeshLODBias:0]]
[2020.05.06-02.29.38:628][  0]LogConfig: Setting CVar [[r.ViewDistanceScale:1.0]]
[2020.05.06-02.29.38:628][  0]LogConfig: Applying CVar settings from Section [AntiAliasingQuality@3] File [C:/Users/Surya/Desktop/Surya/Unreal/590-Final-Project/590FinalProject/Saved/Config/Windows/Scalability.ini]
[2020.05.06-02.29.38:628][  0]LogConfig: Setting CVar [[r.PostProcessAAQuality:4]]
[2020.05.06-02.29.38:628][  0]LogConfig: Applying CVar settings from Section [ShadowQuality@3] File [C:/Users/Surya/Desktop/Surya/Unreal/590-Final-Project/590FinalProject/Saved/Config/Windows/Scalability.ini]
[2020.05.06-02.29.38:628][  0]LogConfig: Setting CVar [[r.LightFunctionQuality:1]]
[2020.05.06-02.29.38:628][  0]LogConfig: Setting CVar [[r.ShadowQuality:5]]
[2020.05.06-02.29.38:628][  0]LogConfig: Setting CVar [[r.Shadow.CSM.MaxCascades:10]]
[2020.05.06-02.29.38:628][  0]LogConfig: Setting CVar [[r.Shadow.MaxResolution:2048]]
[2020.05.06-02.29.38:628][  0]LogConfig: Setting CVar [[r.Shadow.MaxCSMResolution:2048]]
[2020.05.06-02.29.38:628][  0]LogConfig: Setting CVar [[r.Shadow.RadiusThreshold:0.01]]
[2020.05.06-02.29.38:628][  0]LogConfig: Setting CVar [[r.Shadow.DistanceScale:1.0]]
[2020.05.06-02.29.38:628][  0]LogConfig: Setting CVar [[r.Shadow.CSM.TransitionScale:1.0]]
[2020.05.06-02.29.38:628][  0]LogConfig: Setting CVar [[r.Shadow.PreShadowResolutionFactor:1.0]]
[2020.05.06-02.29.38:628][  0]LogConfig: Setting CVar [[r.DistanceFieldShadowing:1]]
[2020.05.06-02.29.38:628][  0]LogConfig: Setting CVar [[r.DistanceFieldAO:1]]
[2020.05.06-02.29.38:628][  0]LogConfig: Setting CVar [[r.AOQuality:2]]
[2020.05.06-02.29.38:628][  0]LogConfig: Setting CVar [[r.VolumetricFog:1]]
[2020.05.06-02.29.38:628][  0]LogConfig: Setting CVar [[r.VolumetricFog.GridPixelSize:8]]
[2020.05.06-02.29.38:628][  0]LogConfig: Setting CVar [[r.VolumetricFog.GridSizeZ:128]]
[2020.05.06-02.29.38:628][  0]LogConfig: Setting CVar [[r.VolumetricFog.HistoryMissSupersampleCount:4]]
[2020.05.06-02.29.38:628][  0]LogConfig: Setting CVar [[r.LightMaxDrawDistanceScale:1]]
[2020.05.06-02.29.38:628][  0]LogConfig: Setting CVar [[r.CapsuleShadows:1]]
[2020.05.06-02.29.38:628][  0]LogConfig: Applying CVar settings from Section [PostProcessQuality@3] File [C:/Users/Surya/Desktop/Surya/Unreal/590-Final-Project/590FinalProject/Saved/Config/Windows/Scalability.ini]
[2020.05.06-02.29.38:628][  0]LogConfig: Setting CVar [[r.MotionBlurQuality:4]]
[2020.05.06-02.29.38:628][  0]LogConfig: Setting CVar [[r.AmbientOcclusionMipLevelFactor:0.4]]
[2020.05.06-02.29.38:628][  0]LogConfig: Setting CVar [[r.AmbientOcclusionMaxQuality:100]]
[2020.05.06-02.29.38:628][  0]LogConfig: Setting CVar [[r.AmbientOcclusionLevels:-1]]
[2020.05.06-02.29.38:628][  0]LogConfig: Setting CVar [[r.AmbientOcclusionRadiusScale:1.0]]
[2020.05.06-02.29.38:628][  0]LogConfig: Setting CVar [[r.DepthOfFieldQuality:2]]
[2020.05.06-02.29.38:628][  0]LogConfig: Setting CVar [[r.RenderTargetPoolMin:400]]
[2020.05.06-02.29.38:628][  0]LogConfig: Setting CVar [[r.LensFlareQuality:2]]
[2020.05.06-02.29.38:628][  0]LogConfig: Setting CVar [[r.SceneColorFringeQuality:1]]
[2020.05.06-02.29.38:628][  0]LogConfig: Setting CVar [[r.EyeAdaptationQuality:2]]
[2020.05.06-02.29.38:628][  0]LogConfig: Setting CVar [[r.BloomQuality:5]]
[2020.05.06-02.29.38:628][  0]LogConfig: Setting CVar [[r.FastBlurThreshold:100]]
[2020.05.06-02.29.38:628][  0]LogConfig: Setting CVar [[r.Upscale.Quality:3]]
[2020.05.06-02.29.38:628][  0]LogConfig: Setting CVar [[r.Tonemapper.GrainQuantization:1]]
[2020.05.06-02.29.38:628][  0]LogConfig: Setting CVar [[r.LightShaftQuality:1]]
[2020.05.06-02.29.38:628][  0]LogConfig: Setting CVar [[r.Filter.SizeScale:1]]
[2020.05.06-02.29.38:628][  0]LogConfig: Setting CVar [[r.Tonemapper.Quality:5]]
[2020.05.06-02.29.38:629][  0]LogConfig: Setting CVar [[r.DOF.Gather.AccumulatorQuality:1        ; higher gathering accumulator quality]]
[2020.05.06-02.29.38:629][  0]LogConfig: Setting CVar [[r.DOF.Gather.PostfilterMethod:1          ; Median3x3 postfilering method]]
[2020.05.06-02.29.38:629][  0]LogConfig: Setting CVar [[r.DOF.Gather.EnableBokehSettings:0       ; no bokeh simulation when gathering]]
[2020.05.06-02.29.38:629][  0]LogConfig: Setting CVar [[r.DOF.Gather.RingCount:4                 ; medium number of samples when gathering]]
[2020.05.06-02.29.38:629][  0]LogConfig: Setting CVar [[r.DOF.Scatter.ForegroundCompositing:1    ; additive foreground scattering]]
[2020.05.06-02.29.38:629][  0]LogConfig: Setting CVar [[r.DOF.Scatter.BackgroundCompositing:2    ; additive background scattering]]
[2020.05.06-02.29.38:629][  0]LogConfig: Setting CVar [[r.DOF.Scatter.EnableBokehSettings:1      ; bokeh simulation when scattering]]
[2020.05.06-02.29.38:629][  0]LogConfig: Setting CVar [[r.DOF.Scatter.MaxSpriteRatio:0.1         ; only a maximum of 10% of scattered bokeh]]
[2020.05.06-02.29.38:629][  0]LogConfig: Setting CVar [[r.DOF.Recombine.Quality:1                ; cheap slight out of focus]]
[2020.05.06-02.29.38:629][  0]LogConfig: Setting CVar [[r.DOF.Recombine.EnableBokehSettings:0    ; no bokeh simulation on slight out of focus]]
[2020.05.06-02.29.38:629][  0]LogConfig: Setting CVar [[r.DOF.TemporalAAQuality:1                ; more stable temporal accumulation]]
[2020.05.06-02.29.38:629][  0]LogConfig: Setting CVar [[r.DOF.Kernel.MaxForegroundRadius:0.025]]
[2020.05.06-02.29.38:629][  0]LogConfig: Setting CVar [[r.DOF.Kernel.MaxBackgroundRadius:0.025]]
[2020.05.06-02.29.38:629][  0]LogConfig: Applying CVar settings from Section [TextureQuality@3] File [C:/Users/Surya/Desktop/Surya/Unreal/590-Final-Project/590FinalProject/Saved/Config/Windows/Scalability.ini]
[2020.05.06-02.29.38:629][  0]LogConfig: Setting CVar [[r.Streaming.MipBias:0]]
[2020.05.06-02.29.38:629][  0]LogConfig: Setting CVar [[r.Streaming.AmortizeCPUToGPUCopy:0]]
[2020.05.06-02.29.38:629][  0]LogConfig: Setting CVar [[r.Streaming.MaxNumTexturesToStreamPerFrame:0]]
[2020.05.06-02.29.38:629][  0]LogConfig: Setting CVar [[r.Streaming.Boost:1]]
[2020.05.06-02.29.38:629][  0]LogConfig: Setting CVar [[r.MaxAnisotropy:8]]
[2020.05.06-02.29.38:629][  0]LogConfig: Setting CVar [[r.VT.MaxAnisotropy:8]]
[2020.05.06-02.29.38:629][  0]LogConfig: Setting CVar [[r.Streaming.LimitPoolSizeToVRAM:0]]
[2020.05.06-02.29.38:629][  0]LogConfig: Setting CVar [[r.Streaming.PoolSize:1000]]
[2020.05.06-02.29.38:629][  0]LogConfig: Setting CVar [[r.Streaming.MaxEffectiveScreenSize:0]]
[2020.05.06-02.29.38:629][  0]LogConfig: Applying CVar settings from Section [EffectsQuality@3] File [C:/Users/Surya/Desktop/Surya/Unreal/590-Final-Project/590FinalProject/Saved/Config/Windows/Scalability.ini]
[2020.05.06-02.29.38:629][  0]LogConfig: Setting CVar [[r.TranslucencyLightingVolumeDim:64]]
[2020.05.06-02.29.38:629][  0]LogConfig: Setting CVar [[r.RefractionQuality:2]]
[2020.05.06-02.29.38:629][  0]LogConfig: Setting CVar [[r.SSR.Quality:3]]
[2020.05.06-02.29.38:629][  0]LogConfig: Setting CVar [[r.SSR.HalfResSceneColor:0]]
[2020.05.06-02.29.38:629][  0]LogConfig: Setting CVar [[r.SceneColorFormat:4]]
[2020.05.06-02.29.38:629][  0]LogConfig: Setting CVar [[r.DetailMode:2]]
[2020.05.06-02.29.38:629][  0]LogConfig: Setting CVar [[r.TranslucencyVolumeBlur:1]]
[2020.05.06-02.29.38:629][  0]LogConfig: Setting CVar [[r.MaterialQualityLevel:1 ; High quality]]
[2020.05.06-02.29.38:629][  0]LogConfig: Setting CVar [[r.SSS.Scale:1]]
[2020.05.06-02.29.38:629][  0]LogConfig: Setting CVar [[r.SSS.SampleSet:2]]
[2020.05.06-02.29.38:629][  0]LogConfig: Setting CVar [[r.SSS.Quality:1]]
[2020.05.06-02.29.38:629][  0]LogConfig: Setting CVar [[r.SSS.HalfRes:1]]
[2020.05.06-02.29.38:629][  0]LogConfig: Setting CVar [[r.SSGI.Quality:3]]
[2020.05.06-02.29.38:629][  0]LogConfig: Setting CVar [[r.EmitterSpawnRateScale:1.0]]
[2020.05.06-02.29.38:629][  0]LogConfig: Setting CVar [[r.ParticleLightQuality:2]]
[2020.05.06-02.29.38:629][  0]LogConfig: Setting CVar [[r.SkyAtmosphere.AerialPerspectiveLUT.FastApplyOnOpaque:1 ; Always have FastSkyLUT 1 in this case to avoid wrong sky]]
[2020.05.06-02.29.38:629][  0]LogConfig: Setting CVar [[r.SkyAtmosphere.AerialPerspectiveLUT.SampleCountPerSlice:1]]
[2020.05.06-02.29.38:629][  0]LogConfig: Setting CVar [[r.SkyAtmosphere.AerialPerspectiveLUT.DepthResolution:16.0]]
[2020.05.06-02.29.38:629][  0]LogConfig: Setting CVar [[r.SkyAtmosphere.FastSkyLUT:1]]
[2020.05.06-02.29.38:629][  0]LogConfig: Setting CVar [[r.SkyAtmosphere.FastSkyLUT.SampleCountMin:4.0]]
[2020.05.06-02.29.38:629][  0]LogConfig: Setting CVar [[r.SkyAtmosphere.FastSkyLUT.SampleCountMax:32.0]]
[2020.05.06-02.29.38:629][  0]LogConfig: Setting CVar [[r.SkyAtmosphere.SampleCountMin:4.0]]
[2020.05.06-02.29.38:629][  0]LogConfig: Setting CVar [[r.SkyAtmosphere.SampleCountMax:32.0]]
[2020.05.06-02.29.38:629][  0]LogConfig: Setting CVar [[r.SkyAtmosphere.TransmittanceLUT.UseSmallFormat:0]]
[2020.05.06-02.29.38:629][  0]LogConfig: Setting CVar [[r.SkyAtmosphere.TransmittanceLUT.SampleCount:10.0]]
[2020.05.06-02.29.38:629][  0]LogConfig: Setting CVar [[r.SkyAtmosphere.MultiScatteringLUT.SampleCount:15.0]]
[2020.05.06-02.29.38:629][  0]LogConfig: Applying CVar settings from Section [FoliageQuality@3] File [C:/Users/Surya/Desktop/Surya/Unreal/590-Final-Project/590FinalProject/Saved/Config/Windows/Scalability.ini]
[2020.05.06-02.29.38:629][  0]LogConfig: Setting CVar [[foliage.DensityScale:1.0]]
[2020.05.06-02.29.38:629][  0]LogConfig: Setting CVar [[grass.DensityScale:1.0]]
[2020.05.06-02.29.38:629][  0]LogConfig: Applying CVar settings from Section [ShadingQuality@3] File [C:/Users/Surya/Desktop/Surya/Unreal/590-Final-Project/590FinalProject/Saved/Config/Windows/Scalability.ini]
[2020.05.06-02.29.38:629][  0]LogConfig: Setting CVar [[r.HairStrands.SkyLighting.SampleCount:16]]
[2020.05.06-02.29.38:629][  0]LogConfig: Setting CVar [[r.HairStrands.SkyLighting.JitterIntegration:0]]
[2020.05.06-02.29.38:629][  0]LogConfig: Setting CVar [[r.HairStrands.SkyAO.SampleCount:16]]
[2020.05.06-02.29.38:631][  0]LogInit: Selected Device Profile: [Windows]
[2020.05.06-02.29.38:631][  0]LogInit: Applying CVar settings loaded from the selected device profile: [Windows]
[2020.05.06-02.29.38:640][  0]LogHAL: Display: Platform has ~ 32 GB [34306543616 / 34359738368 / 32], which maps to Largest [LargestMinGB=32, LargerMinGB=12, DefaultMinGB=8, SmallerMinGB=6, SmallestMinGB=0)
[2020.05.06-02.29.38:640][  0]LogInit: Going up to parent DeviceProfile []
[2020.05.06-02.29.38:640][  0]LogConfig: Applying CVar settings from Section [ViewDistanceQuality@3] File [C:/Users/Surya/Desktop/Surya/Unreal/590-Final-Project/590FinalProject/Saved/Config/Windows/Scalability.ini]
[2020.05.06-02.29.38:640][  0]LogConfig: Setting CVar [[r.SkeletalMeshLODBias:0]]
[2020.05.06-02.29.38:640][  0]LogConfig: Setting CVar [[r.ViewDistanceScale:1.0]]
[2020.05.06-02.29.38:640][  0]LogConfig: Applying CVar settings from Section [AntiAliasingQuality@3] File [C:/Users/Surya/Desktop/Surya/Unreal/590-Final-Project/590FinalProject/Saved/Config/Windows/Scalability.ini]
[2020.05.06-02.29.38:640][  0]LogConfig: Setting CVar [[r.PostProcessAAQuality:4]]
[2020.05.06-02.29.38:640][  0]LogConfig: Applying CVar settings from Section [ShadowQuality@3] File [C:/Users/Surya/Desktop/Surya/Unreal/590-Final-Project/590FinalProject/Saved/Config/Windows/Scalability.ini]
[2020.05.06-02.29.38:640][  0]LogConfig: Setting CVar [[r.LightFunctionQuality:1]]
[2020.05.06-02.29.38:640][  0]LogConfig: Setting CVar [[r.ShadowQuality:5]]
[2020.05.06-02.29.38:640][  0]LogConfig: Setting CVar [[r.Shadow.CSM.MaxCascades:10]]
[2020.05.06-02.29.38:640][  0]LogConfig: Setting CVar [[r.Shadow.MaxResolution:2048]]
[2020.05.06-02.29.38:641][  0]LogConfig: Setting CVar [[r.Shadow.MaxCSMResolution:2048]]
[2020.05.06-02.29.38:641][  0]LogConfig: Setting CVar [[r.Shadow.RadiusThreshold:0.01]]
[2020.05.06-02.29.38:641][  0]LogConfig: Setting CVar [[r.Shadow.DistanceScale:1.0]]
[2020.05.06-02.29.38:641][  0]LogConfig: Setting CVar [[r.Shadow.CSM.TransitionScale:1.0]]
[2020.05.06-02.29.38:641][  0]LogConfig: Setting CVar [[r.Shadow.PreShadowResolutionFactor:1.0]]
[2020.05.06-02.29.38:641][  0]LogConfig: Setting CVar [[r.DistanceFieldShadowing:1]]
[2020.05.06-02.29.38:641][  0]LogConfig: Setting CVar [[r.DistanceFieldAO:1]]
[2020.05.06-02.29.38:641][  0]LogConfig: Setting CVar [[r.AOQuality:2]]
[2020.05.06-02.29.38:641][  0]LogConfig: Setting CVar [[r.VolumetricFog:1]]
[2020.05.06-02.29.38:641][  0]LogConfig: Setting CVar [[r.VolumetricFog.GridPixelSize:8]]
[2020.05.06-02.29.38:641][  0]LogConfig: Setting CVar [[r.VolumetricFog.GridSizeZ:128]]
[2020.05.06-02.29.38:641][  0]LogConfig: Setting CVar [[r.VolumetricFog.HistoryMissSupersampleCount:4]]
[2020.05.06-02.29.38:641][  0]LogConfig: Setting CVar [[r.LightMaxDrawDistanceScale:1]]
[2020.05.06-02.29.38:641][  0]LogConfig: Setting CVar [[r.CapsuleShadows:1]]
[2020.05.06-02.29.38:641][  0]LogConfig: Applying CVar settings from Section [PostProcessQuality@3] File [C:/Users/Surya/Desktop/Surya/Unreal/590-Final-Project/590FinalProject/Saved/Config/Windows/Scalability.ini]
[2020.05.06-02.29.38:641][  0]LogConfig: Setting CVar [[r.MotionBlurQuality:4]]
[2020.05.06-02.29.38:641][  0]LogConfig: Setting CVar [[r.AmbientOcclusionMipLevelFactor:0.4]]
[2020.05.06-02.29.38:641][  0]LogConfig: Setting CVar [[r.AmbientOcclusionMaxQuality:100]]
[2020.05.06-02.29.38:641][  0]LogConfig: Setting CVar [[r.AmbientOcclusionLevels:-1]]
[2020.05.06-02.29.38:641][  0]LogConfig: Setting CVar [[r.AmbientOcclusionRadiusScale:1.0]]
[2020.05.06-02.29.38:641][  0]LogConfig: Setting CVar [[r.DepthOfFieldQuality:2]]
[2020.05.06-02.29.38:641][  0]LogConfig: Setting CVar [[r.RenderTargetPoolMin:400]]
[2020.05.06-02.29.38:641][  0]LogConfig: Setting CVar [[r.LensFlareQuality:2]]
[2020.05.06-02.29.38:641][  0]LogConfig: Setting CVar [[r.SceneColorFringeQuality:1]]
[2020.05.06-02.29.38:641][  0]LogConfig: Setting CVar [[r.EyeAdaptationQuality:2]]
[2020.05.06-02.29.38:641][  0]LogConfig: Setting CVar [[r.BloomQuality:5]]
[2020.05.06-02.29.38:641][  0]LogConfig: Setting CVar [[r.FastBlurThreshold:100]]
[2020.05.06-02.29.38:641][  0]LogConfig: Setting CVar [[r.Upscale.Quality:3]]
[2020.05.06-02.29.38:641][  0]LogConfig: Setting CVar [[r.Tonemapper.GrainQuantization:1]]
[2020.05.06-02.29.38:641][  0]LogConfig: Setting CVar [[r.LightShaftQuality:1]]
[2020.05.06-02.29.38:641][  0]LogConfig: Setting CVar [[r.Filter.SizeScale:1]]
[2020.05.06-02.29.38:641][  0]LogConfig: Setting CVar [[r.Tonemapper.Quality:5]]
[2020.05.06-02.29.38:641][  0]LogConfig: Setting CVar [[r.DOF.Gather.AccumulatorQuality:1        ; higher gathering accumulator quality]]
[2020.05.06-02.29.38:641][  0]LogConfig: Setting CVar [[r.DOF.Gather.PostfilterMethod:1          ; Median3x3 postfilering method]]
[2020.05.06-02.29.38:641][  0]LogConfig: Setting CVar [[r.DOF.Gather.EnableBokehSettings:0       ; no bokeh simulation when gathering]]
[2020.05.06-02.29.38:641][  0]LogConfig: Setting CVar [[r.DOF.Gather.RingCount:4                 ; medium number of samples when gathering]]
[2020.05.06-02.29.38:641][  0]LogConfig: Setting CVar [[r.DOF.Scatter.ForegroundCompositing:1    ; additive foreground scattering]]
[2020.05.06-02.29.38:641][  0]LogConfig: Setting CVar [[r.DOF.Scatter.BackgroundCompositing:2    ; additive background scattering]]
[2020.05.06-02.29.38:641][  0]LogConfig: Setting CVar [[r.DOF.Scatter.EnableBokehSettings:1      ; bokeh simulation when scattering]]
[2020.05.06-02.29.38:641][  0]LogConfig: Setting CVar [[r.DOF.Scatter.MaxSpriteRatio:0.1         ; only a maximum of 10% of scattered bokeh]]
[2020.05.06-02.29.38:641][  0]LogConfig: Setting CVar [[r.DOF.Recombine.Quality:1                ; cheap slight out of focus]]
[2020.05.06-02.29.38:641][  0]LogConfig: Setting CVar [[r.DOF.Recombine.EnableBokehSettings:0    ; no bokeh simulation on slight out of focus]]
[2020.05.06-02.29.38:641][  0]LogConfig: Setting CVar [[r.DOF.TemporalAAQuality:1                ; more stable temporal accumulation]]
[2020.05.06-02.29.38:641][  0]LogConfig: Setting CVar [[r.DOF.Kernel.MaxForegroundRadius:0.025]]
[2020.05.06-02.29.38:641][  0]LogConfig: Setting CVar [[r.DOF.Kernel.MaxBackgroundRadius:0.025]]
[2020.05.06-02.29.38:641][  0]LogConfig: Applying CVar settings from Section [TextureQuality@3] File [C:/Users/Surya/Desktop/Surya/Unreal/590-Final-Project/590FinalProject/Saved/Config/Windows/Scalability.ini]
[2020.05.06-02.29.38:641][  0]LogConfig: Setting CVar [[r.Streaming.MipBias:0]]
[2020.05.06-02.29.38:641][  0]LogConfig: Setting CVar [[r.Streaming.AmortizeCPUToGPUCopy:0]]
[2020.05.06-02.29.38:641][  0]LogConfig: Setting CVar [[r.Streaming.MaxNumTexturesToStreamPerFrame:0]]
[2020.05.06-02.29.38:641][  0]LogConfig: Setting CVar [[r.Streaming.Boost:1]]
[2020.05.06-02.29.38:641][  0]LogConfig: Setting CVar [[r.MaxAnisotropy:8]]
[2020.05.06-02.29.38:641][  0]LogConfig: Setting CVar [[r.VT.MaxAnisotropy:8]]
[2020.05.06-02.29.38:641][  0]LogConfig: Setting CVar [[r.Streaming.LimitPoolSizeToVRAM:0]]
[2020.05.06-02.29.38:641][  0]LogConfig: Setting CVar [[r.Streaming.PoolSize:1000]]
[2020.05.06-02.29.38:641][  0]LogConfig: Setting CVar [[r.Streaming.MaxEffectiveScreenSize:0]]
[2020.05.06-02.29.38:641][  0]LogConfig: Applying CVar settings from Section [EffectsQuality@3] File [C:/Users/Surya/Desktop/Surya/Unreal/590-Final-Project/590FinalProject/Saved/Config/Windows/Scalability.ini]
[2020.05.06-02.29.38:641][  0]LogConfig: Setting CVar [[r.TranslucencyLightingVolumeDim:64]]
[2020.05.06-02.29.38:641][  0]LogConfig: Setting CVar [[r.RefractionQuality:2]]
[2020.05.06-02.29.38:641][  0]LogConfig: Setting CVar [[r.SSR.Quality:3]]
[2020.05.06-02.29.38:641][  0]LogConfig: Setting CVar [[r.SSR.HalfResSceneColor:0]]
[2020.05.06-02.29.38:641][  0]LogConfig: Setting CVar [[r.SceneColorFormat:4]]
[2020.05.06-02.29.38:641][  0]LogConfig: Setting CVar [[r.DetailMode:2]]
[2020.05.06-02.29.38:641][  0]LogConfig: Setting CVar [[r.TranslucencyVolumeBlur:1]]
[2020.05.06-02.29.38:641][  0]LogConfig: Setting CVar [[r.MaterialQualityLevel:1 ; High quality]]
[2020.05.06-02.29.38:641][  0]LogConfig: Setting CVar [[r.SSS.Scale:1]]
[2020.05.06-02.29.38:641][  0]LogConfig: Setting CVar [[r.SSS.SampleSet:2]]
[2020.05.06-02.29.38:641][  0]LogConfig: Setting CVar [[r.SSS.Quality:1]]
[2020.05.06-02.29.38:641][  0]LogConfig: Setting CVar [[r.SSS.HalfRes:1]]
[2020.05.06-02.29.38:641][  0]LogConfig: Setting CVar [[r.SSGI.Quality:3]]
[2020.05.06-02.29.38:641][  0]LogConfig: Setting CVar [[r.EmitterSpawnRateScale:1.0]]
[2020.05.06-02.29.38:641][  0]LogConfig: Setting CVar [[r.ParticleLightQuality:2]]
[2020.05.06-02.29.38:641][  0]LogConfig: Setting CVar [[r.SkyAtmosphere.AerialPerspectiveLUT.FastApplyOnOpaque:1 ; Always have FastSkyLUT 1 in this case to avoid wrong sky]]
[2020.05.06-02.29.38:641][  0]LogConfig: Setting CVar [[r.SkyAtmosphere.AerialPerspectiveLUT.SampleCountPerSlice:1]]
[2020.05.06-02.29.38:641][  0]LogConfig: Setting CVar [[r.SkyAtmosphere.AerialPerspectiveLUT.DepthResolution:16.0]]
[2020.05.06-02.29.38:641][  0]LogConfig: Setting CVar [[r.SkyAtmosphere.FastSkyLUT:1]]
[2020.05.06-02.29.38:641][  0]LogConfig: Setting CVar [[r.SkyAtmosphere.FastSkyLUT.SampleCountMin:4.0]]
[2020.05.06-02.29.38:641][  0]LogConfig: Setting CVar [[r.SkyAtmosphere.FastSkyLUT.SampleCountMax:32.0]]
[2020.05.06-02.29.38:641][  0]LogConfig: Setting CVar [[r.SkyAtmosphere.SampleCountMin:4.0]]
[2020.05.06-02.29.38:641][  0]LogConfig: Setting CVar [[r.SkyAtmosphere.SampleCountMax:32.0]]
[2020.05.06-02.29.38:641][  0]LogConfig: Setting CVar [[r.SkyAtmosphere.TransmittanceLUT.UseSmallFormat:0]]
[2020.05.06-02.29.38:641][  0]LogConfig: Setting CVar [[r.SkyAtmosphere.TransmittanceLUT.SampleCount:10.0]]
[2020.05.06-02.29.38:641][  0]LogConfig: Setting CVar [[r.SkyAtmosphere.MultiScatteringLUT.SampleCount:15.0]]
[2020.05.06-02.29.38:641][  0]LogConfig: Applying CVar settings from Section [FoliageQuality@3] File [C:/Users/Surya/Desktop/Surya/Unreal/590-Final-Project/590FinalProject/Saved/Config/Windows/Scalability.ini]
[2020.05.06-02.29.38:641][  0]LogConfig: Setting CVar [[foliage.DensityScale:1.0]]
[2020.05.06-02.29.38:641][  0]LogConfig: Setting CVar [[grass.DensityScale:1.0]]
[2020.05.06-02.29.38:641][  0]LogConfig: Applying CVar settings from Section [ShadingQuality@3] File [C:/Users/Surya/Desktop/Surya/Unreal/590-Final-Project/590FinalProject/Saved/Config/Windows/Scalability.ini]
[2020.05.06-02.29.38:641][  0]LogConfig: Setting CVar [[r.HairStrands.SkyLighting.SampleCount:16]]
[2020.05.06-02.29.38:641][  0]LogConfig: Setting CVar [[r.HairStrands.SkyLighting.JitterIntegration:0]]
[2020.05.06-02.29.38:641][  0]LogConfig: Setting CVar [[r.HairStrands.SkyAO.SampleCount:16]]
[2020.05.06-02.29.38:641][  0]LogConfig: Applying CVar settings from Section [Startup] File [../../../Engine/Config/ConsoleVariables.ini]
[2020.05.06-02.29.38:646][  0]LogConfig: Setting CVar [[net.UseAdaptiveNetUpdateFrequency:0]]
[2020.05.06-02.29.38:646][  0]LogConfig: Setting CVar [[p.chaos.AllowCreatePhysxBodies:1]]
[2020.05.06-02.29.38:646][  0]LogConfig: Applying CVar settings from Section [ConsoleVariables] File [C:/Users/Surya/Desktop/Surya/Unreal/590-Final-Project/590FinalProject/Saved/Config/Windows/Engine.ini]
[2020.05.06-02.29.38:647][  0]LogInit: Computer: SURYA
[2020.05.06-02.29.38:647][  0]LogInit: User: Surya
[2020.05.06-02.29.38:647][  0]LogInit: CPU Page size=4096, Cores=8
[2020.05.06-02.29.38:647][  0]LogInit: High frequency timer resolution =10.000000 MHz
[2020.05.06-02.29.38:647][  0]LogMemory: Memory total: Physical=32.0GB (32GB approx)
[2020.05.06-02.29.38:647][  0]LogMemory: Platform Memory Stats for Windows
[2020.05.06-02.29.38:647][  0]LogMemory: Process Physical Memory: 108.27 MB used, 108.28 MB peak
[2020.05.06-02.29.38:648][  0]LogMemory: Process Virtual Memory: 104.06 MB used, 104.06 MB peak
[2020.05.06-02.29.38:648][  0]LogMemory: Physical Memory: 4563.70 MB used,  28153.57 MB free, 32717.27 MB total
[2020.05.06-02.29.38:648][  0]LogMemory: Virtual Memory: 5189.66 MB used,  134212536.00 MB free, 134217728.00 MB total
[2020.05.06-02.29.38:652][  0]LogWindows: WindowsPlatformFeatures enabled
[2020.05.06-02.29.38:895][  0]LogInit: Using OS detected language (en-US).
[2020.05.06-02.29.38:895][  0]LogInit: Using OS detected locale (en-US).
[2020.05.06-02.29.38:897][  0]LogTextLocalizationManager: No specific localization for 'en-US' exists, so the 'en' localization will be used.
[2020.05.06-02.29.39:198][  0]LogInit: Setting process to per monitor DPI aware
[2020.05.06-02.29.39:284][  0]LogSlate: New Slate User Created.  User Index 0, Is Virtual User: 0
[2020.05.06-02.29.39:284][  0]LogSlate: Slate User Registered.  User Index 0, Is Virtual User: 0
[2020.05.06-02.29.41:604][  0]LogHMD: Failed to initialize OpenVR with code 110
[2020.05.06-02.29.41:604][  0]LogD3D11RHI: D3D11 min allowed feature level: 11_0
[2020.05.06-02.29.41:604][  0]LogD3D11RHI: D3D11 max allowed feature level: 11_0
[2020.05.06-02.29.41:604][  0]LogD3D11RHI: D3D11 adapters:
[2020.05.06-02.29.41:670][  0]LogD3D11RHI:    0. 'NVIDIA GeForce RTX 2070 SUPER' (Feature Level 11_0)
[2020.05.06-02.29.41:670][  0]LogD3D11RHI:       8011/0/16358 MB DedicatedVideo/DedicatedSystem/SharedSystem, Outputs:1, VendorId:0x10de
[2020.05.06-02.29.41:674][  0]LogD3D11RHI:    1. 'Microsoft Basic Render Driver' (Feature Level 11_0)
[2020.05.06-02.29.41:674][  0]LogD3D11RHI:       0/0/16358 MB DedicatedVideo/DedicatedSystem/SharedSystem, Outputs:0, VendorId:0x1414
[2020.05.06-02.29.41:674][  0]LogD3D11RHI: Chosen D3D11 Adapter: 0
[2020.05.06-02.29.41:682][  0]LogD3D11RHI: Creating new Direct3DDevice
[2020.05.06-02.29.41:682][  0]LogD3D11RHI:     GPU DeviceId: 0x1e84 (for the marketing name, search the web for "GPU Device Id")
[2020.05.06-02.29.41:682][  0]LogWindows: EnumDisplayDevices:
[2020.05.06-02.29.41:682][  0]LogWindows:    0. 'NVIDIA GeForce RTX 2070 SUPER' (P:1 D:1)
[2020.05.06-02.29.41:682][  0]LogWindows:    1. 'NVIDIA GeForce RTX 2070 SUPER' (P:0 D:0)
[2020.05.06-02.29.41:683][  0]LogWindows:    2. 'NVIDIA GeForce RTX 2070 SUPER' (P:0 D:0)
[2020.05.06-02.29.41:683][  0]LogWindows:    3. 'NVIDIA GeForce RTX 2070 SUPER' (P:0 D:0)
[2020.05.06-02.29.41:683][  0]LogWindows: DebugString: FoundDriverCount:4 
[2020.05.06-02.29.41:683][  0]LogD3D11RHI:     Adapter Name: NVIDIA GeForce RTX 2070 SUPER
[2020.05.06-02.29.41:683][  0]LogD3D11RHI:   Driver Version: 445.87 (internal:26.21.14.4587, unified:445.87)
[2020.05.06-02.29.41:683][  0]LogD3D11RHI:      Driver Date: 4-3-2020
[2020.05.06-02.29.41:683][  0]LogRHI: Texture pool is 5607 MB (70% of 8011 MB)
[2020.05.06-02.29.41:721][  0]LogD3D11RHI: RHI has support for 64 bit atomics
[2020.05.06-02.29.41:722][  0]LogD3D11RHI: Async texture creation enabled
[2020.05.06-02.29.41:771][  0]LogD3D11RHI: GPU Timing Frequency: 1000.000000 (Debug: 2 2)
[2020.05.06-02.29.41:991][  0]LogTargetPlatformManager: Display: Loaded TargetPlatform 'AllDesktop'
[2020.05.06-02.29.42:027][  0]LogTargetPlatformManager: Display: Loaded TargetPlatform 'Android'
[2020.05.06-02.29.42:027][  0]LogTargetPlatformManager: Display: Loaded TargetPlatform 'Android_ASTC'
[2020.05.06-02.29.42:027][  0]LogTargetPlatformManager: Display: Loaded TargetPlatform 'Android_ATC'
[2020.05.06-02.29.42:027][  0]LogTargetPlatformManager: Display: Loaded TargetPlatform 'Android_DXT'
[2020.05.06-02.29.42:027][  0]LogTargetPlatformManager: Display: Loaded TargetPlatform 'Android_ETC1'
[2020.05.06-02.29.42:027][  0]LogTargetPlatformManager: Display: Loaded TargetPlatform 'Android_ETC1a'
[2020.05.06-02.29.42:027][  0]LogTargetPlatformManager: Display: Loaded TargetPlatform 'Android_ETC2'
[2020.05.06-02.29.42:027][  0]LogTargetPlatformManager: Display: Loaded TargetPlatform 'Android_PVRTC'
[2020.05.06-02.29.42:027][  0]LogTargetPlatformManager: Display: Loaded TargetPlatform 'AndroidClient'
[2020.05.06-02.29.42:027][  0]LogTargetPlatformManager: Display: Loaded TargetPlatform 'Android_ASTCClient'
[2020.05.06-02.29.42:027][  0]LogTargetPlatformManager: Display: Loaded TargetPlatform 'Android_ATCClient'
[2020.05.06-02.29.42:027][  0]LogTargetPlatformManager: Display: Loaded TargetPlatform 'Android_DXTClient'
[2020.05.06-02.29.42:027][  0]LogTargetPlatformManager: Display: Loaded TargetPlatform 'Android_ETC1Client'
[2020.05.06-02.29.42:027][  0]LogTargetPlatformManager: Display: Loaded TargetPlatform 'Android_ETC1aClient'
[2020.05.06-02.29.42:027][  0]LogTargetPlatformManager: Display: Loaded TargetPlatform 'Android_ETC2Client'
[2020.05.06-02.29.42:027][  0]LogTargetPlatformManager: Display: Loaded TargetPlatform 'Android_PVRTCClient'
[2020.05.06-02.29.42:027][  0]LogTargetPlatformManager: Display: Loaded TargetPlatform 'Android_Multi'
[2020.05.06-02.29.42:027][  0]LogTargetPlatformManager: Display: Loaded TargetPlatform 'Android_MultiClient'
[2020.05.06-02.29.42:056][  0]LogTargetPlatformManager: Display: Loaded TargetPlatform 'IOSClient'
[2020.05.06-02.29.42:056][  0]LogTargetPlatformManager: Display: Loaded TargetPlatform 'IOS'
[2020.05.06-02.29.42:063][  0]LogTargetPlatformManager: Display: Loaded TargetPlatform 'LinuxNoEditor'
[2020.05.06-02.29.42:071][  0]LogTargetPlatformManager: Display: Loaded TargetPlatform 'LinuxClient'
[2020.05.06-02.29.42:078][  0]LogTargetPlatformManager: Display: Loaded TargetPlatform 'LinuxServer'
[2020.05.06-02.29.42:087][  0]LogTargetPlatformManager: Display: Loaded TargetPlatform 'LinuxAArch64NoEditor'
[2020.05.06-02.29.42:094][  0]LogTargetPlatformManager: Display: Loaded TargetPlatform 'LinuxAArch64Client'
[2020.05.06-02.29.42:102][  0]LogTargetPlatformManager: Display: Loaded TargetPlatform 'LinuxAArch64Server'
[2020.05.06-02.29.42:128][  0]LogTargetPlatformManager: Display: Loaded TargetPlatform 'Lumin'
[2020.05.06-02.29.42:128][  0]LogTargetPlatformManager: Display: Loaded TargetPlatform 'LuminClient'
[2020.05.06-02.29.42:141][  0]LogTargetPlatformManager: Display: Loaded TargetPlatform 'TVOSClient'
[2020.05.06-02.29.42:141][  0]LogTargetPlatformManager: Display: Loaded TargetPlatform 'TVOS'
[2020.05.06-02.29.42:149][  0]LogTargetPlatformManager: Display: Loaded TargetPlatform 'WindowsNoEditor'
[2020.05.06-02.29.42:158][  0]LogTargetPlatformManager: Display: Loaded TargetPlatform 'Windows'
[2020.05.06-02.29.42:165][  0]LogTargetPlatformManager: Display: Loaded TargetPlatform 'WindowsClient'
[2020.05.06-02.29.42:173][  0]LogTargetPlatformManager: Display: Loaded TargetPlatform 'WindowsServer'
[2020.05.06-02.29.42:173][  0]LogTargetPlatformManager: Display: Building Assets For Windows
[2020.05.06-02.29.42:210][  0]LogAudioDebug: Display: Lib vorbis DLL was dynamically loaded.
[2020.05.06-02.29.42:309][  0]LogShaderCompilers: Guid format shader working directory is -39 characters bigger than the processId version (../../../../../../Users/Surya/Desktop/Surya/Unreal/590-Final-Project/590FinalProject/Intermediate/Shaders/WorkingDirectory/13152/).
[2020.05.06-02.29.42:309][  0]LogShaderCompilers: Cleaned the shader compiler working directory 'C:/Users/Surya/AppData/Local/Temp/UnrealShaderWorkingDir/910FFF074937096FA347339E8F0AA249/'.
[2020.05.06-02.29.42:311][  0]LogXGEController: Cleaning working directory: C:/Users/Surya/AppData/Local/Temp/UnrealXGEWorkingDir/
[2020.05.06-02.29.42:311][  0]LogXGEController: Cannot use XGE Controller as Incredibuild is not installed on this machine.
[2020.05.06-02.29.42:311][  0]LogShaderCompilers: Cannot use XGE Shader Compiler as Incredibuild is not installed on this machine.
[2020.05.06-02.29.42:311][  0]LogShaderCompilers: Display: Using Local Shader Compiler.
[2020.05.06-02.29.44:641][  0]LogDerivedDataCache: Display: Max Cache Size: 512 MB
[2020.05.06-02.29.44:823][  0]LogDerivedDataCache: Loaded boot cache 0.18s 78MB C:/Users/Surya/AppData/Local/UnrealEngine/4.24/DerivedDataCache/Boot.ddc.
[2020.05.06-02.29.44:823][  0]LogDerivedDataCache: Display: Loaded Boot cache: C:/Users/Surya/AppData/Local/UnrealEngine/4.24/DerivedDataCache/Boot.ddc
[2020.05.06-02.29.44:823][  0]LogDerivedDataCache: FDerivedDataBackendGraph:  Pak pak cache file ../../../../../../Users/Surya/Desktop/Surya/Unreal/590-Final-Project/590FinalProject/DerivedDataCache/DDC.ddp not found, will not use a pak cache.
[2020.05.06-02.29.44:823][  0]LogDerivedDataCache: Unable to find inner node Pak for hierarchical cache Hierarchy.
[2020.05.06-02.29.44:823][  0]LogDerivedDataCache: FDerivedDataBackendGraph:  CompressedPak pak cache file ../../../../../../Users/Surya/Desktop/Surya/Unreal/590-Final-Project/590FinalProject/DerivedDataCache/Compressed.ddp not found, will not use a pak cache.
[2020.05.06-02.29.44:823][  0]LogDerivedDataCache: Unable to find inner node CompressedPak for hierarchical cache Hierarchy.
[2020.05.06-02.29.44:842][  0]LogDerivedDataCache: Display: Pak cache opened for reading ../../../Engine/DerivedDataCache/Compressed.ddp.
[2020.05.06-02.29.44:842][  0]LogDerivedDataCache: FDerivedDataBackendGraph:  EnterprisePak pak cache file ../../../Enterprise/DerivedDataCache/Compressed.ddp not found, will not use a pak cache.
[2020.05.06-02.29.44:842][  0]LogDerivedDataCache: Unable to find inner node EnterprisePak for hierarchical cache Hierarchy.
[2020.05.06-02.29.44:843][  0]LogDerivedDataCache: Using Local data cache path C:/Users/Surya/AppData/Local/UnrealEngine/Common/DerivedDataCache: Writable
[2020.05.06-02.29.44:843][  0]LogDerivedDataCache: Shared data cache path not found in *engine.ini, will not use an Shared cache.
[2020.05.06-02.29.44:843][  0]LogDerivedDataCache: Unable to find inner node Shared for hierarchical cache Hierarchy.
[2020.05.06-02.29.44:869][  0]LogMaterial: Verifying Global Shaders for PCD3D_SM5
[2020.05.06-02.29.44:879][  0]LogSlate: Using FreeType 2.10.0
[2020.05.06-02.29.44:896][  0]LogSlate: SlateFontServices - WITH_FREETYPE: 1, WITH_HARFBUZZ: 1
[2020.05.06-02.29.45:088][  0]LogAssetRegistry: FAssetRegistry took 0.0048 seconds to start up
[2020.05.06-02.29.45:630][  0]LogInit: Selected Device Profile: [Windows]
[2020.05.06-02.29.45:934][  0]LogMeshReduction: Using QuadricMeshReduction for automatic static mesh reduction
[2020.05.06-02.29.45:934][  0]LogMeshReduction: Using SimplygonMeshReduction for automatic skeletal mesh reduction
[2020.05.06-02.29.45:934][  0]LogMeshReduction: Using ProxyLODMeshReduction for automatic mesh merging
[2020.05.06-02.29.45:934][  0]LogMeshReduction: No distributed automatic mesh merging module available
[2020.05.06-02.29.45:934][  0]LogMeshMerging: No distributed automatic mesh merging module available
[2020.05.06-02.29.45:986][  0]LogNetVersion: RDW 1.0.0, NetCL: 10570792, EngineNetVer: 13, GameNetVer: 0 (Checksum: 778530166)
[2020.05.06-02.29.49:075][  0]LogPackageLocalizationCache: Processed 12 localized package path(s) for 1 prioritized culture(s) in 0.049021 seconds
[2020.05.06-02.29.49:083][  0]LogUObjectArray: 46831 objects as part of root set at end of initial load.
[2020.05.06-02.29.49:083][  0]LogUObjectAllocator: 8162360 out of 0 bytes used by permanent object pool.
[2020.05.06-02.29.49:083][  0]LogUObjectArray: CloseDisregardForGC: 0/0 objects in disregard for GC pool
[2020.05.06-02.29.49:968][  0]LogTcpMessaging: Initializing TcpMessaging bridge
[2020.05.06-02.29.49:975][  0]LogUdpMessaging: Initializing bridge on interface 0.0.0.0:0 to multicast group 230.0.0.1:6666.
[2020.05.06-02.29.50:031][  0]LogSteamAudio: FSteamAudioModule Startup
[2020.05.06-02.29.50:031][  0]LogSteamAudio: Display: Attempting to load ../../../Engine/Binaries/ThirdParty/Phonon/Win64/tanrt64.dll
[2020.05.06-02.29.50:087][  0]LogSteamAudio: Display: Loaded ../../../Engine/Binaries/ThirdParty/Phonon/Win64/tanrt64.dll.
[2020.05.06-02.29.50:087][  0]LogSteamAudio: Display: Attempting to load ../../../Engine/Binaries/ThirdParty/Phonon/Win64/GPUUtilities.dll
[2020.05.06-02.29.50:099][  0]LogSteamAudio: Display: Loaded ../../../Engine/Binaries/ThirdParty/Phonon/Win64/GPUUtilities.dll.
[2020.05.06-02.29.50:099][  0]LogSteamAudio: Display: Attempting to load ../../../Engine/Binaries/ThirdParty/Phonon/Win64/RadeonRays.dll
[2020.05.06-02.29.50:099][  0]LogSteamAudio: Display: File does not exist. ../../../Engine/Binaries/ThirdParty/Phonon/Win64/RadeonRays.dll
[2020.05.06-02.29.50:099][  0]LogSteamAudio: Display: Unable to load ../../../Engine/Binaries/ThirdParty/Phonon/Win64/RadeonRays.dll.
[2020.05.06-02.29.50:099][  0]LogSteamAudio: Display: Attempting to load ../../../Engine/Binaries/ThirdParty/Phonon/Win64/embree.dll
[2020.05.06-02.29.50:099][  0]LogSteamAudio: Display: File does not exist. ../../../Engine/Binaries/ThirdParty/Phonon/Win64/embree.dll
[2020.05.06-02.29.50:099][  0]LogSteamAudio: Display: Unable to load ../../../Engine/Binaries/ThirdParty/Phonon/Win64/embree.dll.
[2020.05.06-02.29.50:099][  0]LogSteamAudio: Display: Attempting to load ../../../Engine/Binaries/ThirdParty/Phonon/Win64/tbb.dll
[2020.05.06-02.29.50:099][  0]LogSteamAudio: Display: File does not exist. ../../../Engine/Binaries/ThirdParty/Phonon/Win64/tbb.dll
[2020.05.06-02.29.50:099][  0]LogSteamAudio: Display: Unable to load ../../../Engine/Binaries/ThirdParty/Phonon/Win64/tbb.dll.
[2020.05.06-02.29.50:099][  0]LogSteamAudio: Display: Attempting to load ../../../Engine/Binaries/ThirdParty/Phonon/Win64/tbbmalloc.dll
[2020.05.06-02.29.50:100][  0]LogSteamAudio: Display: File does not exist. ../../../Engine/Binaries/ThirdParty/Phonon/Win64/tbbmalloc.dll
[2020.05.06-02.29.50:100][  0]LogSteamAudio: Display: Unable to load ../../../Engine/Binaries/ThirdParty/Phonon/Win64/tbbmalloc.dll.
[2020.05.06-02.29.50:100][  0]LogSteamAudio: Display: Attempting to load ../../../Engine/Binaries/ThirdParty/Phonon/Win64/phonon.dll
[2020.05.06-02.29.50:109][  0]LogSteamAudio: Display: Loaded ../../../Engine/Binaries/ThirdParty/Phonon/Win64/phonon.dll.
[2020.05.06-02.29.50:211][  0]SourceControl: Source control is disabled
[2020.05.06-02.29.50:729][  0]LogAndroidPermission: UAndroidPermissionCallbackProxy::GetInstance
[2020.05.06-02.29.50:749][  0]LogAudioCaptureCore: Display: No Audio Capture implementations found. Audio input will be silent.
[2020.05.06-02.29.50:750][  0]LogAudioCaptureCore: Display: No Audio Capture implementations found. Audio input will be silent.
[2020.05.06-02.29.50:911][  0]LogOcInput: OculusInput pre-init called
[2020.05.06-02.29.50:924][  0]LogWindows: Failed to load 'OVRPlugin.dll' (GetLastError=126)
[2020.05.06-02.29.50:924][  0]LogWindows: File 'OVRPlugin.dll' does not exist
[2020.05.06-02.29.51:073][  0]LogEngine: Initializing Engine...
[2020.05.06-02.29.51:074][  0]LogHMD: Failed to initialize OpenVR with code 110
[2020.05.06-02.29.51:078][  0]LogStats: UGameplayTagsManager::InitializeManager -  0.002 s
[2020.05.06-02.29.51:559][  0]LogInit: Initializing FReadOnlyCVARCache
[2020.05.06-02.29.51:595][  0]LogAIModule: Creating AISystem for world Untitled
[2020.05.06-02.29.51:605][  0]LogAudioMixer: Display: Audio Mixer Platform Settings:
[2020.05.06-02.29.51:605][  0]LogAudioMixer: Display: 	Sample Rate:						  48000
[2020.05.06-02.29.51:605][  0]LogAudioMixer: Display: 	Callback Buffer Frame Size Requested: 1024
[2020.05.06-02.29.51:605][  0]LogAudioMixer: Display: 	Callback Buffer Frame Size To Use:	  1024
[2020.05.06-02.29.51:605][  0]LogAudioMixer: Display: 	Number of buffers to queue:			  2
[2020.05.06-02.29.51:605][  0]LogAudioMixer: Display: 	Max Channels (voices):				  32
[2020.05.06-02.29.51:605][  0]LogAudioMixer: Display: 	Number of Async Source Workers:		  0
[2020.05.06-02.29.51:605][  0]LogAudio: Display: AudioDevice MaxSources: 32
[2020.05.06-02.29.51:606][  0]LogAudio: Display: Using built-in audio occlusion.
[2020.05.06-02.29.51:607][  0]LogAudioMixer: Display: Initializing audio mixer.
[2020.05.06-02.29.51:631][  0]LogAudioMixer: Display: Audio Device Output Speaker Info:
[2020.05.06-02.29.51:632][  0]LogAudioMixer: Display: Name: Headphones (CORSAIR HS60 SURROUND Gaming Dongle)
[2020.05.06-02.29.51:632][  0]LogAudioMixer: Display: Is Default: Yes
[2020.05.06-02.29.51:632][  0]LogAudioMixer: Display: Sample Rate: 48000
[2020.05.06-02.29.51:632][  0]LogAudioMixer: Display: Channel Count Used: 8
[2020.05.06-02.29.51:632][  0]LogAudioMixer: Display: Device Channel Count: 8
[2020.05.06-02.29.51:632][  0]LogAudioMixer: Display: Channel Order:
[2020.05.06-02.29.51:632][  0]LogAudioMixer: Display: 0: FrontLeft
[2020.05.06-02.29.51:632][  0]LogAudioMixer: Display: 1: FrontRight
[2020.05.06-02.29.51:632][  0]LogAudioMixer: Display: 2: FrontCenter
[2020.05.06-02.29.51:632][  0]LogAudioMixer: Display: 3: LowFrequency
[2020.05.06-02.29.51:632][  0]LogAudioMixer: Display: 4: BackLeft
[2020.05.06-02.29.51:632][  0]LogAudioMixer: Display: 5: BackRight
[2020.05.06-02.29.51:632][  0]LogAudioMixer: Display: 6: SideLeft
[2020.05.06-02.29.51:632][  0]LogAudioMixer: Display: 7: SideRight
[2020.05.06-02.29.51:730][  0]LogAudioMixer: Display: Using Audio Device Headphones (CORSAIR HS60 SURROUND Gaming Dongle)
[2020.05.06-02.29.51:734][  0]LogInit: FAudioDevice initialized.
[2020.05.06-02.29.51:734][  0]LogNetVersion: Set ProjectVersion to 1.0.0.0. Version Checksum will be recalculated on next use.
[2020.05.06-02.29.51:800][  0]LogDerivedDataCache: Saved boot cache 0.07s 78MB C:/Users/Surya/AppData/Local/UnrealEngine/4.24/DerivedDataCache/Boot.ddc.
[2020.05.06-02.29.51:805][  0]LogInit: Texture streaming: Enabled
[2020.05.06-02.29.51:821][  0]LogEngineSessionManager: EngineSessionManager initialized
[2020.05.06-02.29.51:821][  0]LogEditorSessionSummary: Verbose: Initializing EditorSessionSummaryWriter for editor session tracking
[2020.05.06-02.29.51:822][  0]LogEditorSessionSummary: EditorSessionSummaryWriter initialized
[2020.05.06-02.29.51:978][  0]LogInit: Transaction tracking system initialized
[2020.05.06-02.29.52:018][  0]BlueprintLog: New page: Editor Load
[2020.05.06-02.29.52:133][  0]LocalizationService: Localization service is disabled
[2020.05.06-02.29.52:870][  0]LogFileCache: Scanning file cache for directory 'C:/Users/Surya/Desktop/Surya/Unreal/590-Final-Project/590FinalProject/Content/' took 0.00s
[2020.05.06-02.29.52:870][  0]LogCook: Display: Max memory allowance for cook 16384mb min free memory 0mb
[2020.05.06-02.29.52:870][  0]LogCook: Display: Mobile HDR setting 1
[2020.05.06-02.29.53:728][  0]Cmd: MAP LOAD FILE="../../../../../../Users/Surya/Desktop/Surya/Unreal/590-Final-Project/590FinalProject/Content/Steam/MainMenuLevel.umap" TEMPLATE=0 SHOWPROGRESS=1 FEATURELEVEL=3
[2020.05.06-02.29.53:729][  0]LightingResults: New page: Lighting Build
[2020.05.06-02.29.53:734][  0]LogWorld: UWorld::CleanupWorld for Untitled, bSessionEnded=true, bCleanupResources=true
[2020.05.06-02.29.53:735][  0]LogSlate: InvalidateAllWidgets triggered.  All widgets were invalidated
[2020.05.06-02.29.53:735][  0]MapCheck: New page: Map Check
[2020.05.06-02.29.53:735][  0]LightingResults: New page: Lighting Build
[2020.05.06-02.29.53:770][  0]LogUObjectHash: Compacting FUObjectHashTables data took   1.71ms
[2020.05.06-02.29.53:775][  0]LogAIModule: Creating AISystem for world MainMenuLevel
[2020.05.06-02.29.53:780][  0]LogEditorServer: Finished looking for orphan Actors (0.000 secs)
[2020.05.06-02.29.53:810][  0]LogUObjectHash: Compacting FUObjectHashTables data took   0.63ms
[2020.05.06-02.29.53:810][  0]Cmd: MAP CHECKDEP NOCLEARLOG
[2020.05.06-02.29.53:810][  0]MapCheck: Map check complete: 0 Error(s), 0 Warning(s), took 0.346ms to complete.
[2020.05.06-02.29.53:810][  0]LogFileHelpers: Loading map 'MainMenuLevel' took 0.084
[2020.05.06-02.29.53:994][  0]LogSlate: Updating window title bar state: overlay mode, drag disabled, window buttons hidden, title bar hidden
[2020.05.06-02.29.54:001][  0]LogSlate: Updating window title bar state: overlay mode, drag disabled, window buttons hidden, title bar hidden
[2020.05.06-02.29.54:006][  0]LogSlate: Updating window title bar state: overlay mode, drag disabled, window buttons hidden, title bar hidden
[2020.05.06-02.29.54:012][  0]LogSlate: Updating window title bar state: overlay mode, drag disabled, window buttons hidden, title bar hidden
[2020.05.06-02.29.54:032][  0]LogCollectionManager: Loaded 0 collections in 0.001588 seconds
[2020.05.06-02.29.54:072][  0]LogFileCache: Scanning file cache for directory 'C:/Users/Surya/Desktop/Surya/Unreal/590-Final-Project/590FinalProject/Saved/Collections/' took 0.00s
[2020.05.06-02.29.54:072][  0]LogFileCache: Scanning file cache for directory 'C:/Users/Surya/Desktop/Surya/Unreal/590-Final-Project/590FinalProject/Content/Developers/Surya/Collections/' took 0.00s
[2020.05.06-02.29.54:072][  0]LogFileCache: Scanning file cache for directory 'C:/Users/Surya/Desktop/Surya/Unreal/590-Final-Project/590FinalProject/Content/Collections/' took 0.00s
[2020.05.06-02.29.54:072][  0]LogContentBrowser: Native class hierarchy populated in 0.0085 seconds. Added 3071 classes and 745 folders.
[2020.05.06-02.29.54:082][  0]LogContentBrowser: Native class hierarchy updated for 'WidgetCarousel' in 0.0003 seconds. Added 0 classes and 0 folders.
[2020.05.06-02.29.54:511][  0]LogContentBrowser: Native class hierarchy updated for 'AddContentDialog' in 0.0003 seconds. Added 0 classes and 0 folders.
[2020.05.06-02.29.54:527][  0]LogContentBrowser: Native class hierarchy updated for 'SceneOutliner' in 0.0003 seconds. Added 2 classes and 3 folders.
[2020.05.06-02.29.55:696][  0]LogSlate: Took 0.005946 seconds to synchronously load lazily loaded font '../../../Engine/Content/Slate/Fonts/Roboto-Regular.ttf' (155K)
[2020.05.06-02.29.55:704][  0]LogSlate: Took 0.005848 seconds to synchronously load lazily loaded font '../../../Engine/Content/Slate/Fonts/Roboto-Bold.ttf' (160K)
[2020.05.06-02.29.55:714][  0]LogSlate: Took 0.005500 seconds to synchronously load lazily loaded font '../../../Engine/Content/Editor/Slate/Fonts/FontAwesome.ttf' (139K)
[2020.05.06-02.29.55:848][  0]LogRenderer: Reallocating scene render targets to support 1180x572 Format 10 NumSamples 1 (Frame:1).
[2020.05.06-02.29.55:957][  0]LogContentBrowser: Native class hierarchy updated for 'HierarchicalLODOutliner' in 0.0003 seconds. Added 0 classes and 0 folders.
[2020.05.06-02.29.55:957][  0]LogLoad: (Engine Initialization) Total time: 26.01 seconds
[2020.05.06-02.29.55:957][  0]LogLoad: (Engine Initialization) Total Blueprint compile time: 0.00 seconds
[2020.05.06-02.29.56:029][  0]LogContentStreaming: Texture pool size now 1000 MB
[2020.05.06-02.29.56:732][ 13]LogAssetRegistry: Asset discovery search completed in 11.6440 seconds
[2020.05.06-02.29.56:734][ 13]LogCollectionManager: Fixed up redirectors for 0 collections in 0.000006 seconds (updated 0 objects)
[2020.05.06-02.29.57:378][ 15]LogSlate: Took 0.006946 seconds to synchronously load lazily loaded font '../../../Engine/Content/Slate/Fonts/Roboto-Light.ttf' (167K)
[2020.05.06-02.29.59:753][166]LogLinker: Warning: While loading '../../../../../../Users/Surya/Desktop/Surya/Unreal/590-Final-Project/590FinalProject/Content/Maps/a7/GoldCoin.uasset' failed to load '/Game/MobileStarterContent/Materials/M_Metal_Gold': Can't find file.
[2020.05.06-02.29.59:753][166]LogLinker: Warning: While loading '../../../../../../Users/Surya/Desktop/Surya/Unreal/590-Final-Project/590FinalProject/Content/Maps/a7/GoldCoin.uasset' failed to load '/Game/MobileStarterContent/Materials/M_Metal_Gold': Can't find file.
[2020.05.06-02.29.59:753][166]LogLinker: Warning: While loading '../../../../../../Users/Surya/Desktop/Surya/Unreal/590-Final-Project/590FinalProject/Content/Maps/a7/GoldCoin.uasset' failed to load '/Game/MobileStarterContent/Materials/M_Metal_Gold': Can't find file.
[2020.05.06-02.29.59:754][166]LogLinker: Warning: While loading '../../../../../../Users/Surya/Desktop/Surya/Unreal/590-Final-Project/590FinalProject/Content/Maps/a7/GoldCoin.uasset' failed to load '/Game/MobileStarterContent/Materials/M_Metal_Gold': Can't find file.
[2020.05.06-02.29.59:754][166]LogLinker: Warning: While loading '../../../../../../Users/Surya/Desktop/Surya/Unreal/590-Final-Project/590FinalProject/Content/Maps/a7/VRPawn.uasset' failed to load '/Game/MobileStarterContent/Materials/M_Metal_Gold': Can't find file.
[2020.05.06-02.29.59:754][166]LogLinker: Warning: While loading '../../../../../../Users/Surya/Desktop/Surya/Unreal/590-Final-Project/590FinalProject/Content/Maps/a7/VRPawn.uasset' failed to load '/Game/MobileStarterContent/Materials/M_Metal_Gold': Can't find file.
[2020.05.06-02.29.59:754][166]LogLinker: Warning: While loading '../../../../../../Users/Surya/Desktop/Surya/Unreal/590-Final-Project/590FinalProject/Content/Maps/a7/VRPawn.uasset' failed to load '/Game/MobileStarterContent/Materials/M_Metal_Gold': Can't find file.
[2020.05.06-02.29.59:754][166]LogLinker: Warning: While loading '../../../../../../Users/Surya/Desktop/Surya/Unreal/590-Final-Project/590FinalProject/Content/Maps/a7/VRPawn.uasset' failed to load '/Game/MobileStarterContent/Materials/M_Metal_Gold': Can't find file.
[2020.05.06-02.29.59:754][166]LogLinker: Warning: While loading '../../../../../../Users/Surya/Desktop/Surya/Unreal/590-Final-Project/590FinalProject/Content/Maps/a7/VRPawn.uasset' failed to load '/Game/MobileStarterContent/Materials/M_Metal_Gold': Can't find file.
[2020.05.06-02.29.59:754][166]LoadErrors: Failed to load /Game/MobileStarterContent/Materials/M_Metal_Gold.M_Metal_Gold Referenced by Default__GoldCoin_C
[2020.05.06-02.29.59:754][166]LogLinker: Warning: While loading '../../../../../../Users/Surya/Desktop/Surya/Unreal/590-Final-Project/590FinalProject/Content/Maps/a7/VRPawn.uasset' failed to load '/Game/MobileStarterContent/Materials/M_Metal_Gold': Can't find file.
[2020.05.06-02.29.59:791][166]LogLinker: Warning: While loading '../../../../../../Users/Surya/Desktop/Surya/Unreal/590-Final-Project/590FinalProject/Content/Maps/a7/RockCoin.uasset' failed to load '/Game/MobileStarterContent/Props/Materials/M_Rock': Can't find file.
[2020.05.06-02.29.59:791][166]LogLinker: Warning: While loading '../../../../../../Users/Surya/Desktop/Surya/Unreal/590-Final-Project/590FinalProject/Content/Maps/a7/RockCoin.uasset' failed to load '/Game/MobileStarterContent/Props/Materials/M_Rock': Can't find file.
[2020.05.06-02.29.59:791][166]LogLinker: Warning: While loading '../../../../../../Users/Surya/Desktop/Surya/Unreal/590-Final-Project/590FinalProject/Content/Maps/a7/RockCoin.uasset' failed to load '/Game/MobileStarterContent/Props/Materials/M_Rock': Can't find file.
[2020.05.06-02.29.59:791][166]LogLinker: Warning: While loading '../../../../../../Users/Surya/Desktop/Surya/Unreal/590-Final-Project/590FinalProject/Content/Maps/a7/RockCoin.uasset' failed to load '/Game/MobileStarterContent/Props/Materials/M_Rock': Can't find file.
[2020.05.06-02.29.59:792][166]LogLinker: Warning: While loading '../../../../../../Users/Surya/Desktop/Surya/Unreal/590-Final-Project/590FinalProject/Content/Maps/a7/VRPawn.uasset' failed to load '/Game/MobileStarterContent/Props/Materials/M_Rock': Can't find file.
[2020.05.06-02.29.59:792][166]LogLinker: Warning: While loading '../../../../../../Users/Surya/Desktop/Surya/Unreal/590-Final-Project/590FinalProject/Content/Maps/a7/VRPawn.uasset' failed to load '/Game/MobileStarterContent/Props/Materials/M_Rock': Can't find file.
[2020.05.06-02.29.59:792][166]LogLinker: Warning: While loading '../../../../../../Users/Surya/Desktop/Surya/Unreal/590-Final-Project/590FinalProject/Content/Maps/a7/VRPawn.uasset' failed to load '/Game/MobileStarterContent/Props/Materials/M_Rock': Can't find file.
[2020.05.06-02.29.59:792][166]LogLinker: Warning: While loading '../../../../../../Users/Surya/Desktop/Surya/Unreal/590-Final-Project/590FinalProject/Content/Maps/a7/VRPawn.uasset' failed to load '/Game/MobileStarterContent/Props/Materials/M_Rock': Can't find file.
[2020.05.06-02.29.59:792][166]LogLinker: Warning: While loading '../../../../../../Users/Surya/Desktop/Surya/Unreal/590-Final-Project/590FinalProject/Content/Maps/a7/VRPawn.uasset' failed to load '/Game/MobileStarterContent/Props/Materials/M_Rock': Can't find file.
[2020.05.06-02.29.59:792][166]LoadErrors: Failed to load /Game/MobileStarterContent/Props/Materials/M_Rock.M_Rock Referenced by Default__RockCoin_C
[2020.05.06-02.29.59:792][166]LogLinker: Warning: While loading '../../../../../../Users/Surya/Desktop/Surya/Unreal/590-Final-Project/590FinalProject/Content/Maps/a7/VRPawn.uasset' failed to load '/Game/MobileStarterContent/Props/Materials/M_Rock': Can't find file.
[2020.05.06-02.30.00:527][166]LogAssetEditorSubsystem: Opening Asset editor for Blueprint /Game/Steam/GM_Steam.GM_Steam
[2020.05.06-02.30.00:692][166]LogContentBrowser: Native class hierarchy updated for 'BlueprintGraph' in 0.0005 seconds. Added 121 classes and 0 folders.
[2020.05.06-02.30.01:448][166]LogAssetEditorSubsystem: Opening Asset editor for Blueprint /Game/Blueprints/SteamGameInstance.SteamGameInstance
[2020.05.06-02.30.01:720][166]LogAssetEditorSubsystem: Opening Asset editor for WidgetBlueprint /Game/ThirdPersonBP/Blueprints/UserWidget.UserWidget
[2020.05.06-02.30.02:061][166]LogAssetEditorSubsystem: Opening Asset editor for Blueprint /Game/Maps/a7/VRPawn.VRPawn
[2020.05.06-02.30.02:394][166]LogAssetEditorSubsystem: Opening Asset editor for Blueprint /Game/ThirdPersonBP/Blueprints/Projectile.Projectile
[2020.05.06-02.30.02:969][166]LogSlate: Took 0.005040 seconds to synchronously load lazily loaded font '../../../Engine/Content/Slate/Fonts/Roboto-BoldCondensed.ttf' (158K)
[2020.05.06-02.30.03:408][167]LogSlate: Took 0.003943 seconds to synchronously load lazily loaded font '../../../Engine/Content/Slate/Fonts/Roboto-Italic.ttf' (157K)
[2020.05.06-02.30.07:723][571]LogSlate: Window 'Projectile' being destroyed
[2020.05.06-02.30.09:709][796]LogSavePackage: Moving '../../../../../../Users/Surya/Desktop/Surya/Unreal/590-Final-Project/590FinalProject/Saved/SteamGameInstance57FF0C8644E40B5F53AABBB149D51B3F.tmp' to '../../../../../../Users/Surya/Desktop/Surya/Unreal/590-Final-Project/590FinalProject/Content/Blueprints/SteamGameInstance.uasset'
[2020.05.06-02.30.09:721][796]AssetCheck: New page: Asset Save: SteamGameInstance
[2020.05.06-02.30.09:721][796]LogContentValidation: Display: Validating Blueprint /Game/Blueprints/SteamGameInstance.SteamGameInstance
[2020.05.06-02.30.21:297][144]LogSlate: Took 0.000104 seconds to synchronously load lazily loaded font '../../../Engine/Content/Slate/Fonts/Roboto-Light.ttf' (167K)
[2020.05.06-02.31.11:332][160]LogSlate: Took 0.004623 seconds to synchronously load lazily loaded font '../../../Engine/Content/Slate/Fonts/Roboto-BoldCondensedItalic.ttf' (160K)
[2020.05.06-02.31.13:907][445]LogSavePackage: Moving '../../../../../../Users/Surya/Desktop/Surya/Unreal/590-Final-Project/590FinalProject/Saved/ProjectileEEBCF2DE4D626763B5CC589E0519F9E1.tmp' to '../../../../../../Users/Surya/Desktop/Surya/Unreal/590-Final-Project/590FinalProject/Content/ThirdPersonBP/Blueprints/Projectile.uasset'
[2020.05.06-02.31.13:924][445]AssetCheck: New page: Asset Save: Projectile
[2020.05.06-02.31.13:924][445]LogContentValidation: Display: Validating Blueprint /Game/ThirdPersonBP/Blueprints/Projectile.Projectile
[2020.05.06-02.31.17:938][905]LogSavePackage: Moving '../../../../../../Users/Surya/Desktop/Surya/Unreal/590-Final-Project/590FinalProject/Saved/Projectile81B3213647B9A7574352F2AF445DCDB5.tmp' to '../../../../../../Users/Surya/Desktop/Surya/Unreal/590-Final-Project/590FinalProject/Content/ThirdPersonBP/Blueprints/Projectile.uasset'
[2020.05.06-02.31.17:950][905]AssetCheck: New page: Asset Save: Projectile
[2020.05.06-02.31.17:950][905]LogContentValidation: Display: Validating Blueprint /Game/ThirdPersonBP/Blueprints/Projectile.Projectile
[2020.05.06-02.32.05:416][517]LogSavePackage: Moving '../../../../../../Users/Surya/Desktop/Surya/Unreal/590-Final-Project/590FinalProject/Saved/Projectile1DBE8DE84F76DC0D1796F88CA72FD1C8.tmp' to '../../../../../../Users/Surya/Desktop/Surya/Unreal/590-Final-Project/590FinalProject/Content/ThirdPersonBP/Blueprints/Projectile.uasset'
[2020.05.06-02.32.05:427][517]AssetCheck: New page: Asset Save: Projectile
[2020.05.06-02.32.05:427][517]LogContentValidation: Display: Validating Blueprint /Game/ThirdPersonBP/Blueprints/Projectile.Projectile
[2020.05.06-02.32.06:366][624]BlueprintLog: New page: Compile Projectile
[2020.05.06-02.32.06:690][624]LogUObjectHash: Compacting FUObjectHashTables data took   4.72ms
[2020.05.06-02.32.07:143][659]LogSavePackage: Moving '../../../../../../Users/Surya/Desktop/Surya/Unreal/590-Final-Project/590FinalProject/Saved/ProjectileB836AD904AE807BA6F758291297685E1.tmp' to '../../../../../../Users/Surya/Desktop/Surya/Unreal/590-Final-Project/590FinalProject/Content/ThirdPersonBP/Blueprints/Projectile.uasset'
[2020.05.06-02.32.07:153][659]AssetCheck: New page: Asset Save: Projectile
[2020.05.06-02.32.07:153][659]LogContentValidation: Display: Validating Blueprint /Game/ThirdPersonBP/Blueprints/Projectile.Projectile
[2020.05.06-02.32.18:288][980]LogSavePackage: Moving '../../../../../../Users/Surya/Desktop/Surya/Unreal/590-Final-Project/590FinalProject/Saved/UserWidget5131B31E4A37D646B37289974E7CB98B.tmp' to '../../../../../../Users/Surya/Desktop/Surya/Unreal/590-Final-Project/590FinalProject/Content/ThirdPersonBP/Blueprints/UserWidget.uasset'
[2020.05.06-02.32.18:301][980]AssetCheck: New page: Asset Save: UserWidget
[2020.05.06-02.32.18:301][980]LogContentValidation: Display: Validating WidgetBlueprint /Game/ThirdPersonBP/Blueprints/UserWidget.UserWidget
[2020.05.06-02.32.31:545][559]BlueprintLog: New page: Compile UserWidget
[2020.05.06-02.32.31:632][559]LogUObjectHash: Compacting FUObjectHashTables data took   5.73ms
[2020.05.06-02.33.23:589][767]Cmd: DELETE
[2020.05.06-02.33.23:589][767]Cmd: ACTOR DELETE
[2020.05.06-02.33.23:631][767]LogUObjectHash: Compacting FUObjectHashTables data took   4.65ms
[2020.05.06-02.33.23:633][767]LogEditorActor: Deleted 0 Actors (0.039 secs)
[2020.05.06-02.33.24:095][823]Cmd: DELETE
[2020.05.06-02.33.24:095][823]Cmd: ACTOR DELETE
[2020.05.06-02.33.24:128][823]LogUObjectHash: Compacting FUObjectHashTables data took   0.96ms
[2020.05.06-02.33.24:128][823]LogEditorActor: Deleted 0 Actors (0.033 secs)
[2020.05.06-02.33.24:128][823]Cmd: DELETE
[2020.05.06-02.33.24:128][823]Cmd: ACTOR DELETE
[2020.05.06-02.33.24:163][823]LogUObjectHash: Compacting FUObjectHashTables data took   0.96ms
[2020.05.06-02.33.24:163][823]LogEditorActor: Deleted 0 Actors (0.035 secs)
[2020.05.06-02.33.24:163][823]Cmd: DELETE
[2020.05.06-02.33.24:163][823]Cmd: ACTOR DELETE
[2020.05.06-02.33.24:196][823]LogUObjectHash: Compacting FUObjectHashTables data took   0.95ms
[2020.05.06-02.33.24:197][823]LogEditorActor: Deleted 0 Actors (0.033 secs)
[2020.05.06-02.33.24:197][823]Cmd: DELETE
[2020.05.06-02.33.24:197][823]Cmd: ACTOR DELETE
[2020.05.06-02.33.24:231][823]LogUObjectHash: Compacting FUObjectHashTables data took   0.97ms
[2020.05.06-02.33.24:231][823]LogEditorActor: Deleted 0 Actors (0.034 secs)
[2020.05.06-02.33.24:231][823]Cmd: DELETE
[2020.05.06-02.33.24:231][823]Cmd: ACTOR DELETE
[2020.05.06-02.33.24:264][823]LogUObjectHash: Compacting FUObjectHashTables data took   0.97ms
[2020.05.06-02.33.24:264][823]LogEditorActor: Deleted 0 Actors (0.033 secs)
[2020.05.06-02.33.24:264][823]Cmd: DELETE
[2020.05.06-02.33.24:264][823]Cmd: ACTOR DELETE
[2020.05.06-02.33.24:298][823]LogUObjectHash: Compacting FUObjectHashTables data took   0.96ms
[2020.05.06-02.33.24:298][823]LogEditorActor: Deleted 0 Actors (0.034 secs)
[2020.05.06-02.33.24:298][823]Cmd: DELETE
[2020.05.06-02.33.24:298][823]Cmd: ACTOR DELETE
[2020.05.06-02.33.24:333][823]LogUObjectHash: Compacting FUObjectHashTables data took   0.96ms
[2020.05.06-02.33.24:333][823]LogEditorActor: Deleted 0 Actors (0.035 secs)
[2020.05.06-02.33.24:333][823]Cmd: DELETE
[2020.05.06-02.33.24:333][823]Cmd: ACTOR DELETE
[2020.05.06-02.33.24:366][823]LogUObjectHash: Compacting FUObjectHashTables data took   0.95ms
[2020.05.06-02.33.24:366][823]LogEditorActor: Deleted 0 Actors (0.033 secs)
[2020.05.06-02.33.24:366][823]Cmd: DELETE
[2020.05.06-02.33.24:366][823]Cmd: ACTOR DELETE
[2020.05.06-02.33.24:400][823]LogUObjectHash: Compacting FUObjectHashTables data took   0.95ms
[2020.05.06-02.33.24:400][823]LogEditorActor: Deleted 0 Actors (0.034 secs)
[2020.05.06-02.33.24:400][823]Cmd: DELETE
[2020.05.06-02.33.24:400][823]Cmd: ACTOR DELETE
[2020.05.06-02.33.24:434][823]LogUObjectHash: Compacting FUObjectHashTables data took   0.94ms
[2020.05.06-02.33.24:435][823]LogEditorActor: Deleted 0 Actors (0.034 secs)
[2020.05.06-02.33.24:435][823]Cmd: DELETE
[2020.05.06-02.33.24:435][823]Cmd: ACTOR DELETE
[2020.05.06-02.33.24:469][823]LogUObjectHash: Compacting FUObjectHashTables data took   0.95ms
[2020.05.06-02.33.24:469][823]LogEditorActor: Deleted 0 Actors (0.034 secs)
[2020.05.06-02.33.24:522][830]Cmd: DELETE
[2020.05.06-02.33.24:523][830]Cmd: ACTOR DELETE
[2020.05.06-02.33.24:556][830]LogUObjectHash: Compacting FUObjectHashTables data took   0.95ms
[2020.05.06-02.33.24:557][830]LogEditorActor: Deleted 0 Actors (0.034 secs)
[2020.05.06-02.33.24:669][844]Cmd: DELETE
[2020.05.06-02.33.24:669][844]Cmd: ACTOR DELETE
[2020.05.06-02.33.24:703][844]LogUObjectHash: Compacting FUObjectHashTables data took   0.95ms
[2020.05.06-02.33.24:704][844]LogEditorActor: Deleted 0 Actors (0.035 secs)
[2020.05.06-02.33.24:824][859]Cmd: DELETE
[2020.05.06-02.33.24:824][859]Cmd: ACTOR DELETE
[2020.05.06-02.33.24:858][859]LogUObjectHash: Compacting FUObjectHashTables data took   0.95ms
[2020.05.06-02.33.24:859][859]LogEditorActor: Deleted 0 Actors (0.034 secs)
[2020.05.06-02.33.26:927][ 92]LogUObjectHash: Compacting FUObjectHashTables data took   0.95ms
[2020.05.06-02.33.26:940][ 92]LogSavePackage: Moving '../../../../../../Users/Surya/Desktop/Surya/Unreal/590-Final-Project/590FinalProject/Saved/MainMenuLevel947F9A3F4BF6AF57871DE6A9245CC8E3.tmp' to '../../../../../../Users/Surya/Desktop/Surya/Unreal/590-Final-Project/590FinalProject/Content/Steam/MainMenuLevel.umap'
[2020.05.06-02.33.26:982][ 92]AssetCheck: New page: Asset Save: MainMenuLevel
[2020.05.06-02.33.26:982][ 92]LogContentValidation: Display: Validating World /Game/Steam/MainMenuLevel.MainMenuLevel
[2020.05.06-02.33.30:998][556]LogSavePackage: Moving '../../../../../../Users/Surya/Desktop/Surya/Unreal/590-Final-Project/590FinalProject/Saved/UserWidget03E6B8BA4E5F5383727F12B7CD53D376.tmp' to '../../../../../../Users/Surya/Desktop/Surya/Unreal/590-Final-Project/590FinalProject/Content/ThirdPersonBP/Blueprints/UserWidget.uasset'
[2020.05.06-02.33.31:009][556]AssetCheck: New page: Asset Save: UserWidget
[2020.05.06-02.33.31:009][556]LogContentValidation: Display: Validating WidgetBlueprint /Game/ThirdPersonBP/Blueprints/UserWidget.UserWidget
[2020.05.06-02.33.33:578][855]Cmd: OBJ SAVEPACKAGE PACKAGE="/Game/Steam/GM_Steam" FILE="../../../../../../Users/Surya/Desktop/Surya/Unreal/590-Final-Project/590FinalProject/Content/Steam/GM_Steam.uasset" SILENT=true
[2020.05.06-02.33.33:598][855]LogSavePackage: Moving '../../../../../../Users/Surya/Desktop/Surya/Unreal/590-Final-Project/590FinalProject/Saved/GM_SteamDC19EBAD4FA6EE128F1C22896817782C.tmp' to '../../../../../../Users/Surya/Desktop/Surya/Unreal/590-Final-Project/590FinalProject/Content/Steam/GM_Steam.uasset'
[2020.05.06-02.33.33:612][855]AssetCheck: New page: Asset Save: GM_Steam
[2020.05.06-02.33.33:612][855]LogContentValidation: Display: Validating Blueprint /Game/Steam/GM_Steam.GM_Steam
[2020.05.06-02.37.32:436][775]LogSavePackage: Moving '../../../../../../Users/Surya/Desktop/Surya/Unreal/590-Final-Project/590FinalProject/Saved/UserWidget6BF427D5452746A7B412098D7DBC86C3.tmp' to '../../../../../../Users/Surya/Desktop/Surya/Unreal/590-Final-Project/590FinalProject/Content/ThirdPersonBP/Blueprints/UserWidget.uasset'
[2020.05.06-02.37.32:447][775]AssetCheck: New page: Asset Save: UserWidget
[2020.05.06-02.37.32:447][775]LogContentValidation: Display: Validating WidgetBlueprint /Game/ThirdPersonBP/Blueprints/UserWidget.UserWidget
[2020.05.06-02.37.33:338][872]LogSavePackage: Moving '../../../../../../Users/Surya/Desktop/Surya/Unreal/590-Final-Project/590FinalProject/Saved/UserWidgetB06A705641A94827EBF795BF46BB8E7F.tmp' to '../../../../../../Users/Surya/Desktop/Surya/Unreal/590-Final-Project/590FinalProject/Content/ThirdPersonBP/Blueprints/UserWidget.uasset'
[2020.05.06-02.37.33:347][872]AssetCheck: New page: Asset Save: UserWidget
[2020.05.06-02.37.33:347][872]LogContentValidation: Display: Validating WidgetBlueprint /Game/ThirdPersonBP/Blueprints/UserWidget.UserWidget
[2020.05.06-02.37.33:761][912]LogSavePackage: Moving '../../../../../../Users/Surya/Desktop/Surya/Unreal/590-Final-Project/590FinalProject/Saved/UserWidgetDFCE62744FF7DE8FF774959246EA0F97.tmp' to '../../../../../../Users/Surya/Desktop/Surya/Unreal/590-Final-Project/590FinalProject/Content/ThirdPersonBP/Blueprints/UserWidget.uasset'
[2020.05.06-02.37.33:771][912]AssetCheck: New page: Asset Save: UserWidget
[2020.05.06-02.37.33:771][912]LogContentValidation: Display: Validating WidgetBlueprint /Game/ThirdPersonBP/Blueprints/UserWidget.UserWidget
[2020.05.06-02.37.34:093][941]LogSavePackage: Moving '../../../../../../Users/Surya/Desktop/Surya/Unreal/590-Final-Project/590FinalProject/Saved/UserWidget58B1E5FA4C0448A4B2F884BEFC69822B.tmp' to '../../../../../../Users/Surya/Desktop/Surya/Unreal/590-Final-Project/590FinalProject/Content/ThirdPersonBP/Blueprints/UserWidget.uasset'
[2020.05.06-02.37.34:103][941]AssetCheck: New page: Asset Save: UserWidget
[2020.05.06-02.37.34:103][941]LogContentValidation: Display: Validating WidgetBlueprint /Game/ThirdPersonBP/Blueprints/UserWidget.UserWidget
[2020.05.06-02.37.34:911][ 37]BlueprintLog: New page: Compile UserWidget
[2020.05.06-02.37.35:001][ 37]LogUObjectHash: Compacting FUObjectHashTables data took   4.20ms
[2020.05.06-02.37.35:456][ 77]LogSavePackage: Moving '../../../../../../Users/Surya/Desktop/Surya/Unreal/590-Final-Project/590FinalProject/Saved/UserWidgetD6AC3AD04F929E8FDBA98580BC50638F.tmp' to '../../../../../../Users/Surya/Desktop/Surya/Unreal/590-Final-Project/590FinalProject/Content/ThirdPersonBP/Blueprints/UserWidget.uasset'
[2020.05.06-02.37.35:466][ 77]AssetCheck: New page: Asset Save: UserWidget
[2020.05.06-02.37.35:466][ 77]LogContentValidation: Display: Validating WidgetBlueprint /Game/ThirdPersonBP/Blueprints/UserWidget.UserWidget
[2020.05.06-02.37.36:510][198]LogTemp: Repeating last play command: Standalone Game
[2020.05.06-02.37.36:568][198]LogUObjectHash: Compacting FUObjectHashTables data took   5.42ms
[2020.05.06-02.38.20:415][617]LogTemp: Repeating last play command: Standalone Game
[2020.05.06-02.38.20:468][617]LogUObjectHash: Compacting FUObjectHashTables data took   1.01ms
[2020.05.06-02.39.40:270][137]LogTemp: Repeating last play command: Standalone Game
[2020.05.06-02.39.40:322][137]LogUObjectHash: Compacting FUObjectHashTables data took   1.16ms
[2020.05.06-02.41.39:715][ 57]LogSavePackage: Moving '../../../../../../Users/Surya/Desktop/Surya/Unreal/590-Final-Project/590FinalProject/Saved/SteamGameInstanceE9FB17AE425836207BDFD29A46712478.tmp' to '../../../../../../Users/Surya/Desktop/Surya/Unreal/590-Final-Project/590FinalProject/Content/Blueprints/SteamGameInstance.uasset'
[2020.05.06-02.41.39:727][ 57]AssetCheck: New page: Asset Save: SteamGameInstance
[2020.05.06-02.41.39:727][ 57]LogContentValidation: Display: Validating Blueprint /Game/Blueprints/SteamGameInstance.SteamGameInstance
[2020.05.06-02.43.01:371][410]LogTemp: Repeating last play command: Standalone Game
[2020.05.06-02.43.01:424][410]LogUObjectHash: Compacting FUObjectHashTables data took   1.17ms
[2020.05.06-02.44.49:333][318]LogTemp: Repeating last play command: Standalone Game
[2020.05.06-02.44.49:384][318]LogUObjectHash: Compacting FUObjectHashTables data took   0.95ms
[2020.05.06-02.45.41:097][ 11]LogTemp: Repeating last play command: Standalone Game
[2020.05.06-02.45.41:148][ 11]LogUObjectHash: Compacting FUObjectHashTables data took   1.02ms
[2020.05.06-02.48.05:979][868]LogTemp: Repeating last play command: Standalone Game
[2020.05.06-02.48.06:027][868]LogUObjectHash: Compacting FUObjectHashTables data took   1.11ms
[2020.05.06-02.49.00:162][346]LogTemp: Repeating last play command: Standalone Game
[2020.05.06-02.49.00:212][346]LogUObjectHash: Compacting FUObjectHashTables data took   0.98ms
[2020.05.06-02.50.25:993][489]LogTemp: Repeating last play command: Standalone Game
[2020.05.06-02.50.26:044][489]LogUObjectHash: Compacting FUObjectHashTables data took   0.98ms
[2020.05.06-02.57.57:983][253]LogTemp: Repeating last play command: Standalone Game
[2020.05.06-02.57.58:034][253]LogUObjectHash: Compacting FUObjectHashTables data took   1.21ms
[2020.05.06-03.01.03:206][993]LogTemp: Repeating last play command: Standalone Game
[2020.05.06-03.01.03:258][993]LogUObjectHash: Compacting FUObjectHashTables data took   1.10ms
[2020.05.06-03.01.03:428][  9]LogTemp: Repeating last play command: Standalone Game
[2020.05.06-03.01.03:482][  9]LogUObjectHash: Compacting FUObjectHashTables data took   1.03ms
